<?xml version="1.0" encoding="UTF-8"?>
<coverage generated="1552407558263" clover="3.2.0">
  <project timestamp="1552407558264" name="All files">
    <metrics statements="550" coveredstatements="550" conditionals="385" coveredconditionals="385" methods="183" coveredmethods="183" elements="1118" coveredelements="1118" complexity="0" loc="550" ncloc="550" packages="41" files="41" classes="41">
      <package name="SprkAccordion">
        <metrics statements="10" coveredstatements="10" conditionals="2" coveredconditionals="2" methods="4" coveredmethods="4"/>
        <file name="SprkAccordion.js" path="/Users/rcopeland/Development/spark-design-system/src/react/projects/spark-react/src/SprkAccordion/SprkAccordion.js">
          <metrics statements="10" coveredstatements="10" conditionals="2" coveredconditionals="2" methods="4" coveredmethods="4"/>
          <line num="9" count="2" type="stmt"/>
          <line num="10" count="2" type="stmt"/>
          <line num="11" count="7" type="stmt"/>
          <line num="20" count="2" type="stmt"/>
          <line num="21" count="2" type="stmt"/>
          <line num="22" count="2" type="stmt"/>
          <line num="29" count="7" type="cond" truecount="2" falsecount="0"/>
          <line num="30" count="6" type="stmt"/>
          <line num="43" count="1" type="stmt"/>
          <line num="48" count="1" type="stmt"/>
        </file>
      </package>
      <package name="SprkAccordion.components.SprkAccordionItem">
        <metrics statements="16" coveredstatements="16" conditionals="10" coveredconditionals="10" methods="4" coveredmethods="4"/>
        <file name="SprkAccordionItem.js" path="/Users/rcopeland/Development/spark-design-system/src/react/projects/spark-react/src/SprkAccordion/components/SprkAccordionItem/SprkAccordionItem.js">
          <metrics statements="16" coveredstatements="16" conditionals="10" coveredconditionals="10" methods="4" coveredmethods="4"/>
          <line num="9" count="12" type="stmt"/>
          <line num="10" count="12" type="stmt"/>
          <line num="11" count="12" type="stmt"/>
          <line num="15" count="12" type="stmt"/>
          <line num="19" count="5" type="stmt"/>
          <line num="20" count="5" type="stmt"/>
          <line num="21" count="5" type="stmt"/>
          <line num="25" count="5" type="cond" truecount="2" falsecount="0"/>
          <line num="41" count="17" type="stmt"/>
          <line num="42" count="17" type="stmt"/>
          <line num="44" count="17" type="stmt"/>
          <line num="50" count="17" type="stmt"/>
          <line num="56" count="17" type="stmt"/>
          <line num="62" count="17" type="stmt"/>
          <line num="91" count="2" type="stmt"/>
          <line num="102" count="2" type="stmt"/>
        </file>
      </package>
      <package name="SprkAlert">
        <metrics statements="15" coveredstatements="15" conditionals="10" coveredconditionals="10" methods="2" coveredmethods="2"/>
        <file name="SprkAlert.js" path="/Users/rcopeland/Development/spark-design-system/src/react/projects/spark-react/src/SprkAlert/SprkAlert.js">
          <metrics statements="15" coveredstatements="15" conditionals="10" coveredconditionals="10" methods="2" coveredmethods="2"/>
          <line num="6" count="1" type="stmt"/>
          <line num="17" count="8" type="stmt"/>
          <line num="19" count="8" type="cond" truecount="2" falsecount="0"/>
          <line num="23" count="7" type="stmt"/>
          <line num="32" count="7" type="cond" truecount="4" falsecount="0"/>
          <line num="34" count="1" type="stmt"/>
          <line num="35" count="1" type="stmt"/>
          <line num="37" count="1" type="stmt"/>
          <line num="38" count="1" type="stmt"/>
          <line num="40" count="1" type="stmt"/>
          <line num="41" count="1" type="stmt"/>
          <line num="43" count="4" type="stmt"/>
          <line num="46" count="7" type="stmt"/>
          <line num="84" count="1" type="stmt"/>
          <line num="94" count="1" type="stmt"/>
        </file>
      </package>
      <package name="SprkAward">
        <metrics statements="9" coveredstatements="9" conditionals="6" coveredconditionals="6" methods="2" coveredmethods="2"/>
        <file name="SprkAward.js" path="/Users/rcopeland/Development/spark-design-system/src/react/projects/spark-react/src/SprkAward/SprkAward.js">
          <metrics statements="9" coveredstatements="9" conditionals="6" coveredconditionals="6" methods="2" coveredmethods="2"/>
          <line num="8" count="1" type="stmt"/>
          <line num="19" count="4" type="stmt"/>
          <line num="20" count="4" type="stmt"/>
          <line num="22" count="4" type="stmt"/>
          <line num="39" count="8" type="stmt"/>
          <line num="40" count="8" type="cond" truecount="2" falsecount="0"/>
          <line num="41" count="8" type="stmt"/>
          <line num="68" count="1" type="stmt"/>
          <line num="79" count="1" type="stmt"/>
        </file>
      </package>
      <package name="SprkButton">
        <metrics statements="5" coveredstatements="5" conditionals="5" coveredconditionals="5" methods="1" coveredmethods="1"/>
        <file name="SprkButton.js" path="/Users/rcopeland/Development/spark-design-system/src/react/projects/spark-react/src/SprkButton/SprkButton.js">
          <metrics statements="5" coveredstatements="5" conditionals="5" coveredconditionals="5" methods="1" coveredmethods="1"/>
          <line num="6" count="3" type="stmt"/>
          <line num="17" count="15" type="stmt"/>
          <line num="18" count="15" type="stmt"/>
          <line num="39" count="3" type="stmt"/>
          <line num="58" count="3" type="stmt"/>
        </file>
      </package>
      <package name="SprkDictionary">
        <metrics statements="8" coveredstatements="8" conditionals="0" coveredconditionals="0" methods="2" coveredmethods="2"/>
        <file name="SprkDictionary.js" path="/Users/rcopeland/Development/spark-design-system/src/react/projects/spark-react/src/SprkDictionary/SprkDictionary.js">
          <metrics statements="8" coveredstatements="8" conditionals="0" coveredconditionals="0" methods="2" coveredmethods="2"/>
          <line num="6" count="1" type="stmt"/>
          <line num="13" count="2" type="stmt"/>
          <line num="15" count="2" type="stmt"/>
          <line num="22" count="2" type="stmt"/>
          <line num="23" count="12" type="stmt"/>
          <line num="29" count="2" type="stmt"/>
          <line num="38" count="1" type="stmt"/>
          <line num="44" count="1" type="stmt"/>
        </file>
      </package>
      <package name="SprkDivider">
        <metrics statements="7" coveredstatements="7" conditionals="0" coveredconditionals="0" methods="1" coveredmethods="1"/>
        <file name="SprkDivider.js" path="/Users/rcopeland/Development/spark-design-system/src/react/projects/spark-react/src/SprkDivider/SprkDivider.js">
          <metrics statements="7" coveredstatements="7" conditionals="0" coveredconditionals="0" methods="1" coveredmethods="1"/>
          <line num="5" count="1" type="stmt"/>
          <line num="6" count="2" type="stmt"/>
          <line num="7" count="2" type="stmt"/>
          <line num="8" count="2" type="stmt"/>
          <line num="9" count="2" type="stmt"/>
          <line num="12" count="1" type="stmt"/>
          <line num="17" count="1" type="stmt"/>
        </file>
      </package>
      <package name="SprkDropdown">
        <metrics statements="45" coveredstatements="45" conditionals="38" coveredconditionals="38" methods="16" coveredmethods="16"/>
        <file name="SprkDropdown.js" path="/Users/rcopeland/Development/spark-design-system/src/react/projects/spark-react/src/SprkDropdown/SprkDropdown.js">
          <metrics statements="45" coveredstatements="45" conditionals="38" coveredconditionals="38" methods="16" coveredmethods="16"/>
          <line num="10" count="21" type="stmt"/>
          <line num="11" count="21" type="stmt"/>
          <line num="15" count="15" type="stmt"/>
          <line num="18" count="21" type="stmt"/>
          <line num="19" count="21" type="stmt"/>
          <line num="20" count="21" type="stmt"/>
          <line num="21" count="21" type="stmt"/>
          <line num="22" count="21" type="stmt"/>
          <line num="23" count="21" type="stmt"/>
          <line num="24" count="21" type="stmt"/>
          <line num="28" count="21" type="stmt"/>
          <line num="29" count="21" type="stmt"/>
          <line num="30" count="21" type="stmt"/>
          <line num="34" count="1" type="stmt"/>
          <line num="35" count="1" type="stmt"/>
          <line num="36" count="1" type="stmt"/>
          <line num="40" count="4" type="stmt"/>
          <line num="41" count="4" type="stmt"/>
          <line num="42" count="6" type="cond" truecount="2" falsecount="0"/>
          <line num="43" count="4" type="stmt"/>
          <line num="45" count="2" type="stmt"/>
          <line num="50" count="4" type="stmt"/>
          <line num="57" count="13" type="stmt"/>
          <line num="63" count="2" type="cond" truecount="2" falsecount="0"/>
          <line num="64" count="1" type="stmt"/>
          <line num="69" count="2" type="cond" truecount="2" falsecount="0"/>
          <line num="70" count="1" type="stmt"/>
          <line num="75" count="6" type="stmt"/>
          <line num="93" count="40" type="stmt"/>
          <line num="94" count="40" type="stmt"/>
          <line num="95" count="40" type="stmt"/>
          <line num="96" count="40" type="stmt"/>
          <line num="143" count="15" type="stmt"/>
          <line num="144" count="15" type="cond" truecount="2" falsecount="0"/>
          <line num="145" count="15" type="stmt"/>
          <line num="152" count="2" type="stmt"/>
          <line num="153" count="2" type="stmt"/>
          <line num="154" count="2" type="cond" truecount="2" falsecount="0"/>
          <line num="155" count="1" type="stmt"/>
          <line num="171" count="2" type="stmt"/>
          <line num="172" count="2" type="stmt"/>
          <line num="173" count="2" type="cond" truecount="2" falsecount="0"/>
          <line num="174" count="1" type="stmt"/>
          <line num="203" count="1" type="stmt"/>
          <line num="244" count="1" type="stmt"/>
        </file>
      </package>
      <package name="SprkFooter">
        <metrics statements="21" coveredstatements="21" conditionals="24" coveredconditionals="24" methods="10" coveredmethods="10"/>
        <file name="SprkFooter.js" path="/Users/rcopeland/Development/spark-design-system/src/react/projects/spark-react/src/SprkFooter/SprkFooter.js">
          <metrics statements="21" coveredstatements="21" conditionals="24" coveredconditionals="24" methods="10" coveredmethods="10"/>
          <line num="12" count="11" type="stmt"/>
          <line num="13" count="11" type="stmt"/>
          <line num="14" count="11" type="stmt"/>
          <line num="15" count="3" type="stmt"/>
          <line num="18" count="15" type="stmt"/>
          <line num="20" count="3" type="stmt"/>
          <line num="24" count="1" type="stmt"/>
          <line num="37" count="11" type="stmt"/>
          <line num="43" count="11" type="stmt"/>
          <line num="44" count="11" type="stmt"/>
          <line num="49" count="11" type="stmt"/>
          <line num="79" count="3" type="stmt"/>
          <line num="101" count="15" type="stmt"/>
          <line num="102" count="15" type="cond" truecount="2" falsecount="0"/>
          <line num="103" count="15" type="stmt"/>
          <line num="142" count="1" type="stmt"/>
          <line num="162" count="3" type="stmt"/>
          <line num="163" count="3" type="cond" truecount="2" falsecount="0"/>
          <line num="164" count="3" type="stmt"/>
          <line num="192" count="1" type="stmt"/>
          <line num="203" count="1" type="stmt"/>
        </file>
      </package>
      <package name="SprkFooter.components.SprkFooterAwards">
        <metrics statements="10" coveredstatements="10" conditionals="6" coveredconditionals="6" methods="4" coveredmethods="4"/>
        <file name="SprkFooterAwards.js" path="/Users/rcopeland/Development/spark-design-system/src/react/projects/spark-react/src/SprkFooter/components/SprkFooterAwards/SprkFooterAwards.js">
          <metrics statements="10" coveredstatements="10" conditionals="6" coveredconditionals="6" methods="4" coveredmethods="4"/>
          <line num="8" count="5" type="stmt"/>
          <line num="9" count="5" type="stmt"/>
          <line num="10" count="10" type="stmt"/>
          <line num="15" count="5" type="stmt"/>
          <line num="16" count="5" type="stmt"/>
          <line num="17" count="5" type="stmt"/>
          <line num="31" count="10" type="stmt"/>
          <line num="32" count="10" type="cond" truecount="2" falsecount="0"/>
          <line num="33" count="10" type="stmt"/>
          <line num="61" count="2" type="stmt"/>
        </file>
      </package>
      <package name="SprkFooter.components.SprkFooterConnectIcons">
        <metrics statements="10" coveredstatements="10" conditionals="6" coveredconditionals="6" methods="4" coveredmethods="4"/>
        <file name="SprkFooterConnectIcons.js" path="/Users/rcopeland/Development/spark-design-system/src/react/projects/spark-react/src/SprkFooter/components/SprkFooterConnectIcons/SprkFooterConnectIcons.js">
          <metrics statements="10" coveredstatements="10" conditionals="6" coveredconditionals="6" methods="4" coveredmethods="4"/>
          <line num="8" count="4" type="stmt"/>
          <line num="10" count="4" type="stmt"/>
          <line num="11" count="13" type="stmt"/>
          <line num="16" count="4" type="stmt"/>
          <line num="17" count="4" type="stmt"/>
          <line num="18" count="4" type="stmt"/>
          <line num="34" count="13" type="stmt"/>
          <line num="35" count="13" type="cond" truecount="2" falsecount="0"/>
          <line num="36" count="13" type="stmt"/>
          <line num="62" count="2" type="stmt"/>
        </file>
      </package>
      <package name="SprkFooter.components.SprkFooterGlobalSection">
        <metrics statements="10" coveredstatements="10" conditionals="14" coveredconditionals="14" methods="4" coveredmethods="4"/>
        <file name="SprkFooterGlobalSection.js" path="/Users/rcopeland/Development/spark-design-system/src/react/projects/spark-react/src/SprkFooter/components/SprkFooterGlobalSection/SprkFooterGlobalSection.js">
          <metrics statements="10" coveredstatements="10" conditionals="14" coveredconditionals="14" methods="4" coveredmethods="4"/>
          <line num="8" count="6" type="stmt"/>
          <line num="10" count="6" type="stmt"/>
          <line num="11" count="11" type="stmt"/>
          <line num="16" count="6" type="stmt"/>
          <line num="17" count="6" type="stmt"/>
          <line num="18" count="6" type="stmt"/>
          <line num="37" count="11" type="stmt"/>
          <line num="38" count="11" type="cond" truecount="2" falsecount="0"/>
          <line num="39" count="11" type="stmt"/>
          <line num="70" count="2" type="stmt"/>
        </file>
      </package>
      <package name="SprkHighlightBoard">
        <metrics statements="6" coveredstatements="6" conditionals="17" coveredconditionals="17" methods="1" coveredmethods="1"/>
        <file name="SprkHighlightBoard.js" path="/Users/rcopeland/Development/spark-design-system/src/react/projects/spark-react/src/SprkHighlightBoard/SprkHighlightBoard.js">
          <metrics statements="6" coveredstatements="6" conditionals="17" coveredconditionals="17" methods="1" coveredmethods="1"/>
          <line num="7" count="1" type="stmt"/>
          <line num="25" count="7" type="stmt"/>
          <line num="27" count="7" type="stmt"/>
          <line num="32" count="7" type="stmt"/>
          <line num="40" count="7" type="stmt"/>
          <line num="106" count="1" type="stmt"/>
        </file>
      </package>
      <package name="SprkIcon">
        <metrics statements="3" coveredstatements="3" conditionals="0" coveredconditionals="0" methods="1" coveredmethods="1"/>
        <file name="SprkIcon.js" path="/Users/rcopeland/Development/spark-design-system/src/react/projects/spark-react/src/SprkIcon/SprkIcon.js">
          <metrics statements="3" coveredstatements="3" conditionals="0" coveredconditionals="0" methods="1" coveredmethods="1"/>
          <line num="13" count="224" type="stmt"/>
          <line num="25" count="25" type="stmt"/>
          <line num="38" count="25" type="stmt"/>
        </file>
      </package>
      <package name="SprkInput.SprkDatePickerInput">
        <metrics statements="9" coveredstatements="9" conditionals="0" coveredconditionals="0" methods="4" coveredmethods="4"/>
        <file name="SprkDatePickerInput.js" path="/Users/rcopeland/Development/spark-design-system/src/react/projects/spark-react/src/SprkInput/SprkDatePickerInput/SprkDatePickerInput.js">
          <metrics statements="9" coveredstatements="9" conditionals="0" coveredconditionals="0" methods="4" coveredmethods="4"/>
          <line num="9" count="5" type="stmt"/>
          <line num="10" count="5" type="stmt"/>
          <line num="17" count="1" type="stmt"/>
          <line num="24" count="5" type="stmt"/>
          <line num="25" count="5" type="stmt"/>
          <line num="29" count="5" type="stmt"/>
          <line num="30" count="5" type="stmt"/>
          <line num="34" count="1" type="stmt"/>
          <line num="56" count="1" type="stmt"/>
        </file>
      </package>
      <package name="SprkInput.SprkErrorContainer">
        <metrics statements="4" coveredstatements="4" conditionals="0" coveredconditionals="0" methods="1" coveredmethods="1"/>
        <file name="SprkErrorContainer.js" path="/Users/rcopeland/Development/spark-design-system/src/react/projects/spark-react/src/SprkInput/SprkErrorContainer/SprkErrorContainer.js">
          <metrics statements="4" coveredstatements="4" conditionals="0" coveredconditionals="0" methods="1" coveredmethods="1"/>
          <line num="6" count="5" type="stmt"/>
          <line num="7" count="8" type="stmt"/>
          <line num="21" count="5" type="stmt"/>
          <line num="29" count="5" type="stmt"/>
        </file>
      </package>
      <package name="SprkInput.SprkRevealInput">
        <metrics statements="10" coveredstatements="10" conditionals="2" coveredconditionals="2" methods="5" coveredmethods="5"/>
        <file name="SprkRevealInput.js" path="/Users/rcopeland/Development/spark-design-system/src/react/projects/spark-react/src/SprkInput/SprkRevealInput/SprkRevealInput.js">
          <metrics statements="10" coveredstatements="10" conditionals="2" coveredconditionals="2" methods="5" coveredmethods="5"/>
          <line num="8" count="5" type="stmt"/>
          <line num="9" count="5" type="stmt"/>
          <line num="13" count="5" type="stmt"/>
          <line num="17" count="2" type="stmt"/>
          <line num="23" count="7" type="stmt"/>
          <line num="24" count="7" type="stmt"/>
          <line num="25" count="7" type="stmt"/>
          <line num="38" count="1" type="stmt"/>
          <line num="52" count="1" type="stmt"/>
          <line num="55" count="7" type="stmt"/>
        </file>
      </package>
      <package name="SprkInput.SprkSelectionInput">
        <metrics statements="13" coveredstatements="13" conditionals="11" coveredconditionals="11" methods="6" coveredmethods="6"/>
        <file name="SprkSelectionInput.js" path="/Users/rcopeland/Development/spark-design-system/src/react/projects/spark-react/src/SprkInput/SprkSelectionInput/SprkSelectionInput.js">
          <metrics statements="13" coveredstatements="13" conditionals="11" coveredconditionals="11" methods="6" coveredmethods="6"/>
          <line num="10" count="8" type="stmt"/>
          <line num="11" count="8" type="stmt"/>
          <line num="13" count="9" type="stmt"/>
          <line num="28" count="8" type="stmt"/>
          <line num="29" count="8" type="stmt"/>
          <line num="30" count="8" type="stmt"/>
          <line num="43" count="6" type="stmt"/>
          <line num="67" count="3" type="cond" truecount="2" falsecount="0"/>
          <line num="68" count="1" type="stmt"/>
          <line num="71" count="2" type="stmt"/>
          <line num="78" count="2" type="stmt"/>
          <line num="99" count="1" type="stmt"/>
          <line num="118" count="1" type="stmt"/>
        </file>
      </package>
      <package name="SprkInput.SprkTextInput">
        <metrics statements="8" coveredstatements="8" conditionals="20" coveredconditionals="20" methods="3" coveredmethods="3"/>
        <file name="SprkTextInput.js" path="/Users/rcopeland/Development/spark-design-system/src/react/projects/spark-react/src/SprkInput/SprkTextInput/SprkTextInput.js">
          <metrics statements="8" coveredstatements="8" conditionals="20" coveredconditionals="20" methods="3" coveredmethods="3"/>
          <line num="10" count="22" type="stmt"/>
          <line num="11" count="22" type="stmt"/>
          <line num="35" count="24" type="stmt"/>
          <line num="36" count="24" type="stmt"/>
          <line num="38" count="24" type="stmt"/>
          <line num="105" count="3" type="stmt"/>
          <line num="121" count="3" type="stmt"/>
          <line num="126" count="13" type="stmt"/>
        </file>
      </package>
      <package name="SprkLink">
        <metrics statements="5" coveredstatements="5" conditionals="0" coveredconditionals="0" methods="1" coveredmethods="1"/>
        <file name="SprkLink.js" path="/Users/rcopeland/Development/spark-design-system/src/react/projects/spark-react/src/SprkLink/SprkLink.js">
          <metrics statements="5" coveredstatements="5" conditionals="0" coveredconditionals="0" methods="1" coveredmethods="1"/>
          <line num="5" count="2" type="stmt"/>
          <line num="6" count="74" type="stmt"/>
          <line num="7" count="74" type="stmt"/>
          <line num="17" count="74" type="stmt"/>
          <line num="24" count="2" type="stmt"/>
        </file>
      </package>
      <package name="SprkList">
        <metrics statements="7" coveredstatements="7" conditionals="0" coveredconditionals="0" methods="1" coveredmethods="1"/>
        <file name="SprkList.js" path="/Users/rcopeland/Development/spark-design-system/src/react/projects/spark-react/src/SprkList/SprkList.js">
          <metrics statements="7" coveredstatements="7" conditionals="0" coveredconditionals="0" methods="1" coveredmethods="1"/>
          <line num="5" count="1" type="stmt"/>
          <line num="13" count="8" type="stmt"/>
          <line num="14" count="8" type="stmt"/>
          <line num="18" count="8" type="stmt"/>
          <line num="19" count="8" type="stmt"/>
          <line num="26" count="1" type="stmt"/>
          <line num="33" count="1" type="stmt"/>
        </file>
      </package>
      <package name="SprkList.components.SprkListItem">
        <metrics statements="5" coveredstatements="5" conditionals="0" coveredconditionals="0" methods="1" coveredmethods="1"/>
        <file name="SprkListItem.js" path="/Users/rcopeland/Development/spark-design-system/src/react/projects/spark-react/src/SprkList/components/SprkListItem/SprkListItem.js">
          <metrics statements="5" coveredstatements="5" conditionals="0" coveredconditionals="0" methods="1" coveredmethods="1"/>
          <line num="4" count="1" type="stmt"/>
          <line num="5" count="3" type="stmt"/>
          <line num="7" count="3" type="stmt"/>
          <line num="14" count="1" type="stmt"/>
          <line num="20" count="1" type="stmt"/>
        </file>
      </package>
      <package name="SprkMasthead">
        <metrics statements="21" coveredstatements="21" conditionals="15" coveredconditionals="15" methods="7" coveredmethods="7"/>
        <file name="SprkMasthead.js" path="/Users/rcopeland/Development/spark-design-system/src/react/projects/spark-react/src/SprkMasthead/SprkMasthead.js">
          <metrics statements="21" coveredstatements="21" conditionals="15" coveredconditionals="15" methods="7" coveredmethods="7"/>
          <line num="12" count="17" type="stmt"/>
          <line num="13" count="17" type="stmt"/>
          <line num="17" count="17" type="stmt"/>
          <line num="21" count="17" type="stmt"/>
          <line num="22" count="17" type="cond" truecount="2" falsecount="0"/>
          <line num="23" count="8" type="stmt"/>
          <line num="25" count="9" type="stmt"/>
          <line num="28" count="17" type="stmt"/>
          <line num="29" count="10" type="stmt"/>
          <line num="34" count="2" type="stmt"/>
          <line num="35" count="2" type="stmt"/>
          <line num="37" count="2" type="stmt"/>
          <line num="42" count="2" type="cond" truecount="2" falsecount="0"/>
          <line num="43" count="1" type="stmt"/>
          <line num="45" count="2" type="cond" truecount="2" falsecount="0"/>
          <line num="46" count="1" type="stmt"/>
          <line num="64" count="46" type="stmt"/>
          <line num="65" count="46" type="stmt"/>
          <line num="67" count="46" type="stmt"/>
          <line num="114" count="1" type="stmt"/>
          <line num="192" count="1" type="stmt"/>
        </file>
      </package>
      <package name="SprkMasthead.components.SprkMastheadAccordion">
        <metrics statements="9" coveredstatements="9" conditionals="0" coveredconditionals="0" methods="4" coveredmethods="4"/>
        <file name="SprkMastheadAccordion.js" path="/Users/rcopeland/Development/spark-design-system/src/react/projects/spark-react/src/SprkMasthead/components/SprkMastheadAccordion/SprkMastheadAccordion.js">
          <metrics statements="9" coveredstatements="9" conditionals="0" coveredconditionals="0" methods="4" coveredmethods="4"/>
          <line num="9" count="7" type="stmt"/>
          <line num="10" count="7" type="stmt"/>
          <line num="11" count="4" type="stmt"/>
          <line num="18" count="7" type="stmt"/>
          <line num="21" count="7" type="stmt"/>
          <line num="22" count="7" type="stmt"/>
          <line num="29" count="4" type="stmt"/>
          <line num="39" count="3" type="stmt"/>
          <line num="59" count="3" type="stmt"/>
        </file>
      </package>
      <package name="SprkMasthead.components.SprkMastheadAccordionItem">
        <metrics statements="15" coveredstatements="15" conditionals="22" coveredconditionals="22" methods="6" coveredmethods="6"/>
        <file name="SprkMastheadAccordionItem.js" path="/Users/rcopeland/Development/spark-design-system/src/react/projects/spark-react/src/SprkMasthead/components/SprkMastheadAccordionItem/SprkMastheadAccordionItem.js">
          <metrics statements="15" coveredstatements="15" conditionals="22" coveredconditionals="22" methods="6" coveredmethods="6"/>
          <line num="10" count="18" type="stmt"/>
          <line num="11" count="18" type="stmt"/>
          <line num="12" count="18" type="stmt"/>
          <line num="15" count="5" type="stmt"/>
          <line num="17" count="18" type="stmt"/>
          <line num="21" count="3" type="stmt"/>
          <line num="41" count="21" type="stmt"/>
          <line num="42" count="21" type="stmt"/>
          <line num="43" count="21" type="stmt"/>
          <line num="44" count="21" type="stmt"/>
          <line num="79" count="8" type="stmt"/>
          <line num="80" count="8" type="cond" truecount="2" falsecount="0"/>
          <line num="81" count="8" type="stmt"/>
          <line num="126" count="4" type="stmt"/>
          <line num="160" count="4" type="stmt"/>
        </file>
      </package>
      <package name="SprkMasthead.components.SprkMastheadBigNav">
        <metrics statements="11" coveredstatements="11" conditionals="6" coveredconditionals="6" methods="4" coveredmethods="4"/>
        <file name="SprkMastheadBigNav.js" path="/Users/rcopeland/Development/spark-design-system/src/react/projects/spark-react/src/SprkMasthead/components/SprkMastheadBigNav/SprkMastheadBigNav.js">
          <metrics statements="11" coveredstatements="11" conditionals="6" coveredconditionals="6" methods="4" coveredmethods="4"/>
          <line num="9" count="7" type="stmt"/>
          <line num="10" count="7" type="stmt"/>
          <line num="11" count="9" type="stmt"/>
          <line num="18" count="7" type="stmt"/>
          <line num="21" count="7" type="stmt"/>
          <line num="22" count="7" type="stmt"/>
          <line num="37" count="9" type="stmt"/>
          <line num="38" count="9" type="cond" truecount="2" falsecount="0"/>
          <line num="39" count="9" type="stmt"/>
          <line num="70" count="2" type="stmt"/>
          <line num="90" count="2" type="stmt"/>
        </file>
      </package>
      <package name="SprkMasthead.components.SprkMastheadDropdown">
        <metrics statements="28" coveredstatements="28" conditionals="18" coveredconditionals="18" methods="11" coveredmethods="11"/>
        <file name="SprkMastheadDropdown.js" path="/Users/rcopeland/Development/spark-design-system/src/react/projects/spark-react/src/SprkMasthead/components/SprkMastheadDropdown/SprkMastheadDropdown.js">
          <metrics statements="28" coveredstatements="28" conditionals="18" coveredconditionals="18" methods="11" coveredmethods="11"/>
          <line num="10" count="16" type="stmt"/>
          <line num="11" count="16" type="stmt"/>
          <line num="13" count="12" type="stmt"/>
          <line num="15" count="16" type="stmt"/>
          <line num="16" count="16" type="stmt"/>
          <line num="17" count="16" type="stmt"/>
          <line num="18" count="16" type="stmt"/>
          <line num="19" count="16" type="stmt"/>
          <line num="23" count="16" type="stmt"/>
          <line num="24" count="16" type="stmt"/>
          <line num="25" count="16" type="stmt"/>
          <line num="29" count="1" type="stmt"/>
          <line num="30" count="1" type="stmt"/>
          <line num="31" count="1" type="stmt"/>
          <line num="35" count="2" type="cond" truecount="2" falsecount="0"/>
          <line num="36" count="1" type="stmt"/>
          <line num="41" count="2" type="cond" truecount="2" falsecount="0"/>
          <line num="42" count="1" type="stmt"/>
          <line num="47" count="2" type="stmt"/>
          <line num="53" count="7" type="stmt"/>
          <line num="70" count="25" type="stmt"/>
          <line num="71" count="25" type="stmt"/>
          <line num="72" count="25" type="stmt"/>
          <line num="105" count="6" type="stmt"/>
          <line num="106" count="6" type="cond" truecount="2" falsecount="0"/>
          <line num="107" count="6" type="stmt"/>
          <line num="128" count="3" type="stmt"/>
          <line num="165" count="3" type="stmt"/>
        </file>
      </package>
      <package name="SprkMasthead.components.SprkMastheadLittleNav">
        <metrics statements="14" coveredstatements="14" conditionals="8" coveredconditionals="8" methods="6" coveredmethods="6"/>
        <file name="SprkMastheadLittleNav.js" path="/Users/rcopeland/Development/spark-design-system/src/react/projects/spark-react/src/SprkMasthead/components/SprkMastheadLittleNav/SprkMastheadLittleNav.js">
          <metrics statements="14" coveredstatements="14" conditionals="8" coveredconditionals="8" methods="6" coveredmethods="6"/>
          <line num="9" count="16" type="stmt"/>
          <line num="10" count="16" type="stmt"/>
          <line num="11" count="16" type="stmt"/>
          <line num="12" count="2" type="stmt"/>
          <line num="13" count="15" type="stmt"/>
          <line num="24" count="16" type="stmt"/>
          <line num="28" count="16" type="stmt"/>
          <line num="29" count="16" type="stmt"/>
          <line num="59" count="15" type="stmt"/>
          <line num="60" count="15" type="cond" truecount="2" falsecount="0"/>
          <line num="61" count="15" type="stmt"/>
          <line num="84" count="2" type="stmt"/>
          <line num="94" count="2" type="stmt"/>
          <line num="130" count="2" type="stmt"/>
        </file>
      </package>
      <package name="SprkMasthead.components.SprkMastheadMenuIcon">
        <metrics statements="3" coveredstatements="3" conditionals="2" coveredconditionals="2" methods="1" coveredmethods="1"/>
        <file name="SprkMastheadMenuIcon.js" path="/Users/rcopeland/Development/spark-design-system/src/react/projects/spark-react/src/SprkMasthead/components/SprkMastheadMenuIcon/SprkMastheadMenuIcon.js">
          <metrics statements="3" coveredstatements="3" conditionals="2" coveredconditionals="2" methods="1" coveredmethods="1"/>
          <line num="8" count="31" type="stmt"/>
          <line num="39" count="2" type="stmt"/>
          <line num="47" count="2" type="stmt"/>
        </file>
      </package>
      <package name="SprkMasthead.components.SprkMastheadNarrowNav">
        <metrics statements="4" coveredstatements="4" conditionals="4" coveredconditionals="4" methods="1" coveredmethods="1"/>
        <file name="SprkMastheadNarrowNav.js" path="/Users/rcopeland/Development/spark-design-system/src/react/projects/spark-react/src/SprkMasthead/components/SprkMastheadNarrowNav/SprkMastheadNarrowNav.js">
          <metrics statements="4" coveredstatements="4" conditionals="4" coveredconditionals="4" methods="1" coveredmethods="1"/>
          <line num="6" count="2" type="stmt"/>
          <line num="11" count="4" type="stmt"/>
          <line num="29" count="2" type="stmt"/>
          <line num="55" count="2" type="stmt"/>
        </file>
      </package>
      <package name="SprkMasthead.components.SprkMastheadSelector">
        <metrics statements="36" coveredstatements="36" conditionals="20" coveredconditionals="20" methods="13" coveredmethods="13"/>
        <file name="SprkMastheadSelector.js" path="/Users/rcopeland/Development/spark-design-system/src/react/projects/spark-react/src/SprkMasthead/components/SprkMastheadSelector/SprkMastheadSelector.js">
          <metrics statements="36" coveredstatements="36" conditionals="20" coveredconditionals="20" methods="13" coveredmethods="13"/>
          <line num="10" count="21" type="stmt"/>
          <line num="11" count="21" type="stmt"/>
          <line num="14" count="34" type="stmt"/>
          <line num="16" count="21" type="stmt"/>
          <line num="17" count="21" type="stmt"/>
          <line num="18" count="21" type="stmt"/>
          <line num="19" count="21" type="stmt"/>
          <line num="20" count="21" type="stmt"/>
          <line num="21" count="21" type="stmt"/>
          <line num="25" count="21" type="stmt"/>
          <line num="26" count="21" type="stmt"/>
          <line num="27" count="21" type="stmt"/>
          <line num="31" count="1" type="stmt"/>
          <line num="32" count="1" type="stmt"/>
          <line num="33" count="1" type="stmt"/>
          <line num="37" count="2" type="cond" truecount="2" falsecount="0"/>
          <line num="38" count="1" type="stmt"/>
          <line num="43" count="2" type="cond" truecount="2" falsecount="0"/>
          <line num="44" count="1" type="stmt"/>
          <line num="49" count="11" type="stmt"/>
          <line num="55" count="10" type="stmt"/>
          <line num="61" count="4" type="stmt"/>
          <line num="77" count="38" type="stmt"/>
          <line num="78" count="38" type="stmt"/>
          <line num="79" count="38" type="stmt"/>
          <line num="81" count="38" type="stmt"/>
          <line num="87" count="15" type="cond" truecount="2" falsecount="0"/>
          <line num="142" count="16" type="stmt"/>
          <line num="143" count="16" type="cond" truecount="2" falsecount="0"/>
          <line num="144" count="16" type="stmt"/>
          <line num="150" count="4" type="stmt"/>
          <line num="151" count="4" type="stmt"/>
          <line num="152" count="4" type="cond" truecount="2" falsecount="0"/>
          <line num="153" count="2" type="stmt"/>
          <line num="183" count="4" type="stmt"/>
          <line num="220" count="4" type="stmt"/>
        </file>
      </package>
      <package name="SprkPagination">
        <metrics statements="28" coveredstatements="28" conditionals="32" coveredconditionals="32" methods="9" coveredmethods="9"/>
        <file name="SprkPagination.js" path="/Users/rcopeland/Development/spark-design-system/src/react/projects/spark-react/src/SprkPagination/SprkPagination.js">
          <metrics statements="28" coveredstatements="28" conditionals="32" coveredconditionals="32" methods="9" coveredmethods="9"/>
          <line num="8" count="1" type="stmt"/>
          <line num="9" count="16" type="stmt"/>
          <line num="10" count="9" type="stmt"/>
          <line num="12" count="9" type="stmt"/>
          <line num="14" count="9" type="stmt"/>
          <line num="16" count="9" type="stmt"/>
          <line num="17" count="9" type="cond" truecount="2" falsecount="0"/>
          <line num="18" count="9" type="cond" truecount="2" falsecount="0"/>
          <line num="20" count="9" type="stmt"/>
          <line num="37" count="16" type="stmt"/>
          <line num="39" count="16" type="stmt"/>
          <line num="42" count="16" type="cond" truecount="2" falsecount="0"/>
          <line num="44" count="16" type="stmt"/>
          <line num="45" count="16" type="stmt"/>
          <line num="47" count="16" type="cond" truecount="2" falsecount="0"/>
          <line num="48" count="9" type="stmt"/>
          <line num="51" count="16" type="cond" truecount="2" falsecount="0"/>
          <line num="52" count="2" type="stmt"/>
          <line num="55" count="16" type="stmt"/>
          <line num="74" count="2" type="stmt"/>
          <line num="88" count="1" type="stmt"/>
          <line num="113" count="1" type="stmt"/>
          <line num="139" count="1" type="stmt"/>
          <line num="159" count="1" type="stmt"/>
          <line num="178" count="1" type="stmt"/>
          <line num="197" count="2" type="stmt"/>
          <line num="213" count="1" type="stmt"/>
          <line num="240" count="1" type="stmt"/>
        </file>
      </package>
      <package name="SprkPromo">
        <metrics statements="4" coveredstatements="4" conditionals="24" coveredconditionals="24" methods="1" coveredmethods="1"/>
        <file name="SprkPromo.js" path="/Users/rcopeland/Development/spark-design-system/src/react/projects/spark-react/src/SprkPromo/SprkPromo.js">
          <metrics statements="4" coveredstatements="4" conditionals="24" coveredconditionals="24" methods="1" coveredmethods="1"/>
          <line num="6" count="1" type="stmt"/>
          <line num="29" count="37" type="stmt"/>
          <line num="31" count="37" type="stmt"/>
          <line num="180" count="1" type="stmt"/>
        </file>
      </package>
      <package name="SprkSpinner">
        <metrics statements="3" coveredstatements="3" conditionals="0" coveredconditionals="0" methods="1" coveredmethods="1"/>
        <file name="SprkSpinner.js" path="/Users/rcopeland/Development/spark-design-system/src/react/projects/spark-react/src/SprkSpinner/SprkSpinner.js">
          <metrics statements="3" coveredstatements="3" conditionals="0" coveredconditionals="0" methods="1" coveredmethods="1"/>
          <line num="6" count="5" type="stmt"/>
          <line num="18" count="4" type="stmt"/>
          <line num="24" count="4" type="stmt"/>
        </file>
      </package>
      <package name="SprkStack">
        <metrics statements="6" coveredstatements="6" conditionals="0" coveredconditionals="0" methods="1" coveredmethods="1"/>
        <file name="SprkStack.js" path="/Users/rcopeland/Development/spark-design-system/src/react/projects/spark-react/src/SprkStack/SprkStack.js">
          <metrics statements="6" coveredstatements="6" conditionals="0" coveredconditionals="0" methods="1" coveredmethods="1"/>
          <line num="5" count="2" type="stmt"/>
          <line num="13" count="24" type="stmt"/>
          <line num="15" count="24" type="stmt"/>
          <line num="33" count="24" type="stmt"/>
          <line num="40" count="2" type="stmt"/>
          <line num="48" count="2" type="stmt"/>
        </file>
      </package>
      <package name="SprkStack.components.SprkStackItem">
        <metrics statements="5" coveredstatements="5" conditionals="0" coveredconditionals="0" methods="1" coveredmethods="1"/>
        <file name="SprkStackItem.js" path="/Users/rcopeland/Development/spark-design-system/src/react/projects/spark-react/src/SprkStack/components/SprkStackItem/SprkStackItem.js">
          <metrics statements="5" coveredstatements="5" conditionals="0" coveredconditionals="0" methods="1" coveredmethods="1"/>
          <line num="5" count="1" type="stmt"/>
          <line num="11" count="1" type="stmt"/>
          <line num="13" count="1" type="stmt"/>
          <line num="20" count="1" type="stmt"/>
          <line num="26" count="1" type="stmt"/>
        </file>
      </package>
      <package name="SprkTable">
        <metrics statements="27" coveredstatements="27" conditionals="30" coveredconditionals="30" methods="13" coveredmethods="13"/>
        <file name="SprkTable.js" path="/Users/rcopeland/Development/spark-design-system/src/react/projects/spark-react/src/SprkTable/SprkTable.js">
          <metrics statements="27" coveredstatements="27" conditionals="30" coveredconditionals="30" methods="13" coveredmethods="13"/>
          <line num="6" count="1" type="stmt"/>
          <line num="16" count="27" type="stmt"/>
          <line num="18" count="27" type="stmt"/>
          <line num="23" count="27" type="stmt"/>
          <line num="35" count="27" type="cond" truecount="2" falsecount="0"/>
          <line num="36" count="4" type="stmt"/>
          <line num="42" count="4" type="stmt"/>
          <line num="44" count="12" type="stmt"/>
          <line num="59" count="4" type="stmt"/>
          <line num="61" count="20" type="stmt"/>
          <line num="71" count="23" type="cond" truecount="2" falsecount="0"/>
          <line num="72" count="4" type="stmt"/>
          <line num="80" count="6" type="stmt"/>
          <line num="89" count="4" type="stmt"/>
          <line num="93" count="12" type="stmt"/>
          <line num="103" count="19" type="cond" truecount="2" falsecount="0"/>
          <line num="104" count="4" type="stmt"/>
          <line num="110" count="8" type="stmt"/>
          <line num="114" count="16" type="stmt"/>
          <line num="126" count="15" type="cond" truecount="2" falsecount="0"/>
          <line num="127" count="1" type="stmt"/>
          <line num="135" count="14" type="stmt"/>
          <line num="142" count="9" type="stmt"/>
          <line num="151" count="8" type="stmt"/>
          <line num="154" count="12" type="stmt"/>
          <line num="165" count="1" type="stmt"/>
          <line num="195" count="1" type="stmt"/>
        </file>
      </package>
      <package name="SprkTabs">
        <metrics statements="76" coveredstatements="76" conditionals="21" coveredconditionals="21" methods="17" coveredmethods="17"/>
        <file name="SprkTabs.js" path="/Users/rcopeland/Development/spark-design-system/src/react/projects/spark-react/src/SprkTabs/SprkTabs.js">
          <metrics statements="76" coveredstatements="76" conditionals="21" coveredconditionals="21" methods="17" coveredmethods="17"/>
          <line num="16" count="21" type="stmt"/>
          <line num="17" count="21" type="stmt"/>
          <line num="18" count="21" type="stmt"/>
          <line num="19" count="21" type="stmt"/>
          <line num="20" count="21" type="stmt"/>
          <line num="21" count="21" type="stmt"/>
          <line num="22" count="21" type="stmt"/>
          <line num="23" count="21" type="stmt"/>
          <line num="24" count="21" type="stmt"/>
          <line num="25" count="21" type="stmt"/>
          <line num="26" count="46" type="stmt"/>
          <line num="27" count="21" type="stmt"/>
          <line num="37" count="21" type="stmt"/>
          <line num="39" count="21" type="stmt"/>
          <line num="40" count="21" type="stmt"/>
          <line num="41" count="21" type="stmt"/>
          <line num="42" count="18" type="stmt"/>
          <line num="52" count="21" type="stmt"/>
          <line num="53" count="21" type="stmt"/>
          <line num="54" count="21" type="stmt"/>
          <line num="56" count="21" type="stmt"/>
          <line num="57" count="46" type="cond" truecount="2" falsecount="0"/>
          <line num="58" count="8" type="stmt"/>
          <line num="60" count="38" type="stmt"/>
          <line num="63" count="46" type="cond" truecount="2" falsecount="0"/>
          <line num="64" count="13" type="stmt"/>
          <line num="74" count="11" type="stmt"/>
          <line num="76" count="11" type="stmt"/>
          <line num="77" count="24" type="cond" truecount="2" falsecount="0"/>
          <line num="78" count="11" type="stmt"/>
          <line num="81" count="11" type="stmt"/>
          <line num="85" count="3" type="stmt"/>
          <line num="86" count="3" type="cond" truecount="2" falsecount="0"/>
          <line num="87" count="1" type="stmt"/>
          <line num="92" count="2" type="stmt"/>
          <line num="93" count="2" type="stmt"/>
          <line num="101" count="3" type="stmt"/>
          <line num="102" count="3" type="cond" truecount="2" falsecount="0"/>
          <line num="103" count="2" type="stmt"/>
          <line num="104" count="2" type="stmt"/>
          <line num="109" count="1" type="stmt"/>
          <line num="122" count="10" type="stmt"/>
          <line num="123" count="10" type="stmt"/>
          <line num="130" count="10" type="cond" truecount="5" falsecount="0"/>
          <line num="132" count="1" type="stmt"/>
          <line num="133" count="1" type="stmt"/>
          <line num="135" count="1" type="stmt"/>
          <line num="136" count="1" type="stmt"/>
          <line num="138" count="1" type="stmt"/>
          <line num="142" count="1" type="stmt"/>
          <line num="144" count="1" type="stmt"/>
          <line num="148" count="1" type="stmt"/>
          <line num="150" count="6" type="stmt"/>
          <line num="159" count="39" type="stmt"/>
          <line num="161" count="39" type="cond" truecount="2" falsecount="0"/>
          <line num="162" count="19" type="stmt"/>
          <line num="164" count="20" type="stmt"/>
          <line num="173" count="2" type="stmt"/>
          <line num="174" count="2" type="stmt"/>
          <line num="183" count="52" type="stmt"/>
          <line num="185" count="52" type="stmt"/>
          <line num="186" count="52" type="stmt"/>
          <line num="194" count="52" type="stmt"/>
          <line num="195" count="52" type="stmt"/>
          <line num="204" count="113" type="stmt"/>
          <line num="206" count="113" type="stmt"/>
          <line num="208" count="113" type="cond" truecount="2" falsecount="0"/>
          <line num="210" count="111" type="stmt"/>
          <line num="219" count="2" type="stmt"/>
          <line num="220" count="2" type="cond" truecount="2" falsecount="0"/>
          <line num="221" count="1" type="stmt"/>
          <line num="231" count="111" type="stmt"/>
          <line num="245" count="52" type="stmt"/>
          <line num="247" count="52" type="stmt"/>
          <line num="269" count="3" type="stmt"/>
          <line num="275" count="3" type="stmt"/>
        </file>
      </package>
      <package name="SprkTabs.components.SprkTabsButton">
        <metrics statements="9" coveredstatements="9" conditionals="4" coveredconditionals="4" methods="4" coveredmethods="4"/>
        <file name="SprkTabsButton.js" path="/Users/rcopeland/Development/spark-design-system/src/react/projects/spark-react/src/SprkTabs/components/SprkTabsButton/SprkTabsButton.js">
          <metrics statements="9" coveredstatements="9" conditionals="4" coveredconditionals="4" methods="4" coveredmethods="4"/>
          <line num="7" count="51" type="stmt"/>
          <line num="8" count="51" type="stmt"/>
          <line num="12" count="69" type="stmt"/>
          <line num="13" count="69" type="cond" truecount="2" falsecount="0"/>
          <line num="14" count="10" type="stmt"/>
          <line num="29" count="120" type="stmt"/>
          <line num="30" count="120" type="stmt"/>
          <line num="54" count="3" type="stmt"/>
          <line num="65" count="3" type="stmt"/>
        </file>
      </package>
      <package name="SprkTabs.components.SprkTabsPanel">
        <metrics statements="3" coveredstatements="3" conditionals="0" coveredconditionals="0" methods="1" coveredmethods="1"/>
        <file name="SprkTabsPanel.js" path="/Users/rcopeland/Development/spark-design-system/src/react/projects/spark-react/src/SprkTabs/components/SprkTabsPanel/SprkTabsPanel.js">
          <metrics statements="3" coveredstatements="3" conditionals="0" coveredconditionals="0" methods="1" coveredmethods="1"/>
          <line num="13" count="113" type="stmt"/>
          <line num="15" count="113" type="stmt"/>
          <line num="37" count="3" type="stmt"/>
        </file>
      </package>
      <package name="SprkToggle">
        <metrics statements="12" coveredstatements="12" conditionals="8" coveredconditionals="8" methods="4" coveredmethods="4"/>
        <file name="SprkToggle.js" path="/Users/rcopeland/Development/spark-design-system/src/react/projects/spark-react/src/SprkToggle/SprkToggle.js">
          <metrics statements="12" coveredstatements="12" conditionals="8" coveredconditionals="8" methods="4" coveredmethods="4"/>
          <line num="9" count="14" type="stmt"/>
          <line num="10" count="14" type="stmt"/>
          <line num="11" count="14" type="stmt"/>
          <line num="15" count="14" type="stmt"/>
          <line num="19" count="4" type="stmt"/>
          <line num="36" count="18" type="stmt"/>
          <line num="37" count="18" type="stmt"/>
          <line num="39" count="18" type="stmt"/>
          <line num="44" count="18" type="stmt"/>
          <line num="50" count="18" type="stmt"/>
          <line num="70" count="4" type="stmt"/>
          <line num="79" count="4" type="stmt"/>
        </file>
      </package>
    </metrics>
  </project>
</coverage>
