{"/Users/rcopeland/Development/spark-design-system/src/react/projects/spark-core-react/src/SprkAlert/SprkAlert.js": {"path":"/Users/rcopeland/Development/spark-design-system/src/react/projects/spark-core-react/src/SprkAlert/SprkAlert.js","statementMap":{"0":{"start":{"line":6,"column":18},"end":{"line":82,"column":1}},"1":{"start":{"line":17,"column":6},"end":{"line":17,"column":11}},"2":{"start":{"line":19,"column":2},"end":{"line":19,"column":30}},"3":{"start":{"line":19,"column":18},"end":{"line":19,"column":30}},"4":{"start":{"line":23,"column":21},"end":{"line":30,"column":3}},"5":{"start":{"line":32,"column":2},"end":{"line":44,"column":3}},"6":{"start":{"line":34,"column":6},"end":{"line":34,"column":26}},"7":{"start":{"line":35,"column":6},"end":{"line":35,"column":12}},"8":{"start":{"line":37,"column":6},"end":{"line":37,"column":20}},"9":{"start":{"line":38,"column":6},"end":{"line":38,"column":12}},"10":{"start":{"line":40,"column":6},"end":{"line":40,"column":27}},"11":{"start":{"line":41,"column":6},"end":{"line":41,"column":12}},"12":{"start":{"line":43,"column":6},"end":{"line":43,"column":12}},"13":{"start":{"line":46,"column":2},"end":{"line":81,"column":4}},"14":{"start":{"line":84,"column":0},"end":{"line":92,"column":2}},"15":{"start":{"line":94,"column":0},"end":{"line":111,"column":2}}},"fnMap":{"0":{"name":"(anonymous_0)","decl":{"start":{"line":6,"column":18},"end":{"line":6,"column":19}},"loc":{"start":{"line":6,"column":29},"end":{"line":82,"column":1}},"line":6},"1":{"name":"(anonymous_1)","decl":{"start":{"line":91,"column":13},"end":{"line":91,"column":14}},"loc":{"start":{"line":91,"column":19},"end":{"line":91,"column":21}},"line":91}},"branchMap":{"0":{"loc":{"start":{"line":19,"column":2},"end":{"line":19,"column":30}},"type":"if","locations":[{"start":{"line":19,"column":2},"end":{"line":19,"column":30}},{"start":{"line":19,"column":2},"end":{"line":19,"column":30}}],"line":19},"1":{"loc":{"start":{"line":32,"column":2},"end":{"line":44,"column":3}},"type":"switch","locations":[{"start":{"line":33,"column":4},"end":{"line":35,"column":12}},{"start":{"line":36,"column":4},"end":{"line":38,"column":12}},{"start":{"line":39,"column":4},"end":{"line":41,"column":12}},{"start":{"line":42,"column":4},"end":{"line":43,"column":12}}],"line":32},"2":{"loc":{"start":{"line":49,"column":9},"end":{"line":56,"column":11}},"type":"binary-expr","locations":[{"start":{"line":49,"column":9},"end":{"line":49,"column":16}},{"start":{"line":51,"column":12},"end":{"line":55,"column":14}}],"line":49},"3":{"loc":{"start":{"line":63,"column":7},"end":{"line":78,"column":9}},"type":"binary-expr","locations":[{"start":{"line":63,"column":7},"end":{"line":63,"column":20}},{"start":{"line":65,"column":10},"end":{"line":77,"column":19}}],"line":63}},"s":{"0":1,"1":8,"2":8,"3":1,"4":7,"5":7,"6":1,"7":1,"8":1,"9":1,"10":1,"11":1,"12":4,"13":7,"14":1,"15":1},"f":{"0":8,"1":1},"b":{"0":[1,7],"1":[1,1,1,4],"2":[7,3],"3":[7,6]},"_coverageSchema":"332fd63041d2c1bcb487cc26dd0d5f7d97098a6c","hash":"c8f9fee9744dea98b7eda2050d3f99218f4f7b02"}
,"/Users/rcopeland/Development/spark-design-system/src/react/projects/spark-core-react/src/SprkButton/SprkButton.js": {"path":"/Users/rcopeland/Development/spark-design-system/src/react/projects/spark-core-react/src/SprkButton/SprkButton.js","statementMap":{"0":{"start":{"line":6,"column":19},"end":{"line":37,"column":1}},"1":{"start":{"line":17,"column":18},"end":{"line":17,"column":25}},"2":{"start":{"line":18,"column":2},"end":{"line":36,"column":4}},"3":{"start":{"line":39,"column":0},"end":{"line":56,"column":2}},"4":{"start":{"line":58,"column":0},"end":{"line":67,"column":2}}},"fnMap":{"0":{"name":"(anonymous_0)","decl":{"start":{"line":6,"column":19},"end":{"line":6,"column":20}},"loc":{"start":{"line":16,"column":6},"end":{"line":37,"column":1}},"line":16}},"branchMap":{"0":{"loc":{"start":{"line":28,"column":12},"end":{"line":28,"column":55}},"type":"cond-expr","locations":[{"start":{"line":28,"column":35},"end":{"line":28,"column":43}},{"start":{"line":28,"column":46},"end":{"line":28,"column":55}}],"line":28},"1":{"loc":{"start":{"line":34,"column":8},"end":{"line":34,"column":48}},"type":"binary-expr","locations":[{"start":{"line":34,"column":9},"end":{"line":34,"column":16}},{"start":{"line":34,"column":20},"end":{"line":34,"column":35}},{"start":{"line":34,"column":40},"end":{"line":34,"column":48}}],"line":34}},"s":{"0":2,"1":11,"2":11,"3":2,"4":2},"f":{"0":11},"b":{"0":[2,9],"1":[11,1,10]},"_coverageSchema":"332fd63041d2c1bcb487cc26dd0d5f7d97098a6c","hash":"63c9a6b713bdd9f7441adfd2d19470e04ad44ef4"}
,"/Users/rcopeland/Development/spark-design-system/src/react/projects/spark-core-react/src/SprkDictionary/SprkDictionary.js": {"path":"/Users/rcopeland/Development/spark-design-system/src/react/projects/spark-core-react/src/SprkDictionary/SprkDictionary.js","statementMap":{"0":{"start":{"line":5,"column":23},"end":{"line":30,"column":1}},"1":{"start":{"line":6,"column":78},"end":{"line":6,"column":83}},"2":{"start":{"line":7,"column":23},"end":{"line":12,"column":5}},"3":{"start":{"line":14,"column":29},"end":{"line":21,"column":6}},"4":{"start":{"line":15,"column":8},"end":{"line":20,"column":9}},"5":{"start":{"line":23,"column":4},"end":{"line":29,"column":6}},"6":{"start":{"line":32,"column":0},"end":{"line":34,"column":1}},"7":{"start":{"line":36,"column":0},"end":{"line":47,"column":2}}},"fnMap":{"0":{"name":"(anonymous_0)","decl":{"start":{"line":5,"column":23},"end":{"line":5,"column":24}},"loc":{"start":{"line":5,"column":34},"end":{"line":30,"column":1}},"line":5},"1":{"name":"(anonymous_1)","decl":{"start":{"line":14,"column":60},"end":{"line":14,"column":61}},"loc":{"start":{"line":14,"column":68},"end":{"line":21,"column":5}},"line":14}},"branchMap":{},"s":{"0":1,"1":2,"2":2,"3":2,"4":0,"5":2,"6":1,"7":1},"f":{"0":2,"1":0},"b":{},"_coverageSchema":"332fd63041d2c1bcb487cc26dd0d5f7d97098a6c","hash":"508a6eb9fb4c644188f2bf223e43109cd6f54942"}
,"/Users/rcopeland/Development/spark-design-system/src/react/projects/spark-core-react/src/SprkDivider/SprkDivider.js": {"path":"/Users/rcopeland/Development/spark-design-system/src/react/projects/spark-core-react/src/SprkDivider/SprkDivider.js","statementMap":{"0":{"start":{"line":5,"column":20},"end":{"line":15,"column":1}},"1":{"start":{"line":6,"column":61},"end":{"line":6,"column":66}},"2":{"start":{"line":7,"column":21},"end":{"line":10,"column":3}},"3":{"start":{"line":11,"column":18},"end":{"line":11,"column":25}},"4":{"start":{"line":12,"column":2},"end":{"line":14,"column":4}},"5":{"start":{"line":17,"column":0},"end":{"line":24,"column":2}}},"fnMap":{"0":{"name":"(anonymous_0)","decl":{"start":{"line":5,"column":20},"end":{"line":5,"column":21}},"loc":{"start":{"line":5,"column":31},"end":{"line":15,"column":1}},"line":5}},"branchMap":{},"s":{"0":1,"1":2,"2":2,"3":2,"4":2,"5":1},"f":{"0":2},"b":{},"_coverageSchema":"332fd63041d2c1bcb487cc26dd0d5f7d97098a6c","hash":"4f680f87e124e6d5c680536564b70c0bdaaac274"}
,"/Users/rcopeland/Development/spark-design-system/src/react/projects/spark-core-react/src/SprkDropdown/SprkDropdown.js": {"path":"/Users/rcopeland/Development/spark-design-system/src/react/projects/spark-core-react/src/SprkDropdown/SprkDropdown.js","statementMap":{"0":{"start":{"line":10,"column":4},"end":{"line":10,"column":17}},"1":{"start":{"line":11,"column":4},"end":{"line":17,"column":6}},"2":{"start":{"line":15,"column":17},"end":{"line":15,"column":44}},"3":{"start":{"line":18,"column":4},"end":{"line":18,"column":65}},"4":{"start":{"line":19,"column":4},"end":{"line":19,"column":49}},"5":{"start":{"line":20,"column":4},"end":{"line":20,"column":67}},"6":{"start":{"line":21,"column":4},"end":{"line":21,"column":55}},"7":{"start":{"line":22,"column":4},"end":{"line":22,"column":53}},"8":{"start":{"line":23,"column":4},"end":{"line":23,"column":63}},"9":{"start":{"line":24,"column":4},"end":{"line":24,"column":41}},"10":{"start":{"line":28,"column":4},"end":{"line":28,"column":56}},"11":{"start":{"line":29,"column":4},"end":{"line":29,"column":65}},"12":{"start":{"line":30,"column":4},"end":{"line":30,"column":63}},"13":{"start":{"line":34,"column":4},"end":{"line":34,"column":59}},"14":{"start":{"line":35,"column":4},"end":{"line":35,"column":68}},"15":{"start":{"line":36,"column":4},"end":{"line":36,"column":66}},"16":{"start":{"line":40,"column":28},"end":{"line":40,"column":38}},"17":{"start":{"line":41,"column":4},"end":{"line":46,"column":7}},"18":{"start":{"line":42,"column":6},"end":{"line":44,"column":7}},"19":{"start":{"line":43,"column":8},"end":{"line":43,"column":47}},"20":{"start":{"line":45,"column":6},"end":{"line":45,"column":46}},"21":{"start":{"line":50,"column":4},"end":{"line":53,"column":7}},"22":{"start":{"line":57,"column":4},"end":{"line":59,"column":8}},"23":{"start":{"line":57,"column":32},"end":{"line":59,"column":5}},"24":{"start":{"line":63,"column":4},"end":{"line":65,"column":5}},"25":{"start":{"line":64,"column":6},"end":{"line":64,"column":27}},"26":{"start":{"line":69,"column":4},"end":{"line":71,"column":5}},"27":{"start":{"line":70,"column":6},"end":{"line":70,"column":27}},"28":{"start":{"line":75,"column":4},"end":{"line":77,"column":7}},"29":{"start":{"line":93,"column":8},"end":{"line":93,"column":18}},"30":{"start":{"line":94,"column":39},"end":{"line":94,"column":46}},"31":{"start":{"line":95,"column":49},"end":{"line":95,"column":59}},"32":{"start":{"line":96,"column":4},"end":{"line":199,"column":6}},"33":{"start":{"line":143,"column":20},"end":{"line":143,"column":26}},"34":{"start":{"line":144,"column":32},"end":{"line":144,"column":46}},"35":{"start":{"line":145,"column":16},"end":{"line":186,"column":18}},"36":{"start":{"line":152,"column":26},"end":{"line":152,"column":61}},"37":{"start":{"line":153,"column":26},"end":{"line":153,"column":47}},"38":{"start":{"line":154,"column":26},"end":{"line":156,"column":27}},"39":{"start":{"line":155,"column":28},"end":{"line":155,"column":50}},"40":{"start":{"line":171,"column":28},"end":{"line":171,"column":72}},"41":{"start":{"line":172,"column":28},"end":{"line":172,"column":49}},"42":{"start":{"line":173,"column":28},"end":{"line":175,"column":29}},"43":{"start":{"line":174,"column":30},"end":{"line":174,"column":52}},"44":{"start":{"line":203,"column":0},"end":{"line":242,"column":2}},"45":{"start":{"line":244,"column":0},"end":{"line":260,"column":2}}},"fnMap":{"0":{"name":"(anonymous_0)","decl":{"start":{"line":9,"column":2},"end":{"line":9,"column":3}},"loc":{"start":{"line":9,"column":21},"end":{"line":25,"column":3}},"line":9},"1":{"name":"(anonymous_1)","decl":{"start":{"line":15,"column":8},"end":{"line":15,"column":9}},"loc":{"start":{"line":15,"column":17},"end":{"line":15,"column":44}},"line":15},"2":{"name":"(anonymous_2)","decl":{"start":{"line":27,"column":2},"end":{"line":27,"column":3}},"loc":{"start":{"line":27,"column":22},"end":{"line":31,"column":3}},"line":27},"3":{"name":"(anonymous_3)","decl":{"start":{"line":33,"column":2},"end":{"line":33,"column":3}},"loc":{"start":{"line":33,"column":25},"end":{"line":37,"column":3}},"line":33},"4":{"name":"(anonymous_4)","decl":{"start":{"line":39,"column":2},"end":{"line":39,"column":3}},"loc":{"start":{"line":39,"column":41},"end":{"line":47,"column":3}},"line":39},"5":{"name":"(anonymous_5)","decl":{"start":{"line":41,"column":27},"end":{"line":41,"column":28}},"loc":{"start":{"line":41,"column":58},"end":{"line":46,"column":5}},"line":41},"6":{"name":"(anonymous_6)","decl":{"start":{"line":49,"column":2},"end":{"line":49,"column":3}},"loc":{"start":{"line":49,"column":25},"end":{"line":54,"column":3}},"line":49},"7":{"name":"(anonymous_7)","decl":{"start":{"line":56,"column":2},"end":{"line":56,"column":3}},"loc":{"start":{"line":56,"column":23},"end":{"line":60,"column":3}},"line":56},"8":{"name":"(anonymous_8)","decl":{"start":{"line":57,"column":18},"end":{"line":57,"column":19}},"loc":{"start":{"line":57,"column":32},"end":{"line":59,"column":5}},"line":57},"9":{"name":"(anonymous_9)","decl":{"start":{"line":62,"column":2},"end":{"line":62,"column":3}},"loc":{"start":{"line":62,"column":16},"end":{"line":66,"column":3}},"line":62},"10":{"name":"(anonymous_10)","decl":{"start":{"line":68,"column":2},"end":{"line":68,"column":3}},"loc":{"start":{"line":68,"column":25},"end":{"line":72,"column":3}},"line":68},"11":{"name":"(anonymous_11)","decl":{"start":{"line":74,"column":2},"end":{"line":74,"column":3}},"loc":{"start":{"line":74,"column":18},"end":{"line":78,"column":3}},"line":74},"12":{"name":"(anonymous_12)","decl":{"start":{"line":80,"column":2},"end":{"line":80,"column":3}},"loc":{"start":{"line":80,"column":11},"end":{"line":200,"column":3}},"line":80},"13":{"name":"(anonymous_13)","decl":{"start":{"line":140,"column":31},"end":{"line":140,"column":32}},"loc":{"start":{"line":140,"column":43},"end":{"line":187,"column":15}},"line":140},"14":{"name":"(anonymous_14)","decl":{"start":{"line":151,"column":33},"end":{"line":151,"column":34}},"loc":{"start":{"line":151,"column":39},"end":{"line":157,"column":25}},"line":151},"15":{"name":"(anonymous_15)","decl":{"start":{"line":170,"column":35},"end":{"line":170,"column":36}},"loc":{"start":{"line":170,"column":41},"end":{"line":176,"column":27}},"line":170}},"branchMap":{"0":{"loc":{"start":{"line":42,"column":6},"end":{"line":44,"column":7}},"type":"if","locations":[{"start":{"line":42,"column":6},"end":{"line":44,"column":7}},{"start":{"line":42,"column":6},"end":{"line":44,"column":7}}],"line":42},"1":{"loc":{"start":{"line":63,"column":4},"end":{"line":65,"column":5}},"type":"if","locations":[{"start":{"line":63,"column":4},"end":{"line":65,"column":5}},{"start":{"line":63,"column":4},"end":{"line":65,"column":5}}],"line":63},"2":{"loc":{"start":{"line":69,"column":4},"end":{"line":71,"column":5}},"type":"if","locations":[{"start":{"line":69,"column":4},"end":{"line":71,"column":5}},{"start":{"line":69,"column":4},"end":{"line":71,"column":5}}],"line":69},"3":{"loc":{"start":{"line":108,"column":26},"end":{"line":108,"column":56}},"type":"binary-expr","locations":[{"start":{"line":108,"column":26},"end":{"line":108,"column":41}},{"start":{"line":108,"column":45},"end":{"line":108,"column":56}}],"line":108},"4":{"loc":{"start":{"line":109,"column":19},"end":{"line":109,"column":42}},"type":"binary-expr","locations":[{"start":{"line":109,"column":19},"end":{"line":109,"column":27}},{"start":{"line":109,"column":31},"end":{"line":109,"column":42}}],"line":109},"5":{"loc":{"start":{"line":112,"column":11},"end":{"line":122,"column":11}},"type":"binary-expr","locations":[{"start":{"line":112,"column":11},"end":{"line":112,"column":38}},{"start":{"line":113,"column":12},"end":{"line":121,"column":29}}],"line":112},"6":{"loc":{"start":{"line":123,"column":11},"end":{"line":130,"column":11}},"type":"binary-expr","locations":[{"start":{"line":123,"column":11},"end":{"line":123,"column":29}},{"start":{"line":124,"column":12},"end":{"line":129,"column":29}}],"line":123},"7":{"loc":{"start":{"line":132,"column":9},"end":{"line":197,"column":9}},"type":"binary-expr","locations":[{"start":{"line":132,"column":9},"end":{"line":132,"column":15}},{"start":{"line":133,"column":10},"end":{"line":196,"column":16}}],"line":132},"8":{"loc":{"start":{"line":134,"column":13},"end":{"line":138,"column":13}},"type":"binary-expr","locations":[{"start":{"line":134,"column":13},"end":{"line":134,"column":25}},{"start":{"line":135,"column":14},"end":{"line":137,"column":20}}],"line":134},"9":{"loc":{"start":{"line":144,"column":32},"end":{"line":144,"column":46}},"type":"binary-expr","locations":[{"start":{"line":144,"column":32},"end":{"line":144,"column":39}},{"start":{"line":144,"column":43},"end":{"line":144,"column":46}}],"line":144},"10":{"loc":{"start":{"line":147,"column":21},"end":{"line":162,"column":21}},"type":"binary-expr","locations":[{"start":{"line":147,"column":21},"end":{"line":147,"column":39}},{"start":{"line":148,"column":22},"end":{"line":161,"column":32}}],"line":147},"11":{"loc":{"start":{"line":150,"column":30},"end":{"line":150,"column":75}},"type":"cond-expr","locations":[{"start":{"line":150,"column":48},"end":{"line":150,"column":63}},{"start":{"line":150,"column":66},"end":{"line":150,"column":75}}],"line":150},"12":{"loc":{"start":{"line":150,"column":48},"end":{"line":150,"column":63}},"type":"binary-expr","locations":[{"start":{"line":150,"column":48},"end":{"line":150,"column":52}},{"start":{"line":150,"column":56},"end":{"line":150,"column":63}}],"line":150},"13":{"loc":{"start":{"line":154,"column":26},"end":{"line":156,"column":27}},"type":"if","locations":[{"start":{"line":154,"column":26},"end":{"line":156,"column":27}},{"start":{"line":154,"column":26},"end":{"line":156,"column":27}}],"line":154},"14":{"loc":{"start":{"line":163,"column":21},"end":{"line":184,"column":21}},"type":"binary-expr","locations":[{"start":{"line":163,"column":21},"end":{"line":163,"column":48}},{"start":{"line":164,"column":22},"end":{"line":183,"column":39}}],"line":163},"15":{"loc":{"start":{"line":169,"column":32},"end":{"line":169,"column":77}},"type":"cond-expr","locations":[{"start":{"line":169,"column":50},"end":{"line":169,"column":65}},{"start":{"line":169,"column":68},"end":{"line":169,"column":77}}],"line":169},"16":{"loc":{"start":{"line":169,"column":50},"end":{"line":169,"column":65}},"type":"binary-expr","locations":[{"start":{"line":169,"column":50},"end":{"line":169,"column":54}},{"start":{"line":169,"column":58},"end":{"line":169,"column":65}}],"line":169},"17":{"loc":{"start":{"line":173,"column":28},"end":{"line":175,"column":29}},"type":"if","locations":[{"start":{"line":173,"column":28},"end":{"line":175,"column":29}},{"start":{"line":173,"column":28},"end":{"line":175,"column":29}}],"line":173},"18":{"loc":{"start":{"line":189,"column":13},"end":{"line":194,"column":13}},"type":"binary-expr","locations":[{"start":{"line":189,"column":13},"end":{"line":189,"column":19}},{"start":{"line":191,"column":12},"end":{"line":193,"column":18}}],"line":189}},"s":{"0":21,"1":21,"2":15,"3":21,"4":21,"5":21,"6":21,"7":21,"8":21,"9":21,"10":21,"11":21,"12":21,"13":1,"14":1,"15":1,"16":4,"17":4,"18":6,"19":4,"20":2,"21":4,"22":13,"23":13,"24":2,"25":1,"26":2,"27":1,"28":6,"29":40,"30":40,"31":40,"32":40,"33":15,"34":15,"35":15,"36":2,"37":2,"38":2,"39":1,"40":2,"41":2,"42":2,"43":1,"44":1,"45":1},"f":{"0":21,"1":15,"2":21,"3":1,"4":4,"5":6,"6":4,"7":13,"8":13,"9":2,"10":2,"11":6,"12":40,"13":15,"14":2,"15":2},"b":{"0":[4,2],"1":[1,1],"2":[1,1],"3":[40,39],"4":[40,39],"5":[40,8],"6":[40,32],"7":[40,13],"8":[13,1],"9":[15,12],"10":[15,12],"11":[10,2],"12":[10,10],"13":[1,1],"14":[15,3],"15":[2,1],"16":[2,2],"17":[1,1],"18":[13,1]},"_coverageSchema":"332fd63041d2c1bcb487cc26dd0d5f7d97098a6c","hash":"968ce1129f781c981919ff636ca396a0b9219a7c"}
,"/Users/rcopeland/Development/spark-design-system/src/react/projects/spark-core-react/src/SprkFooter/SprkFooter.js": {"path":"/Users/rcopeland/Development/spark-design-system/src/react/projects/spark-core-react/src/SprkFooter/SprkFooter.js","statementMap":{"0":{"start":{"line":12,"column":4},"end":{"line":12,"column":17}},"1":{"start":{"line":13,"column":57},"end":{"line":13,"column":62}},"2":{"start":{"line":14,"column":4},"end":{"line":22,"column":6}},"3":{"start":{"line":15,"column":50},"end":{"line":19,"column":7}},"4":{"start":{"line":18,"column":39},"end":{"line":18,"column":66}},"5":{"start":{"line":20,"column":58},"end":{"line":20,"column":85}},"6":{"start":{"line":21,"column":45},"end":{"line":21,"column":69}},"7":{"start":{"line":34,"column":8},"end":{"line":34,"column":18}},"8":{"start":{"line":36,"column":75},"end":{"line":36,"column":85}},"9":{"start":{"line":37,"column":23},"end":{"line":40,"column":5}},"10":{"start":{"line":42,"column":4},"end":{"line":128,"column":6}},"11":{"start":{"line":57,"column":20},"end":{"line":79,"column":26}},"12":{"start":{"line":65,"column":42},"end":{"line":65,"column":67}},"13":{"start":{"line":66,"column":26},"end":{"line":76,"column":28}},"14":{"start":{"line":96,"column":16},"end":{"line":98,"column":20}},"15":{"start":{"line":104,"column":34},"end":{"line":104,"column":53}},"16":{"start":{"line":105,"column":18},"end":{"line":121,"column":20}},"17":{"start":{"line":132,"column":0},"end":{"line":141,"column":2}},"18":{"start":{"line":143,"column":0},"end":{"line":262,"column":2}}},"fnMap":{"0":{"name":"(anonymous_0)","decl":{"start":{"line":11,"column":2},"end":{"line":11,"column":3}},"loc":{"start":{"line":11,"column":21},"end":{"line":23,"column":3}},"line":11},"1":{"name":"(anonymous_1)","decl":{"start":{"line":15,"column":41},"end":{"line":15,"column":42}},"loc":{"start":{"line":15,"column":50},"end":{"line":19,"column":7}},"line":15},"2":{"name":"(anonymous_2)","decl":{"start":{"line":18,"column":30},"end":{"line":18,"column":31}},"loc":{"start":{"line":18,"column":39},"end":{"line":18,"column":66}},"line":18},"3":{"name":"(anonymous_3)","decl":{"start":{"line":20,"column":49},"end":{"line":20,"column":50}},"loc":{"start":{"line":20,"column":58},"end":{"line":20,"column":85}},"line":20},"4":{"name":"(anonymous_4)","decl":{"start":{"line":21,"column":39},"end":{"line":21,"column":40}},"loc":{"start":{"line":21,"column":45},"end":{"line":21,"column":69}},"line":21},"5":{"name":"(anonymous_5)","decl":{"start":{"line":25,"column":2},"end":{"line":25,"column":3}},"loc":{"start":{"line":25,"column":11},"end":{"line":129,"column":3}},"line":25},"6":{"name":"(anonymous_6)","decl":{"start":{"line":56,"column":43},"end":{"line":56,"column":44}},"loc":{"start":{"line":57,"column":20},"end":{"line":79,"column":26}},"line":57},"7":{"name":"(anonymous_7)","decl":{"start":{"line":64,"column":42},"end":{"line":64,"column":43}},"loc":{"start":{"line":64,"column":58},"end":{"line":77,"column":25}},"line":64},"8":{"name":"(anonymous_8)","decl":{"start":{"line":95,"column":38},"end":{"line":95,"column":39}},"loc":{"start":{"line":96,"column":16},"end":{"line":98,"column":20}},"line":96},"9":{"name":"(anonymous_9)","decl":{"start":{"line":103,"column":43},"end":{"line":103,"column":44}},"loc":{"start":{"line":103,"column":53},"end":{"line":122,"column":17}},"line":103}},"branchMap":{"0":{"loc":{"start":{"line":50,"column":13},"end":{"line":52,"column":13}},"type":"binary-expr","locations":[{"start":{"line":50,"column":13},"end":{"line":50,"column":48}},{"start":{"line":51,"column":14},"end":{"line":51,"column":67}}],"line":50},"1":{"loc":{"start":{"line":55,"column":17},"end":{"line":80,"column":20}},"type":"binary-expr","locations":[{"start":{"line":55,"column":17},"end":{"line":55,"column":45}},{"start":{"line":56,"column":21},"end":{"line":80,"column":20}}],"line":55},"2":{"loc":{"start":{"line":65,"column":42},"end":{"line":65,"column":67}},"type":"binary-expr","locations":[{"start":{"line":65,"column":42},"end":{"line":65,"column":60}},{"start":{"line":65,"column":64},"end":{"line":65,"column":67}}],"line":65},"3":{"loc":{"start":{"line":70,"column":38},"end":{"line":70,"column":94}},"type":"cond-expr","locations":[{"start":{"line":70,"column":56},"end":{"line":70,"column":82}},{"start":{"line":70,"column":85},"end":{"line":70,"column":94}}],"line":70},"4":{"loc":{"start":{"line":70,"column":56},"end":{"line":70,"column":82}},"type":"binary-expr","locations":[{"start":{"line":70,"column":56},"end":{"line":70,"column":71}},{"start":{"line":70,"column":75},"end":{"line":70,"column":82}}],"line":70},"5":{"loc":{"start":{"line":83,"column":15},"end":{"line":85,"column":15}},"type":"binary-expr","locations":[{"start":{"line":83,"column":15},"end":{"line":83,"column":51}},{"start":{"line":84,"column":16},"end":{"line":84,"column":70}}],"line":83},"6":{"loc":{"start":{"line":92,"column":13},"end":{"line":92,"column":83}},"type":"binary-expr","locations":[{"start":{"line":92,"column":13},"end":{"line":92,"column":43}},{"start":{"line":92,"column":47},"end":{"line":92,"column":83}}],"line":92},"7":{"loc":{"start":{"line":94,"column":13},"end":{"line":99,"column":16}},"type":"binary-expr","locations":[{"start":{"line":94,"column":13},"end":{"line":94,"column":34}},{"start":{"line":95,"column":17},"end":{"line":99,"column":16}}],"line":94},"8":{"loc":{"start":{"line":101,"column":13},"end":{"line":124,"column":13}},"type":"binary-expr","locations":[{"start":{"line":101,"column":13},"end":{"line":101,"column":39}},{"start":{"line":102,"column":14},"end":{"line":123,"column":19}}],"line":101},"9":{"loc":{"start":{"line":104,"column":34},"end":{"line":104,"column":53}},"type":"binary-expr","locations":[{"start":{"line":104,"column":34},"end":{"line":104,"column":46}},{"start":{"line":104,"column":50},"end":{"line":104,"column":53}}],"line":104},"10":{"loc":{"start":{"line":109,"column":30},"end":{"line":109,"column":80}},"type":"cond-expr","locations":[{"start":{"line":109,"column":48},"end":{"line":109,"column":68}},{"start":{"line":109,"column":71},"end":{"line":109,"column":80}}],"line":109},"11":{"loc":{"start":{"line":109,"column":48},"end":{"line":109,"column":68}},"type":"binary-expr","locations":[{"start":{"line":109,"column":48},"end":{"line":109,"column":57}},{"start":{"line":109,"column":61},"end":{"line":109,"column":68}}],"line":109}},"s":{"0":11,"1":11,"2":11,"3":3,"4":15,"5":3,"6":1,"7":11,"8":11,"9":11,"10":11,"11":3,"12":15,"13":15,"14":1,"15":3,"16":3,"17":1,"18":1},"f":{"0":11,"1":3,"2":15,"3":3,"4":1,"5":11,"6":3,"7":15,"8":1,"9":3},"b":{"0":[11,1],"1":[11,3],"2":[15,13],"3":[14,1],"4":[14,1],"5":[11,1],"6":[11,1],"7":[11,1],"8":[11,3],"9":[3,1],"10":[2,1],"11":[2,1]},"_coverageSchema":"332fd63041d2c1bcb487cc26dd0d5f7d97098a6c","hash":"5481991f895325edc263cea86bf8a7400a6285d1"}
,"/Users/rcopeland/Development/spark-design-system/src/react/projects/spark-core-react/src/SprkFooter/components/SprkFooterAwards/SprkFooterAwards.js": {"path":"/Users/rcopeland/Development/spark-design-system/src/react/projects/spark-core-react/src/SprkFooter/components/SprkFooterAwards/SprkFooterAwards.js","statementMap":{"0":{"start":{"line":8,"column":4},"end":{"line":8,"column":17}},"1":{"start":{"line":9,"column":4},"end":{"line":11,"column":6}},"2":{"start":{"line":10,"column":59},"end":{"line":10,"column":86}},"3":{"start":{"line":15,"column":23},"end":{"line":15,"column":33}},"4":{"start":{"line":16,"column":35},"end":{"line":16,"column":45}},"5":{"start":{"line":17,"column":4},"end":{"line":47,"column":6}},"6":{"start":{"line":23,"column":28},"end":{"line":23,"column":48}},"7":{"start":{"line":24,"column":12},"end":{"line":33,"column":14}},"8":{"start":{"line":51,"column":0},"end":{"line":77,"column":2}}},"fnMap":{"0":{"name":"(anonymous_0)","decl":{"start":{"line":7,"column":2},"end":{"line":7,"column":3}},"loc":{"start":{"line":7,"column":21},"end":{"line":12,"column":3}},"line":7},"1":{"name":"(anonymous_1)","decl":{"start":{"line":10,"column":50},"end":{"line":10,"column":51}},"loc":{"start":{"line":10,"column":59},"end":{"line":10,"column":86}},"line":10},"2":{"name":"(anonymous_2)","decl":{"start":{"line":14,"column":2},"end":{"line":14,"column":3}},"loc":{"start":{"line":14,"column":11},"end":{"line":48,"column":3}},"line":14},"3":{"name":"(anonymous_3)","decl":{"start":{"line":22,"column":34},"end":{"line":22,"column":35}},"loc":{"start":{"line":22,"column":45},"end":{"line":34,"column":11}},"line":22}},"branchMap":{"0":{"loc":{"start":{"line":23,"column":28},"end":{"line":23,"column":48}},"type":"binary-expr","locations":[{"start":{"line":23,"column":28},"end":{"line":23,"column":41}},{"start":{"line":23,"column":45},"end":{"line":23,"column":48}}],"line":23},"1":{"loc":{"start":{"line":27,"column":24},"end":{"line":27,"column":75}},"type":"cond-expr","locations":[{"start":{"line":27,"column":42},"end":{"line":27,"column":63}},{"start":{"line":27,"column":66},"end":{"line":27,"column":75}}],"line":27},"2":{"loc":{"start":{"line":27,"column":42},"end":{"line":27,"column":63}},"type":"binary-expr","locations":[{"start":{"line":27,"column":42},"end":{"line":27,"column":52}},{"start":{"line":27,"column":56},"end":{"line":27,"column":63}}],"line":27}},"s":{"0":5,"1":5,"2":10,"3":5,"4":5,"5":5,"6":10,"7":10,"8":2},"f":{"0":5,"1":10,"2":5,"3":10},"b":{"0":[10,4],"1":[9,1],"2":[9,3]},"_coverageSchema":"332fd63041d2c1bcb487cc26dd0d5f7d97098a6c","hash":"d61e35b3b5bcbbbb218c5ee780d0fc33858cd6ea"}
,"/Users/rcopeland/Development/spark-design-system/src/react/projects/spark-core-react/src/SprkFooter/components/SprkFooterConnectIcons/SprkFooterConnectIcons.js": {"path":"/Users/rcopeland/Development/spark-design-system/src/react/projects/spark-core-react/src/SprkFooter/components/SprkFooterConnectIcons/SprkFooterConnectIcons.js","statementMap":{"0":{"start":{"line":8,"column":4},"end":{"line":8,"column":17}},"1":{"start":{"line":10,"column":4},"end":{"line":12,"column":6}},"2":{"start":{"line":11,"column":64},"end":{"line":11,"column":91}},"3":{"start":{"line":16,"column":29},"end":{"line":16,"column":39}},"4":{"start":{"line":17,"column":35},"end":{"line":17,"column":45}},"5":{"start":{"line":18,"column":4},"end":{"line":47,"column":6}},"6":{"start":{"line":25,"column":30},"end":{"line":25,"column":49}},"7":{"start":{"line":26,"column":14},"end":{"line":42,"column":16}},"8":{"start":{"line":51,"column":0},"end":{"line":72,"column":2}}},"fnMap":{"0":{"name":"(anonymous_0)","decl":{"start":{"line":7,"column":2},"end":{"line":7,"column":3}},"loc":{"start":{"line":7,"column":21},"end":{"line":13,"column":3}},"line":7},"1":{"name":"(anonymous_1)","decl":{"start":{"line":11,"column":55},"end":{"line":11,"column":56}},"loc":{"start":{"line":11,"column":64},"end":{"line":11,"column":91}},"line":11},"2":{"name":"(anonymous_2)","decl":{"start":{"line":15,"column":2},"end":{"line":15,"column":3}},"loc":{"start":{"line":15,"column":11},"end":{"line":48,"column":3}},"line":15},"3":{"name":"(anonymous_3)","decl":{"start":{"line":24,"column":36},"end":{"line":24,"column":37}},"loc":{"start":{"line":24,"column":46},"end":{"line":43,"column":13}},"line":24}},"branchMap":{"0":{"loc":{"start":{"line":25,"column":30},"end":{"line":25,"column":49}},"type":"binary-expr","locations":[{"start":{"line":25,"column":30},"end":{"line":25,"column":42}},{"start":{"line":25,"column":46},"end":{"line":25,"column":49}}],"line":25},"1":{"loc":{"start":{"line":30,"column":26},"end":{"line":30,"column":76}},"type":"cond-expr","locations":[{"start":{"line":30,"column":44},"end":{"line":30,"column":64}},{"start":{"line":30,"column":67},"end":{"line":30,"column":76}}],"line":30},"2":{"loc":{"start":{"line":30,"column":44},"end":{"line":30,"column":64}},"type":"binary-expr","locations":[{"start":{"line":30,"column":44},"end":{"line":30,"column":53}},{"start":{"line":30,"column":57},"end":{"line":30,"column":64}}],"line":30}},"s":{"0":4,"1":4,"2":13,"3":4,"4":4,"5":4,"6":13,"7":13,"8":2},"f":{"0":4,"1":13,"2":4,"3":13},"b":{"0":[13,11],"1":[12,1],"2":[12,1]},"_coverageSchema":"332fd63041d2c1bcb487cc26dd0d5f7d97098a6c","hash":"e0fd3ee2080a147e7a7a1a0d6c7b2c07855621d5"}
,"/Users/rcopeland/Development/spark-design-system/src/react/projects/spark-core-react/src/SprkFooter/components/SprkFooterGlobalSection/SprkFooterGlobalSection.js": {"path":"/Users/rcopeland/Development/spark-design-system/src/react/projects/spark-core-react/src/SprkFooter/components/SprkFooterGlobalSection/SprkFooterGlobalSection.js","statementMap":{"0":{"start":{"line":8,"column":4},"end":{"line":8,"column":17}},"1":{"start":{"line":10,"column":4},"end":{"line":12,"column":6}},"2":{"start":{"line":11,"column":62},"end":{"line":11,"column":89}},"3":{"start":{"line":16,"column":28},"end":{"line":16,"column":38}},"4":{"start":{"line":17,"column":34},"end":{"line":17,"column":44}},"5":{"start":{"line":18,"column":4},"end":{"line":49,"column":6}},"6":{"start":{"line":22,"column":26},"end":{"line":22,"column":45}},"7":{"start":{"line":23,"column":10},"end":{"line":46,"column":12}},"8":{"start":{"line":53,"column":0},"end":{"line":78,"column":2}}},"fnMap":{"0":{"name":"(anonymous_0)","decl":{"start":{"line":7,"column":2},"end":{"line":7,"column":3}},"loc":{"start":{"line":7,"column":21},"end":{"line":13,"column":3}},"line":7},"1":{"name":"(anonymous_1)","decl":{"start":{"line":11,"column":53},"end":{"line":11,"column":54}},"loc":{"start":{"line":11,"column":62},"end":{"line":11,"column":89}},"line":11},"2":{"name":"(anonymous_2)","decl":{"start":{"line":15,"column":2},"end":{"line":15,"column":3}},"loc":{"start":{"line":15,"column":11},"end":{"line":50,"column":3}},"line":15},"3":{"name":"(anonymous_3)","decl":{"start":{"line":21,"column":31},"end":{"line":21,"column":32}},"loc":{"start":{"line":21,"column":41},"end":{"line":47,"column":9}},"line":21}},"branchMap":{"0":{"loc":{"start":{"line":22,"column":26},"end":{"line":22,"column":45}},"type":"binary-expr","locations":[{"start":{"line":22,"column":26},"end":{"line":22,"column":38}},{"start":{"line":22,"column":42},"end":{"line":22,"column":45}}],"line":22},"1":{"loc":{"start":{"line":28,"column":24},"end":{"line":28,"column":79}},"type":"cond-expr","locations":[{"start":{"line":28,"column":42},"end":{"line":28,"column":67}},{"start":{"line":28,"column":70},"end":{"line":28,"column":79}}],"line":28},"2":{"loc":{"start":{"line":28,"column":42},"end":{"line":28,"column":67}},"type":"binary-expr","locations":[{"start":{"line":28,"column":42},"end":{"line":28,"column":56}},{"start":{"line":28,"column":60},"end":{"line":28,"column":67}}],"line":28},"3":{"loc":{"start":{"line":31,"column":19},"end":{"line":33,"column":19}},"type":"binary-expr","locations":[{"start":{"line":31,"column":19},"end":{"line":31,"column":45}},{"start":{"line":32,"column":20},"end":{"line":32,"column":94}}],"line":31},"4":{"loc":{"start":{"line":34,"column":19},"end":{"line":36,"column":19}},"type":"binary-expr","locations":[{"start":{"line":34,"column":19},"end":{"line":34,"column":48}},{"start":{"line":35,"column":20},"end":{"line":35,"column":98}}],"line":34},"5":{"loc":{"start":{"line":37,"column":19},"end":{"line":37,"column":68}},"type":"binary-expr","locations":[{"start":{"line":37,"column":19},"end":{"line":37,"column":43}},{"start":{"line":37,"column":47},"end":{"line":37,"column":68}}],"line":37},"6":{"loc":{"start":{"line":38,"column":19},"end":{"line":40,"column":19}},"type":"binary-expr","locations":[{"start":{"line":38,"column":19},"end":{"line":38,"column":45}},{"start":{"line":39,"column":20},"end":{"line":39,"column":83}}],"line":38}},"s":{"0":6,"1":6,"2":11,"3":6,"4":6,"5":6,"6":11,"7":11,"8":2},"f":{"0":6,"1":11,"2":6,"3":11},"b":{"0":[11,9],"1":[10,1],"2":[10,10],"3":[11,6],"4":[11,4],"5":[11,1],"6":[11,5]},"_coverageSchema":"332fd63041d2c1bcb487cc26dd0d5f7d97098a6c","hash":"309372098accc5d6996fc9b05d4b75eb7b2b5a89"}
,"/Users/rcopeland/Development/spark-design-system/src/react/projects/spark-core-react/src/SprkHighlightBoard/SprkHighlightBoard.js": {"path":"/Users/rcopeland/Development/spark-design-system/src/react/projects/spark-core-react/src/SprkHighlightBoard/SprkHighlightBoard.js","statementMap":{"0":{"start":{"line":7,"column":27},"end":{"line":101,"column":1}},"1":{"start":{"line":25,"column":6},"end":{"line":25,"column":11}},"2":{"start":{"line":27,"column":2},"end":{"line":30,"column":4}},"3":{"start":{"line":32,"column":21},"end":{"line":38,"column":3}},"4":{"start":{"line":40,"column":2},"end":{"line":100,"column":4}},"5":{"start":{"line":103,"column":0},"end":{"line":132,"column":2}}},"fnMap":{"0":{"name":"(anonymous_0)","decl":{"start":{"line":7,"column":27},"end":{"line":7,"column":28}},"loc":{"start":{"line":7,"column":38},"end":{"line":101,"column":1}},"line":7}},"branchMap":{"0":{"loc":{"start":{"line":28,"column":4},"end":{"line":28,"column":46}},"type":"binary-expr","locations":[{"start":{"line":28,"column":5},"end":{"line":28,"column":11}},{"start":{"line":28,"column":15},"end":{"line":28,"column":21}},{"start":{"line":28,"column":27},"end":{"line":28,"column":34}},{"start":{"line":28,"column":38},"end":{"line":28,"column":45}}],"line":28},"1":{"loc":{"start":{"line":42,"column":7},"end":{"line":46,"column":25}},"type":"binary-expr","locations":[{"start":{"line":42,"column":7},"end":{"line":42,"column":13}},{"start":{"line":43,"column":8},"end":{"line":46,"column":25}}],"line":42},"2":{"loc":{"start":{"line":50,"column":10},"end":{"line":53,"column":15}},"type":"binary-expr","locations":[{"start":{"line":50,"column":10},"end":{"line":50,"column":17}},{"start":{"line":51,"column":10},"end":{"line":53,"column":15}}],"line":50},"3":{"loc":{"start":{"line":56,"column":10},"end":{"line":96,"column":14}},"type":"binary-expr","locations":[{"start":{"line":56,"column":11},"end":{"line":56,"column":18}},{"start":{"line":56,"column":22},"end":{"line":56,"column":30}},{"start":{"line":57,"column":8},"end":{"line":96,"column":14}}],"line":56},"4":{"loc":{"start":{"line":64,"column":42},"end":{"line":64,"column":88}},"type":"binary-expr","locations":[{"start":{"line":64,"column":42},"end":{"line":64,"column":63}},{"start":{"line":64,"column":67},"end":{"line":64,"column":88}}],"line":64},"5":{"loc":{"start":{"line":68,"column":12},"end":{"line":79,"column":18}},"type":"binary-expr","locations":[{"start":{"line":68,"column":12},"end":{"line":68,"column":19}},{"start":{"line":69,"column":12},"end":{"line":79,"column":18}}],"line":68},"6":{"loc":{"start":{"line":82,"column":12},"end":{"line":94,"column":18}},"type":"binary-expr","locations":[{"start":{"line":82,"column":12},"end":{"line":82,"column":20}},{"start":{"line":83,"column":12},"end":{"line":94,"column":18}}],"line":82}},"s":{"0":1,"1":6,"2":6,"3":6,"4":6,"5":1},"f":{"0":6},"b":{"0":[6,2,5,4],"1":[6,2],"2":[6,0],"3":[6,5,1],"4":[1,1],"5":[1,1],"6":[1,1]},"_coverageSchema":"332fd63041d2c1bcb487cc26dd0d5f7d97098a6c","hash":"a609d7d2c4131243f367928eff51cdc710e044f4"}
,"/Users/rcopeland/Development/spark-design-system/src/react/projects/spark-core-react/src/SprkIcon/SprkIcon.js": {"path":"/Users/rcopeland/Development/spark-design-system/src/react/projects/spark-core-react/src/SprkIcon/SprkIcon.js","statementMap":{"0":{"start":{"line":13,"column":2},"end":{"line":22,"column":4}},"1":{"start":{"line":25,"column":0},"end":{"line":36,"column":2}},"2":{"start":{"line":38,"column":0},"end":{"line":43,"column":2}}},"fnMap":{"0":{"name":"SprkIcon","decl":{"start":{"line":5,"column":9},"end":{"line":5,"column":17}},"loc":{"start":{"line":12,"column":3},"end":{"line":23,"column":1}},"line":12}},"branchMap":{},"s":{"0":173,"1":21,"2":21},"f":{"0":173},"b":{},"_coverageSchema":"332fd63041d2c1bcb487cc26dd0d5f7d97098a6c","hash":"66314252e2657e6430ec6e2ffd5920778e11ded0"}
,"/Users/rcopeland/Development/spark-design-system/src/react/projects/spark-core-react/src/SprkInput/SprkDatePickerInput/SprkDatePickerInput.js": {"path":"/Users/rcopeland/Development/spark-design-system/src/react/projects/spark-core-react/src/SprkInput/SprkDatePickerInput/SprkDatePickerInput.js","statementMap":{"0":{"start":{"line":8,"column":4},"end":{"line":8,"column":56}},"1":{"start":{"line":9,"column":4},"end":{"line":19,"column":6}},"2":{"start":{"line":16,"column":22},"end":{"line":18,"column":31}},"3":{"start":{"line":23,"column":33},"end":{"line":23,"column":43}},"4":{"start":{"line":24,"column":4},"end":{"line":27,"column":6}},"5":{"start":{"line":31,"column":42},"end":{"line":31,"column":52}},"6":{"start":{"line":32,"column":4},"end":{"line":32,"column":78}},"7":{"start":{"line":36,"column":0},"end":{"line":56,"column":2}},"8":{"start":{"line":58,"column":0},"end":{"line":60,"column":2}}},"fnMap":{"0":{"name":"(anonymous_0)","decl":{"start":{"line":7,"column":2},"end":{"line":7,"column":3}},"loc":{"start":{"line":7,"column":21},"end":{"line":20,"column":3}},"line":7},"1":{"name":"(anonymous_1)","decl":{"start":{"line":16,"column":14},"end":{"line":16,"column":15}},"loc":{"start":{"line":16,"column":22},"end":{"line":18,"column":31}},"line":16},"2":{"name":"(anonymous_2)","decl":{"start":{"line":22,"column":2},"end":{"line":22,"column":3}},"loc":{"start":{"line":22,"column":22},"end":{"line":28,"column":3}},"line":22},"3":{"name":"(anonymous_3)","decl":{"start":{"line":30,"column":2},"end":{"line":30,"column":3}},"loc":{"start":{"line":30,"column":11},"end":{"line":33,"column":3}},"line":30}},"branchMap":{},"s":{"0":5,"1":5,"2":1,"3":5,"4":5,"5":5,"6":5,"7":1,"8":1},"f":{"0":5,"1":1,"2":5,"3":5},"b":{},"_coverageSchema":"332fd63041d2c1bcb487cc26dd0d5f7d97098a6c","hash":"ffbd0c7941d2ffa852dab2974d92e2d088be2b13"}
,"/Users/rcopeland/Development/spark-design-system/src/react/projects/spark-core-react/src/SprkInput/SprkErrorContainer/SprkErrorContainer.js": {"path":"/Users/rcopeland/Development/spark-design-system/src/react/projects/spark-core-react/src/SprkInput/SprkErrorContainer/SprkErrorContainer.js","statementMap":{"0":{"start":{"line":6,"column":27},"end":{"line":19,"column":1}},"1":{"start":{"line":7,"column":2},"end":{"line":18,"column":8}},"2":{"start":{"line":21,"column":0},"end":{"line":27,"column":2}},"3":{"start":{"line":29,"column":0},"end":{"line":33,"column":2}}},"fnMap":{"0":{"name":"(anonymous_0)","decl":{"start":{"line":6,"column":27},"end":{"line":6,"column":28}},"loc":{"start":{"line":7,"column":2},"end":{"line":18,"column":8}},"line":7}},"branchMap":{},"s":{"0":5,"1":8,"2":5,"3":5},"f":{"0":8},"b":{},"_coverageSchema":"332fd63041d2c1bcb487cc26dd0d5f7d97098a6c","hash":"ae6062a2ad8e78e4d4c1eb6bd0d02c980e13eed0"}
,"/Users/rcopeland/Development/spark-design-system/src/react/projects/spark-core-react/src/SprkInput/SprkRevealInput/SprkRevealInput.js": {"path":"/Users/rcopeland/Development/spark-design-system/src/react/projects/spark-core-react/src/SprkInput/SprkRevealInput/SprkRevealInput.js","statementMap":{"0":{"start":{"line":8,"column":4},"end":{"line":8,"column":17}},"1":{"start":{"line":9,"column":4},"end":{"line":12,"column":6}},"2":{"start":{"line":13,"column":4},"end":{"line":13,"column":53}},"3":{"start":{"line":17,"column":4},"end":{"line":19,"column":8}},"4":{"start":{"line":17,"column":32},"end":{"line":19,"column":5}},"5":{"start":{"line":23,"column":44},"end":{"line":23,"column":54}},"6":{"start":{"line":24,"column":37},"end":{"line":24,"column":47}},"7":{"start":{"line":25,"column":4},"end":{"line":34,"column":6}},"8":{"start":{"line":38,"column":0},"end":{"line":50,"column":2}},"9":{"start":{"line":52,"column":0},"end":{"line":64,"column":2}},"10":{"start":{"line":55,"column":22},"end":{"line":55,"column":27}}},"fnMap":{"0":{"name":"(anonymous_0)","decl":{"start":{"line":7,"column":2},"end":{"line":7,"column":3}},"loc":{"start":{"line":7,"column":21},"end":{"line":14,"column":3}},"line":7},"1":{"name":"(anonymous_1)","decl":{"start":{"line":16,"column":2},"end":{"line":16,"column":3}},"loc":{"start":{"line":16,"column":17},"end":{"line":20,"column":3}},"line":16},"2":{"name":"(anonymous_2)","decl":{"start":{"line":17,"column":18},"end":{"line":17,"column":19}},"loc":{"start":{"line":17,"column":32},"end":{"line":19,"column":5}},"line":17},"3":{"name":"(anonymous_3)","decl":{"start":{"line":22,"column":2},"end":{"line":22,"column":3}},"loc":{"start":{"line":22,"column":11},"end":{"line":35,"column":3}},"line":22},"4":{"name":"(anonymous_4)","decl":{"start":{"line":55,"column":13},"end":{"line":55,"column":14}},"loc":{"start":{"line":55,"column":22},"end":{"line":55,"column":27}},"line":55}},"branchMap":{"0":{"loc":{"start":{"line":26,"column":27},"end":{"line":26,"column":59}},"type":"cond-expr","locations":[{"start":{"line":26,"column":40},"end":{"line":26,"column":46}},{"start":{"line":26,"column":49},"end":{"line":26,"column":59}}],"line":26}},"s":{"0":5,"1":5,"2":5,"3":2,"4":2,"5":7,"6":7,"7":7,"8":1,"9":1,"10":7},"f":{"0":5,"1":2,"2":2,"3":7,"4":7},"b":{"0":[1,6]},"_coverageSchema":"332fd63041d2c1bcb487cc26dd0d5f7d97098a6c","hash":"ef459177070bd726b7a3b0d829dd8d540f2bd611"}
,"/Users/rcopeland/Development/spark-design-system/src/react/projects/spark-core-react/src/SprkInput/SprkSelectionInput/SprkSelectionInput.js": {"path":"/Users/rcopeland/Development/spark-design-system/src/react/projects/spark-core-react/src/SprkInput/SprkSelectionInput/SprkSelectionInput.js","statementMap":{"0":{"start":{"line":10,"column":4},"end":{"line":10,"column":17}},"1":{"start":{"line":11,"column":4},"end":{"line":14,"column":6}},"2":{"start":{"line":13,"column":46},"end":{"line":13,"column":73}},"3":{"start":{"line":28,"column":8},"end":{"line":28,"column":18}},"4":{"start":{"line":29,"column":32},"end":{"line":29,"column":42}},"5":{"start":{"line":30,"column":4},"end":{"line":95,"column":6}},"6":{"start":{"line":43,"column":16},"end":{"line":56,"column":22}},"7":{"start":{"line":67,"column":18},"end":{"line":77,"column":19}},"8":{"start":{"line":68,"column":20},"end":{"line":76,"column":22}},"9":{"start":{"line":71,"column":26},"end":{"line":73,"column":35}},"10":{"start":{"line":78,"column":18},"end":{"line":82,"column":20}},"11":{"start":{"line":99,"column":0},"end":{"line":116,"column":2}},"12":{"start":{"line":118,"column":0},"end":{"line":127,"column":2}}},"fnMap":{"0":{"name":"(anonymous_0)","decl":{"start":{"line":9,"column":2},"end":{"line":9,"column":3}},"loc":{"start":{"line":9,"column":21},"end":{"line":15,"column":3}},"line":9},"1":{"name":"(anonymous_1)","decl":{"start":{"line":13,"column":37},"end":{"line":13,"column":38}},"loc":{"start":{"line":13,"column":46},"end":{"line":13,"column":73}},"line":13},"2":{"name":"(anonymous_2)","decl":{"start":{"line":17,"column":2},"end":{"line":17,"column":3}},"loc":{"start":{"line":17,"column":11},"end":{"line":96,"column":3}},"line":17},"3":{"name":"(anonymous_3)","decl":{"start":{"line":42,"column":31},"end":{"line":42,"column":32}},"loc":{"start":{"line":43,"column":16},"end":{"line":56,"column":22}},"line":43},"4":{"name":"(anonymous_4)","decl":{"start":{"line":66,"column":33},"end":{"line":66,"column":34}},"loc":{"start":{"line":66,"column":89},"end":{"line":83,"column":17}},"line":66},"5":{"name":"(anonymous_5)","decl":{"start":{"line":70,"column":37},"end":{"line":70,"column":38}},"loc":{"start":{"line":71,"column":26},"end":{"line":73,"column":35}},"line":71}},"branchMap":{"0":{"loc":{"start":{"line":37,"column":11},"end":{"line":59,"column":11}},"type":"binary-expr","locations":[{"start":{"line":37,"column":12},"end":{"line":37,"column":34}},{"start":{"line":37,"column":38},"end":{"line":37,"column":57}},{"start":{"line":38,"column":12},"end":{"line":58,"column":23}}],"line":37},"1":{"loc":{"start":{"line":60,"column":11},"end":{"line":90,"column":11}},"type":"binary-expr","locations":[{"start":{"line":60,"column":11},"end":{"line":60,"column":31}},{"start":{"line":61,"column":12},"end":{"line":89,"column":29}}],"line":60},"2":{"loc":{"start":{"line":67,"column":18},"end":{"line":77,"column":19}},"type":"if","locations":[{"start":{"line":67,"column":18},"end":{"line":77,"column":19}},{"start":{"line":67,"column":18},"end":{"line":77,"column":19}}],"line":67},"3":{"loc":{"start":{"line":91,"column":11},"end":{"line":91,"column":89}},"type":"binary-expr","locations":[{"start":{"line":91,"column":11},"end":{"line":91,"column":32}},{"start":{"line":91,"column":36},"end":{"line":91,"column":89}}],"line":91},"4":{"loc":{"start":{"line":92,"column":11},"end":{"line":92,"column":94}},"type":"binary-expr","locations":[{"start":{"line":92,"column":11},"end":{"line":92,"column":17}},{"start":{"line":92,"column":21},"end":{"line":92,"column":94}}],"line":92}},"s":{"0":8,"1":8,"2":9,"3":8,"4":8,"5":8,"6":6,"7":3,"8":1,"9":2,"10":2,"11":1,"12":1},"f":{"0":8,"1":9,"2":8,"3":6,"4":3,"5":2},"b":{"0":[8,5,6],"1":[8,2],"2":[1,2],"3":[8,1],"4":[8,2]},"_coverageSchema":"332fd63041d2c1bcb487cc26dd0d5f7d97098a6c","hash":"157a18bb414c05c0360b58944df148a6de626f75"}
,"/Users/rcopeland/Development/spark-design-system/src/react/projects/spark-core-react/src/SprkInput/SprkTextInput/SprkTextInput.js": {"path":"/Users/rcopeland/Development/spark-design-system/src/react/projects/spark-core-react/src/SprkInput/SprkTextInput/SprkTextInput.js","statementMap":{"0":{"start":{"line":10,"column":4},"end":{"line":10,"column":17}},"1":{"start":{"line":11,"column":4},"end":{"line":14,"column":6}},"2":{"start":{"line":35,"column":8},"end":{"line":35,"column":18}},"3":{"start":{"line":36,"column":37},"end":{"line":36,"column":47}},"4":{"start":{"line":38,"column":4},"end":{"line":101,"column":6}},"5":{"start":{"line":105,"column":0},"end":{"line":119,"column":2}},"6":{"start":{"line":121,"column":0},"end":{"line":135,"column":2}},"7":{"start":{"line":126,"column":22},"end":{"line":126,"column":27}}},"fnMap":{"0":{"name":"(anonymous_0)","decl":{"start":{"line":9,"column":2},"end":{"line":9,"column":3}},"loc":{"start":{"line":9,"column":21},"end":{"line":15,"column":3}},"line":9},"1":{"name":"(anonymous_1)","decl":{"start":{"line":17,"column":2},"end":{"line":17,"column":3}},"loc":{"start":{"line":17,"column":11},"end":{"line":102,"column":3}},"line":17},"2":{"name":"(anonymous_2)","decl":{"start":{"line":126,"column":13},"end":{"line":126,"column":14}},"loc":{"start":{"line":126,"column":22},"end":{"line":126,"column":27}},"line":126}},"branchMap":{"0":{"loc":{"start":{"line":43,"column":47},"end":{"line":43,"column":81}},"type":"binary-expr","locations":[{"start":{"line":43,"column":47},"end":{"line":43,"column":69}},{"start":{"line":43,"column":73},"end":{"line":43,"column":81}}],"line":43},"1":{"loc":{"start":{"line":48,"column":11},"end":{"line":53,"column":11}},"type":"binary-expr","locations":[{"start":{"line":48,"column":11},"end":{"line":48,"column":33}},{"start":{"line":49,"column":12},"end":{"line":52,"column":14}}],"line":48},"2":{"loc":{"start":{"line":64,"column":11},"end":{"line":76,"column":11}},"type":"binary-expr","locations":[{"start":{"line":64,"column":11},"end":{"line":64,"column":30}},{"start":{"line":65,"column":12},"end":{"line":75,"column":14}}],"line":64},"3":{"loc":{"start":{"line":73,"column":21},"end":{"line":73,"column":73}},"type":"cond-expr","locations":[{"start":{"line":73,"column":49},"end":{"line":73,"column":65}},{"start":{"line":73,"column":68},"end":{"line":73,"column":73}}],"line":73},"4":{"loc":{"start":{"line":73,"column":21},"end":{"line":73,"column":46}},"type":"binary-expr","locations":[{"start":{"line":73,"column":21},"end":{"line":73,"column":26}},{"start":{"line":73,"column":30},"end":{"line":73,"column":46}}],"line":73},"5":{"loc":{"start":{"line":77,"column":11},"end":{"line":95,"column":11}},"type":"binary-expr","locations":[{"start":{"line":77,"column":11},"end":{"line":77,"column":30}},{"start":{"line":78,"column":12},"end":{"line":94,"column":14}}],"line":77},"6":{"loc":{"start":{"line":92,"column":21},"end":{"line":92,"column":73}},"type":"cond-expr","locations":[{"start":{"line":92,"column":49},"end":{"line":92,"column":65}},{"start":{"line":92,"column":68},"end":{"line":92,"column":73}}],"line":92},"7":{"loc":{"start":{"line":92,"column":21},"end":{"line":92,"column":46}},"type":"binary-expr","locations":[{"start":{"line":92,"column":21},"end":{"line":92,"column":26}},{"start":{"line":92,"column":30},"end":{"line":92,"column":46}}],"line":92},"8":{"loc":{"start":{"line":98,"column":9},"end":{"line":98,"column":87}},"type":"binary-expr","locations":[{"start":{"line":98,"column":9},"end":{"line":98,"column":30}},{"start":{"line":98,"column":34},"end":{"line":98,"column":87}}],"line":98},"9":{"loc":{"start":{"line":99,"column":9},"end":{"line":99,"column":86}},"type":"binary-expr","locations":[{"start":{"line":99,"column":9},"end":{"line":99,"column":15}},{"start":{"line":99,"column":19},"end":{"line":99,"column":86}}],"line":99}},"s":{"0":22,"1":22,"2":24,"3":24,"4":24,"5":3,"6":3,"7":13},"f":{"0":22,"1":24,"2":13},"b":{"0":[24,23],"1":[24,1],"2":[24,3],"3":[1,2],"4":[3,2],"5":[24,21],"6":[1,20],"7":[21,20],"8":[24,1],"9":[24,2]},"_coverageSchema":"332fd63041d2c1bcb487cc26dd0d5f7d97098a6c","hash":"52e10c5f6c47e8a96847627ecfeff6946a41e32d"}
,"/Users/rcopeland/Development/spark-design-system/src/react/projects/spark-core-react/src/SprkLink/SprkLink.js": {"path":"/Users/rcopeland/Development/spark-design-system/src/react/projects/spark-core-react/src/SprkLink/SprkLink.js","statementMap":{"0":{"start":{"line":5,"column":17},"end":{"line":22,"column":1}},"1":{"start":{"line":6,"column":88},"end":{"line":6,"column":93}},"2":{"start":{"line":7,"column":21},"end":{"line":15,"column":3}},"3":{"start":{"line":17,"column":2},"end":{"line":21,"column":4}},"4":{"start":{"line":24,"column":0},"end":{"line":35,"column":2}}},"fnMap":{"0":{"name":"(anonymous_0)","decl":{"start":{"line":5,"column":17},"end":{"line":5,"column":18}},"loc":{"start":{"line":5,"column":28},"end":{"line":22,"column":1}},"line":5}},"branchMap":{},"s":{"0":1,"1":5,"2":5,"3":5,"4":1},"f":{"0":5},"b":{},"_coverageSchema":"332fd63041d2c1bcb487cc26dd0d5f7d97098a6c","hash":"b2bdda361c28fe2327e1d2b2602f33e425c2c75c"}
,"/Users/rcopeland/Development/spark-design-system/src/react/projects/spark-core-react/src/SprkMasthead/SprkMasthead.js": {"path":"/Users/rcopeland/Development/spark-design-system/src/react/projects/spark-core-react/src/SprkMasthead/SprkMasthead.js","statementMap":{"0":{"start":{"line":12,"column":4},"end":{"line":12,"column":12}},"1":{"start":{"line":13,"column":4},"end":{"line":16,"column":6}},"2":{"start":{"line":17,"column":4},"end":{"line":17,"column":59}},"3":{"start":{"line":21,"column":4},"end":{"line":27,"column":7}},"4":{"start":{"line":22,"column":6},"end":{"line":26,"column":7}},"5":{"start":{"line":23,"column":8},"end":{"line":23,"column":44}},"6":{"start":{"line":25,"column":8},"end":{"line":25,"column":45}},"7":{"start":{"line":28,"column":4},"end":{"line":30,"column":7}},"8":{"start":{"line":29,"column":6},"end":{"line":29,"column":46}},"9":{"start":{"line":34,"column":4},"end":{"line":34,"column":62}},"10":{"start":{"line":35,"column":4},"end":{"line":35,"column":73}},"11":{"start":{"line":37,"column":4},"end":{"line":39,"column":8}},"12":{"start":{"line":37,"column":32},"end":{"line":39,"column":5}},"13":{"start":{"line":42,"column":4},"end":{"line":44,"column":5}},"14":{"start":{"line":43,"column":6},"end":{"line":43,"column":70}},"15":{"start":{"line":45,"column":4},"end":{"line":47,"column":5}},"16":{"start":{"line":46,"column":6},"end":{"line":46,"column":59}},"17":{"start":{"line":64,"column":8},"end":{"line":64,"column":18}},"18":{"start":{"line":65,"column":42},"end":{"line":65,"column":52}},"19":{"start":{"line":67,"column":4},"end":{"line":110,"column":6}},"20":{"start":{"line":114,"column":0},"end":{"line":190,"column":2}},"21":{"start":{"line":192,"column":0},"end":{"line":204,"column":2}}},"fnMap":{"0":{"name":"(anonymous_0)","decl":{"start":{"line":11,"column":2},"end":{"line":11,"column":3}},"loc":{"start":{"line":11,"column":16},"end":{"line":18,"column":3}},"line":11},"1":{"name":"(anonymous_1)","decl":{"start":{"line":20,"column":2},"end":{"line":20,"column":3}},"loc":{"start":{"line":20,"column":22},"end":{"line":31,"column":3}},"line":20},"2":{"name":"(anonymous_2)","decl":{"start":{"line":21,"column":38},"end":{"line":21,"column":39}},"loc":{"start":{"line":21,"column":44},"end":{"line":27,"column":5}},"line":21},"3":{"name":"(anonymous_3)","decl":{"start":{"line":28,"column":49},"end":{"line":28,"column":50}},"loc":{"start":{"line":28,"column":55},"end":{"line":30,"column":5}},"line":28},"4":{"name":"(anonymous_4)","decl":{"start":{"line":33,"column":2},"end":{"line":33,"column":3}},"loc":{"start":{"line":33,"column":20},"end":{"line":48,"column":3}},"line":33},"5":{"name":"(anonymous_5)","decl":{"start":{"line":37,"column":18},"end":{"line":37,"column":19}},"loc":{"start":{"line":37,"column":32},"end":{"line":39,"column":5}},"line":37},"6":{"name":"(anonymous_6)","decl":{"start":{"line":51,"column":2},"end":{"line":51,"column":3}},"loc":{"start":{"line":51,"column":11},"end":{"line":111,"column":3}},"line":51}},"branchMap":{"0":{"loc":{"start":{"line":22,"column":6},"end":{"line":26,"column":7}},"type":"if","locations":[{"start":{"line":22,"column":6},"end":{"line":26,"column":7}},{"start":{"line":22,"column":6},"end":{"line":26,"column":7}}],"line":22},"1":{"loc":{"start":{"line":42,"column":4},"end":{"line":44,"column":5}},"type":"if","locations":[{"start":{"line":42,"column":4},"end":{"line":44,"column":5}},{"start":{"line":42,"column":4},"end":{"line":44,"column":5}}],"line":42},"2":{"loc":{"start":{"line":45,"column":4},"end":{"line":47,"column":5}},"type":"if","locations":[{"start":{"line":45,"column":4},"end":{"line":47,"column":5}},{"start":{"line":45,"column":4},"end":{"line":47,"column":5}}],"line":45},"3":{"loc":{"start":{"line":89,"column":11},"end":{"line":97,"column":11}},"type":"binary-expr","locations":[{"start":{"line":89,"column":12},"end":{"line":89,"column":37}},{"start":{"line":89,"column":41},"end":{"line":89,"column":67}},{"start":{"line":91,"column":10},"end":{"line":96,"column":12}}],"line":89},"4":{"loc":{"start":{"line":93,"column":21},"end":{"line":93,"column":64}},"type":"cond-expr","locations":[{"start":{"line":93,"column":46},"end":{"line":93,"column":54}},{"start":{"line":93,"column":57},"end":{"line":93,"column":64}}],"line":93},"5":{"loc":{"start":{"line":101,"column":9},"end":{"line":101,"column":77}},"type":"binary-expr","locations":[{"start":{"line":101,"column":9},"end":{"line":101,"column":31}},{"start":{"line":101,"column":35},"end":{"line":101,"column":77}}],"line":101},"6":{"loc":{"start":{"line":102,"column":9},"end":{"line":108,"column":9}},"type":"binary-expr","locations":[{"start":{"line":102,"column":9},"end":{"line":102,"column":34}},{"start":{"line":103,"column":8},"end":{"line":107,"column":10}}],"line":102}},"s":{"0":17,"1":17,"2":17,"3":17,"4":17,"5":8,"6":9,"7":17,"8":10,"9":2,"10":2,"11":2,"12":2,"13":2,"14":1,"15":2,"16":1,"17":46,"18":46,"19":46,"20":1,"21":1},"f":{"0":17,"1":17,"2":17,"3":10,"4":2,"5":2,"6":46},"b":{"0":[8,9],"1":[1,1],"2":[1,1],"3":[46,42,5],"4":[1,4],"5":[46,1],"6":[46,1]},"_coverageSchema":"332fd63041d2c1bcb487cc26dd0d5f7d97098a6c","hash":"6a60a9dd67baf567420009056dfdd4d1376fa963"}
,"/Users/rcopeland/Development/spark-design-system/src/react/projects/spark-core-react/src/SprkMasthead/components/SprkMastheadAccordion/SprkMastheadAccordion.js": {"path":"/Users/rcopeland/Development/spark-design-system/src/react/projects/spark-core-react/src/SprkMasthead/components/SprkMastheadAccordion/SprkMastheadAccordion.js","statementMap":{"0":{"start":{"line":9,"column":4},"end":{"line":9,"column":17}},"1":{"start":{"line":10,"column":4},"end":{"line":12,"column":6}},"2":{"start":{"line":11,"column":38},"end":{"line":11,"column":65}},"3":{"start":{"line":18,"column":8},"end":{"line":18,"column":18}},"4":{"start":{"line":21,"column":8},"end":{"line":21,"column":18}},"5":{"start":{"line":22,"column":4},"end":{"line":35,"column":6}},"6":{"start":{"line":29,"column":10},"end":{"line":32,"column":12}},"7":{"start":{"line":39,"column":0},"end":{"line":57,"column":2}},"8":{"start":{"line":59,"column":0},"end":{"line":64,"column":2}}},"fnMap":{"0":{"name":"(anonymous_0)","decl":{"start":{"line":8,"column":2},"end":{"line":8,"column":3}},"loc":{"start":{"line":8,"column":21},"end":{"line":13,"column":3}},"line":8},"1":{"name":"(anonymous_1)","decl":{"start":{"line":11,"column":29},"end":{"line":11,"column":30}},"loc":{"start":{"line":11,"column":38},"end":{"line":11,"column":65}},"line":11},"2":{"name":"(anonymous_2)","decl":{"start":{"line":15,"column":2},"end":{"line":15,"column":3}},"loc":{"start":{"line":15,"column":11},"end":{"line":36,"column":3}},"line":15},"3":{"name":"(anonymous_3)","decl":{"start":{"line":28,"column":19},"end":{"line":28,"column":20}},"loc":{"start":{"line":29,"column":10},"end":{"line":32,"column":12}},"line":29}},"branchMap":{},"s":{"0":7,"1":7,"2":4,"3":7,"4":7,"5":7,"6":4,"7":3,"8":3},"f":{"0":7,"1":4,"2":7,"3":4},"b":{},"_coverageSchema":"332fd63041d2c1bcb487cc26dd0d5f7d97098a6c","hash":"96d43fb94e3dbf4719e2288fbb802ac73f03599b"}
,"/Users/rcopeland/Development/spark-design-system/src/react/projects/spark-core-react/src/SprkMasthead/components/SprkMastheadAccordionItem/SprkMastheadAccordionItem.js": {"path":"/Users/rcopeland/Development/spark-design-system/src/react/projects/spark-core-react/src/SprkMasthead/components/SprkMastheadAccordionItem/SprkMastheadAccordionItem.js","statementMap":{"0":{"start":{"line":10,"column":4},"end":{"line":10,"column":17}},"1":{"start":{"line":11,"column":41},"end":{"line":11,"column":51}},"2":{"start":{"line":12,"column":4},"end":{"line":16,"column":6}},"3":{"start":{"line":15,"column":44},"end":{"line":15,"column":71}},"4":{"start":{"line":17,"column":4},"end":{"line":17,"column":67}},"5":{"start":{"line":21,"column":4},"end":{"line":24,"column":8}},"6":{"start":{"line":21,"column":32},"end":{"line":24,"column":5}},"7":{"start":{"line":41,"column":8},"end":{"line":41,"column":18}},"8":{"start":{"line":42,"column":56},"end":{"line":42,"column":66}},"9":{"start":{"line":43,"column":20},"end":{"line":43,"column":27}},"10":{"start":{"line":44,"column":4},"end":{"line":122,"column":6}},"11":{"start":{"line":79,"column":22},"end":{"line":79,"column":32}},"12":{"start":{"line":80,"column":39},"end":{"line":80,"column":58}},"13":{"start":{"line":81,"column":18},"end":{"line":93,"column":20}},"14":{"start":{"line":126,"column":0},"end":{"line":158,"column":2}},"15":{"start":{"line":160,"column":0},"end":{"line":172,"column":2}}},"fnMap":{"0":{"name":"(anonymous_0)","decl":{"start":{"line":9,"column":2},"end":{"line":9,"column":3}},"loc":{"start":{"line":9,"column":21},"end":{"line":18,"column":3}},"line":9},"1":{"name":"(anonymous_1)","decl":{"start":{"line":15,"column":35},"end":{"line":15,"column":36}},"loc":{"start":{"line":15,"column":44},"end":{"line":15,"column":71}},"line":15},"2":{"name":"(anonymous_2)","decl":{"start":{"line":20,"column":2},"end":{"line":20,"column":3}},"loc":{"start":{"line":20,"column":24},"end":{"line":25,"column":3}},"line":20},"3":{"name":"(anonymous_3)","decl":{"start":{"line":21,"column":18},"end":{"line":21,"column":19}},"loc":{"start":{"line":21,"column":32},"end":{"line":24,"column":5}},"line":21},"4":{"name":"(anonymous_4)","decl":{"start":{"line":27,"column":2},"end":{"line":27,"column":3}},"loc":{"start":{"line":27,"column":11},"end":{"line":123,"column":3}},"line":27},"5":{"name":"(anonymous_5)","decl":{"start":{"line":72,"column":32},"end":{"line":72,"column":33}},"loc":{"start":{"line":72,"column":48},"end":{"line":94,"column":17}},"line":72}},"branchMap":{"0":{"loc":{"start":{"line":13,"column":14},"end":{"line":13,"column":34}},"type":"binary-expr","locations":[{"start":{"line":13,"column":14},"end":{"line":13,"column":25}},{"start":{"line":13,"column":29},"end":{"line":13,"column":34}}],"line":13},"1":{"loc":{"start":{"line":14,"column":14},"end":{"line":14,"column":38}},"type":"cond-expr","locations":[{"start":{"line":14,"column":28},"end":{"line":14,"column":34}},{"start":{"line":14,"column":37},"end":{"line":14,"column":38}}],"line":14},"2":{"loc":{"start":{"line":23,"column":14},"end":{"line":23,"column":44}},"type":"cond-expr","locations":[{"start":{"line":23,"column":34},"end":{"line":23,"column":40}},{"start":{"line":23,"column":43},"end":{"line":23,"column":44}}],"line":23},"3":{"loc":{"start":{"line":56,"column":9},"end":{"line":98,"column":9}},"type":"binary-expr","locations":[{"start":{"line":56,"column":9},"end":{"line":56,"column":30}},{"start":{"line":57,"column":10},"end":{"line":97,"column":27}}],"line":56},"4":{"loc":{"start":{"line":62,"column":29},"end":{"line":62,"column":54}},"type":"cond-expr","locations":[{"start":{"line":62,"column":38},"end":{"line":62,"column":44}},{"start":{"line":62,"column":47},"end":{"line":62,"column":54}}],"line":62},"5":{"loc":{"start":{"line":80,"column":39},"end":{"line":80,"column":58}},"type":"binary-expr","locations":[{"start":{"line":80,"column":39},"end":{"line":80,"column":51}},{"start":{"line":80,"column":55},"end":{"line":80,"column":58}}],"line":80},"6":{"loc":{"start":{"line":84,"column":30},"end":{"line":84,"column":85}},"type":"cond-expr","locations":[{"start":{"line":84,"column":53},"end":{"line":84,"column":73}},{"start":{"line":84,"column":76},"end":{"line":84,"column":85}}],"line":84},"7":{"loc":{"start":{"line":84,"column":53},"end":{"line":84,"column":73}},"type":"binary-expr","locations":[{"start":{"line":84,"column":53},"end":{"line":84,"column":62}},{"start":{"line":84,"column":66},"end":{"line":84,"column":73}}],"line":84},"8":{"loc":{"start":{"line":99,"column":9},"end":{"line":120,"column":9}},"type":"binary-expr","locations":[{"start":{"line":99,"column":9},"end":{"line":99,"column":31}},{"start":{"line":100,"column":10},"end":{"line":119,"column":20}}],"line":99},"9":{"loc":{"start":{"line":107,"column":18},"end":{"line":107,"column":52}},"type":"cond-expr","locations":[{"start":{"line":107,"column":36},"end":{"line":107,"column":40}},{"start":{"line":107,"column":43},"end":{"line":107,"column":52}}],"line":107},"10":{"loc":{"start":{"line":111,"column":15},"end":{"line":116,"column":15}},"type":"binary-expr","locations":[{"start":{"line":111,"column":15},"end":{"line":111,"column":26}},{"start":{"line":112,"column":16},"end":{"line":115,"column":18}}],"line":111}},"s":{"0":18,"1":18,"2":18,"3":5,"4":18,"5":3,"6":3,"7":21,"8":21,"9":21,"10":21,"11":8,"12":8,"13":8,"14":4,"15":4},"f":{"0":18,"1":5,"2":3,"3":3,"4":21,"5":8},"b":{"0":[18,17],"1":[1,17],"2":[2,1],"3":[21,8],"4":[2,6],"5":[8,5],"6":[7,1],"7":[7,6],"8":[21,13],"9":[11,2],"10":[13,1]},"_coverageSchema":"332fd63041d2c1bcb487cc26dd0d5f7d97098a6c","hash":"dca998c0f9e8a997e072f73e6623b30d9ee84d67"}
,"/Users/rcopeland/Development/spark-design-system/src/react/projects/spark-core-react/src/SprkMasthead/components/SprkMastheadBigNav/SprkMastheadBigNav.js": {"path":"/Users/rcopeland/Development/spark-design-system/src/react/projects/spark-core-react/src/SprkMasthead/components/SprkMastheadBigNav/SprkMastheadBigNav.js","statementMap":{"0":{"start":{"line":9,"column":4},"end":{"line":9,"column":17}},"1":{"start":{"line":10,"column":4},"end":{"line":12,"column":6}},"2":{"start":{"line":11,"column":38},"end":{"line":11,"column":65}},"3":{"start":{"line":18,"column":8},"end":{"line":18,"column":18}},"4":{"start":{"line":21,"column":8},"end":{"line":21,"column":18}},"5":{"start":{"line":22,"column":4},"end":{"line":66,"column":6}},"6":{"start":{"line":37,"column":20},"end":{"line":37,"column":24}},"7":{"start":{"line":38,"column":32},"end":{"line":38,"column":46}},"8":{"start":{"line":39,"column":16},"end":{"line":60,"column":18}},"9":{"start":{"line":70,"column":0},"end":{"line":88,"column":2}},"10":{"start":{"line":90,"column":0},"end":{"line":94,"column":2}}},"fnMap":{"0":{"name":"(anonymous_0)","decl":{"start":{"line":8,"column":2},"end":{"line":8,"column":3}},"loc":{"start":{"line":8,"column":21},"end":{"line":13,"column":3}},"line":8},"1":{"name":"(anonymous_1)","decl":{"start":{"line":11,"column":29},"end":{"line":11,"column":30}},"loc":{"start":{"line":11,"column":38},"end":{"line":11,"column":65}},"line":11},"2":{"name":"(anonymous_2)","decl":{"start":{"line":15,"column":2},"end":{"line":15,"column":3}},"loc":{"start":{"line":15,"column":11},"end":{"line":67,"column":3}},"line":15},"3":{"name":"(anonymous_3)","decl":{"start":{"line":34,"column":25},"end":{"line":34,"column":26}},"loc":{"start":{"line":34,"column":35},"end":{"line":61,"column":15}},"line":34}},"branchMap":{"0":{"loc":{"start":{"line":38,"column":32},"end":{"line":38,"column":46}},"type":"binary-expr","locations":[{"start":{"line":38,"column":32},"end":{"line":38,"column":39}},{"start":{"line":38,"column":43},"end":{"line":38,"column":46}}],"line":38},"1":{"loc":{"start":{"line":48,"column":22},"end":{"line":49,"column":172}},"type":"binary-expr","locations":[{"start":{"line":48,"column":22},"end":{"line":48,"column":39}},{"start":{"line":49,"column":27},"end":{"line":49,"column":172}}],"line":48},"2":{"loc":{"start":{"line":51,"column":22},"end":{"line":57,"column":21}},"type":"binary-expr","locations":[{"start":{"line":51,"column":22},"end":{"line":51,"column":38}},{"start":{"line":53,"column":20},"end":{"line":56,"column":22}}],"line":51}},"s":{"0":7,"1":7,"2":9,"3":7,"4":7,"5":7,"6":9,"7":9,"8":9,"9":2,"10":2},"f":{"0":7,"1":9,"2":7,"3":9},"b":{"0":[9,9],"1":[9,7],"2":[9,2]},"_coverageSchema":"332fd63041d2c1bcb487cc26dd0d5f7d97098a6c","hash":"3577b48427208ab38169be96d5891b5eceaf5d65"}
,"/Users/rcopeland/Development/spark-design-system/src/react/projects/spark-core-react/src/SprkMasthead/components/SprkMastheadDropdown/SprkMastheadDropdown.js": {"path":"/Users/rcopeland/Development/spark-design-system/src/react/projects/spark-core-react/src/SprkMasthead/components/SprkMastheadDropdown/SprkMastheadDropdown.js","statementMap":{"0":{"start":{"line":10,"column":4},"end":{"line":10,"column":17}},"1":{"start":{"line":11,"column":4},"end":{"line":14,"column":6}},"2":{"start":{"line":13,"column":52},"end":{"line":13,"column":79}},"3":{"start":{"line":15,"column":4},"end":{"line":15,"column":65}},"4":{"start":{"line":16,"column":4},"end":{"line":16,"column":49}},"5":{"start":{"line":17,"column":4},"end":{"line":17,"column":67}},"6":{"start":{"line":18,"column":4},"end":{"line":18,"column":55}},"7":{"start":{"line":19,"column":4},"end":{"line":19,"column":35}},"8":{"start":{"line":23,"column":4},"end":{"line":23,"column":56}},"9":{"start":{"line":24,"column":4},"end":{"line":24,"column":65}},"10":{"start":{"line":25,"column":4},"end":{"line":25,"column":63}},"11":{"start":{"line":29,"column":4},"end":{"line":29,"column":59}},"12":{"start":{"line":30,"column":4},"end":{"line":30,"column":68}},"13":{"start":{"line":31,"column":4},"end":{"line":31,"column":66}},"14":{"start":{"line":35,"column":4},"end":{"line":37,"column":5}},"15":{"start":{"line":36,"column":6},"end":{"line":36,"column":27}},"16":{"start":{"line":41,"column":4},"end":{"line":43,"column":5}},"17":{"start":{"line":42,"column":6},"end":{"line":42,"column":27}},"18":{"start":{"line":47,"column":4},"end":{"line":49,"column":7}},"19":{"start":{"line":53,"column":4},"end":{"line":55,"column":8}},"20":{"start":{"line":53,"column":32},"end":{"line":55,"column":5}},"21":{"start":{"line":70,"column":8},"end":{"line":70,"column":18}},"22":{"start":{"line":71,"column":36},"end":{"line":71,"column":46}},"23":{"start":{"line":72,"column":4},"end":{"line":124,"column":6}},"24":{"start":{"line":105,"column":18},"end":{"line":105,"column":24}},"25":{"start":{"line":106,"column":30},"end":{"line":106,"column":44}},"26":{"start":{"line":107,"column":14},"end":{"line":116,"column":23}},"27":{"start":{"line":128,"column":0},"end":{"line":163,"column":2}},"28":{"start":{"line":165,"column":0},"end":{"line":180,"column":2}}},"fnMap":{"0":{"name":"(anonymous_0)","decl":{"start":{"line":9,"column":2},"end":{"line":9,"column":3}},"loc":{"start":{"line":9,"column":21},"end":{"line":20,"column":3}},"line":9},"1":{"name":"(anonymous_1)","decl":{"start":{"line":13,"column":43},"end":{"line":13,"column":44}},"loc":{"start":{"line":13,"column":52},"end":{"line":13,"column":79}},"line":13},"2":{"name":"(anonymous_2)","decl":{"start":{"line":22,"column":2},"end":{"line":22,"column":3}},"loc":{"start":{"line":22,"column":22},"end":{"line":26,"column":3}},"line":22},"3":{"name":"(anonymous_3)","decl":{"start":{"line":28,"column":2},"end":{"line":28,"column":3}},"loc":{"start":{"line":28,"column":25},"end":{"line":32,"column":3}},"line":28},"4":{"name":"(anonymous_4)","decl":{"start":{"line":34,"column":2},"end":{"line":34,"column":3}},"loc":{"start":{"line":34,"column":16},"end":{"line":38,"column":3}},"line":34},"5":{"name":"(anonymous_5)","decl":{"start":{"line":40,"column":2},"end":{"line":40,"column":3}},"loc":{"start":{"line":40,"column":25},"end":{"line":44,"column":3}},"line":40},"6":{"name":"(anonymous_6)","decl":{"start":{"line":46,"column":2},"end":{"line":46,"column":3}},"loc":{"start":{"line":46,"column":18},"end":{"line":50,"column":3}},"line":46},"7":{"name":"(anonymous_7)","decl":{"start":{"line":52,"column":2},"end":{"line":52,"column":3}},"loc":{"start":{"line":52,"column":23},"end":{"line":56,"column":3}},"line":52},"8":{"name":"(anonymous_8)","decl":{"start":{"line":53,"column":18},"end":{"line":53,"column":19}},"loc":{"start":{"line":53,"column":32},"end":{"line":55,"column":5}},"line":53},"9":{"name":"(anonymous_9)","decl":{"start":{"line":58,"column":2},"end":{"line":58,"column":3}},"loc":{"start":{"line":58,"column":11},"end":{"line":125,"column":3}},"line":58},"10":{"name":"(anonymous_10)","decl":{"start":{"line":102,"column":29},"end":{"line":102,"column":30}},"loc":{"start":{"line":102,"column":41},"end":{"line":117,"column":13}},"line":102}},"branchMap":{"0":{"loc":{"start":{"line":35,"column":4},"end":{"line":37,"column":5}},"type":"if","locations":[{"start":{"line":35,"column":4},"end":{"line":37,"column":5}},{"start":{"line":35,"column":4},"end":{"line":37,"column":5}}],"line":35},"1":{"loc":{"start":{"line":41,"column":4},"end":{"line":43,"column":5}},"type":"if","locations":[{"start":{"line":41,"column":4},"end":{"line":43,"column":5}},{"start":{"line":41,"column":4},"end":{"line":43,"column":5}}],"line":41},"2":{"loc":{"start":{"line":82,"column":26},"end":{"line":82,"column":56}},"type":"binary-expr","locations":[{"start":{"line":82,"column":26},"end":{"line":82,"column":41}},{"start":{"line":82,"column":45},"end":{"line":82,"column":56}}],"line":82},"3":{"loc":{"start":{"line":83,"column":19},"end":{"line":83,"column":42}},"type":"binary-expr","locations":[{"start":{"line":83,"column":19},"end":{"line":83,"column":27}},{"start":{"line":83,"column":31},"end":{"line":83,"column":42}}],"line":83},"4":{"loc":{"start":{"line":91,"column":9},"end":{"line":121,"column":9}},"type":"binary-expr","locations":[{"start":{"line":91,"column":9},"end":{"line":91,"column":15}},{"start":{"line":93,"column":8},"end":{"line":120,"column":14}}],"line":91},"5":{"loc":{"start":{"line":94,"column":11},"end":{"line":99,"column":11}},"type":"binary-expr","locations":[{"start":{"line":94,"column":11},"end":{"line":94,"column":23}},{"start":{"line":96,"column":10},"end":{"line":98,"column":16}}],"line":94},"6":{"loc":{"start":{"line":106,"column":30},"end":{"line":106,"column":44}},"type":"binary-expr","locations":[{"start":{"line":106,"column":30},"end":{"line":106,"column":37}},{"start":{"line":106,"column":41},"end":{"line":106,"column":44}}],"line":106},"7":{"loc":{"start":{"line":110,"column":26},"end":{"line":110,"column":71}},"type":"cond-expr","locations":[{"start":{"line":110,"column":44},"end":{"line":110,"column":59}},{"start":{"line":110,"column":62},"end":{"line":110,"column":71}}],"line":110},"8":{"loc":{"start":{"line":110,"column":44},"end":{"line":110,"column":59}},"type":"binary-expr","locations":[{"start":{"line":110,"column":44},"end":{"line":110,"column":48}},{"start":{"line":110,"column":52},"end":{"line":110,"column":59}}],"line":110}},"s":{"0":16,"1":16,"2":12,"3":16,"4":16,"5":16,"6":16,"7":16,"8":16,"9":16,"10":16,"11":1,"12":1,"13":1,"14":2,"15":1,"16":2,"17":1,"18":2,"19":7,"20":7,"21":25,"22":25,"23":25,"24":6,"25":6,"26":6,"27":3,"28":3},"f":{"0":16,"1":12,"2":16,"3":1,"4":2,"5":2,"6":2,"7":7,"8":7,"9":25,"10":6},"b":{"0":[1,1],"1":[1,1],"2":[25,24],"3":[25,24],"4":[25,7],"5":[7,1],"6":[6,4],"7":[4,2],"8":[4,4]},"_coverageSchema":"332fd63041d2c1bcb487cc26dd0d5f7d97098a6c","hash":"5284e6c8e1d8ea8d97da18e901a290b27564a0ff"}
,"/Users/rcopeland/Development/spark-design-system/src/react/projects/spark-core-react/src/SprkMasthead/components/SprkMastheadLittleNav/SprkMastheadLittleNav.js": {"path":"/Users/rcopeland/Development/spark-design-system/src/react/projects/spark-core-react/src/SprkMasthead/components/SprkMastheadLittleNav/SprkMastheadLittleNav.js","statementMap":{"0":{"start":{"line":9,"column":4},"end":{"line":9,"column":17}},"1":{"start":{"line":10,"column":39},"end":{"line":10,"column":44}},"2":{"start":{"line":11,"column":4},"end":{"line":14,"column":6}},"3":{"start":{"line":12,"column":52},"end":{"line":12,"column":79}},"4":{"start":{"line":13,"column":32},"end":{"line":13,"column":59}},"5":{"start":{"line":24,"column":8},"end":{"line":24,"column":18}},"6":{"start":{"line":28,"column":8},"end":{"line":28,"column":18}},"7":{"start":{"line":29,"column":4},"end":{"line":90,"column":6}},"8":{"start":{"line":59,"column":16},"end":{"line":59,"column":20}},"9":{"start":{"line":60,"column":28},"end":{"line":60,"column":42}},"10":{"start":{"line":61,"column":12},"end":{"line":71,"column":14}},"11":{"start":{"line":84,"column":12},"end":{"line":86,"column":17}},"12":{"start":{"line":94,"column":0},"end":{"line":128,"column":2}},"13":{"start":{"line":130,"column":0},"end":{"line":138,"column":2}}},"fnMap":{"0":{"name":"(anonymous_0)","decl":{"start":{"line":8,"column":2},"end":{"line":8,"column":3}},"loc":{"start":{"line":8,"column":21},"end":{"line":15,"column":3}},"line":8},"1":{"name":"(anonymous_1)","decl":{"start":{"line":12,"column":43},"end":{"line":12,"column":44}},"loc":{"start":{"line":12,"column":52},"end":{"line":12,"column":79}},"line":12},"2":{"name":"(anonymous_2)","decl":{"start":{"line":13,"column":23},"end":{"line":13,"column":24}},"loc":{"start":{"line":13,"column":32},"end":{"line":13,"column":59}},"line":13},"3":{"name":"(anonymous_3)","decl":{"start":{"line":17,"column":2},"end":{"line":17,"column":3}},"loc":{"start":{"line":17,"column":11},"end":{"line":91,"column":3}},"line":17},"4":{"name":"(anonymous_4)","decl":{"start":{"line":56,"column":21},"end":{"line":56,"column":22}},"loc":{"start":{"line":56,"column":31},"end":{"line":72,"column":11}},"line":56},"5":{"name":"(anonymous_5)","decl":{"start":{"line":83,"column":31},"end":{"line":83,"column":32}},"loc":{"start":{"line":84,"column":12},"end":{"line":86,"column":17}},"line":84}},"branchMap":{"0":{"loc":{"start":{"line":37,"column":9},"end":{"line":44,"column":11}},"type":"binary-expr","locations":[{"start":{"line":37,"column":9},"end":{"line":37,"column":23}},{"start":{"line":39,"column":10},"end":{"line":43,"column":16}}],"line":37},"1":{"loc":{"start":{"line":60,"column":28},"end":{"line":60,"column":42}},"type":"binary-expr","locations":[{"start":{"line":60,"column":28},"end":{"line":60,"column":35}},{"start":{"line":60,"column":39},"end":{"line":60,"column":42}}],"line":60},"2":{"loc":{"start":{"line":65,"column":24},"end":{"line":65,"column":69}},"type":"cond-expr","locations":[{"start":{"line":65,"column":42},"end":{"line":65,"column":57}},{"start":{"line":65,"column":60},"end":{"line":65,"column":69}}],"line":65},"3":{"loc":{"start":{"line":65,"column":42},"end":{"line":65,"column":57}},"type":"binary-expr","locations":[{"start":{"line":65,"column":42},"end":{"line":65,"column":46}},{"start":{"line":65,"column":50},"end":{"line":65,"column":57}}],"line":65}},"s":{"0":16,"1":16,"2":16,"3":2,"4":15,"5":16,"6":16,"7":16,"8":15,"9":15,"10":15,"11":2,"12":2,"13":2},"f":{"0":16,"1":2,"2":15,"3":16,"4":15,"5":2},"b":{"0":[16,1],"1":[15,13],"2":[14,1],"3":[14,13]},"_coverageSchema":"332fd63041d2c1bcb487cc26dd0d5f7d97098a6c","hash":"48c26e5188508d0e21061da3833303e2395f5de0"}
[...]
,"/Users/rcopeland/Development/spark-design-system/src/react/projects/spark-core-react/src/SprkSpinner/SprkSpinner.js": {"path":"/Users/rcopeland/Development/spark-design-system/src/react/projects/spark-core-react/src/SprkSpinner/SprkSpinner.js","statementMap":{"0":{"start":{"line":6,"column":2},"end":{"line":15,"column":4}},"1":{"start":{"line":18,"column":0},"end":{"line":22,"column":1}},"2":{"start":{"line":24,"column":0},"end":{"line":27,"column":1}}},"fnMap":{"0":{"name":"SprkSpinner","decl":{"start":{"line":5,"column":9},"end":{"line":5,"column":20}},"loc":{"start":{"line":5,"column":49},"end":{"line":16,"column":1}},"line":5}},"branchMap":{},"s":{"0":5,"1":3,"2":3},"f":{"0":5},"b":{},"_coverageSchema":"332fd63041d2c1bcb487cc26dd0d5f7d97098a6c","hash":"7288d8695c7b2d8230cd37912ab2144f71144af9"}
,"/Users/rcopeland/Development/spark-design-system/src/react/projects/spark-core-react/src/SprkTabs/SprkTabs.js": {"path":"/Users/rcopeland/Development/spark-design-system/src/react/projects/spark-core-react/src/SprkTabs/SprkTabs.js","statementMap":{"0":{"start":{"line":16,"column":4},"end":{"line":16,"column":17}},"1":{"start":{"line":17,"column":4},"end":{"line":17,"column":57}},"2":{"start":{"line":18,"column":4},"end":{"line":18,"column":67}},"3":{"start":{"line":19,"column":4},"end":{"line":19,"column":71}},"4":{"start":{"line":20,"column":4},"end":{"line":20,"column":67}},"5":{"start":{"line":21,"column":4},"end":{"line":21,"column":63}},"6":{"start":{"line":22,"column":4},"end":{"line":22,"column":49}},"7":{"start":{"line":23,"column":4},"end":{"line":23,"column":49}},"8":{"start":{"line":24,"column":4},"end":{"line":24,"column":46}},"9":{"start":{"line":25,"column":25},"end":{"line":25,"column":35}},"10":{"start":{"line":26,"column":19},"end":{"line":26,"column":55}},"11":{"start":{"line":26,"column":38},"end":{"line":26,"column":54}},"12":{"start":{"line":27,"column":4},"end":{"line":27,"column":28}},"13":{"start":{"line":37,"column":27},"end":{"line":37,"column":37}},"14":{"start":{"line":39,"column":4},"end":{"line":39,"column":31}},"15":{"start":{"line":40,"column":4},"end":{"line":40,"column":62}},"16":{"start":{"line":41,"column":4},"end":{"line":43,"column":7}},"17":{"start":{"line":42,"column":6},"end":{"line":42,"column":64}},"18":{"start":{"line":52,"column":25},"end":{"line":52,"column":35}},"19":{"start":{"line":53,"column":23},"end":{"line":53,"column":33}},"20":{"start":{"line":54,"column":18},"end":{"line":54,"column":19}},"21":{"start":{"line":56,"column":4},"end":{"line":66,"column":7}},"22":{"start":{"line":57,"column":6},"end":{"line":61,"column":7}},"23":{"start":{"line":58,"column":8},"end":{"line":58,"column":51}},"24":{"start":{"line":60,"column":8},"end":{"line":60,"column":21}},"25":{"start":{"line":63,"column":6},"end":{"line":65,"column":7}},"26":{"start":{"line":64,"column":8},"end":{"line":64,"column":47}},"27":{"start":{"line":74,"column":33},"end":{"line":74,"column":43}},"28":{"start":{"line":76,"column":4},"end":{"line":80,"column":7}},"29":{"start":{"line":77,"column":6},"end":{"line":79,"column":7}},"30":{"start":{"line":78,"column":8},"end":{"line":78,"column":25}},"31":{"start":{"line":81,"column":4},"end":{"line":81,"column":20}},"32":{"start":{"line":85,"column":23},"end":{"line":85,"column":33}},"33":{"start":{"line":86,"column":4},"end":{"line":97,"column":5}},"34":{"start":{"line":87,"column":6},"end":{"line":90,"column":9}},"35":{"start":{"line":92,"column":32},"end":{"line":92,"column":60}},"36":{"start":{"line":93,"column":6},"end":{"line":96,"column":9}},"37":{"start":{"line":101,"column":23},"end":{"line":101,"column":33}},"38":{"start":{"line":102,"column":4},"end":{"line":113,"column":5}},"39":{"start":{"line":103,"column":32},"end":{"line":103,"column":60}},"40":{"start":{"line":104,"column":6},"end":{"line":107,"column":9}},"41":{"start":{"line":109,"column":6},"end":{"line":112,"column":9}},"42":{"start":{"line":122,"column":23},"end":{"line":122,"column":33}},"43":{"start":{"line":123,"column":17},"end":{"line":128,"column":5}},"44":{"start":{"line":130,"column":4},"end":{"line":151,"column":5}},"45":{"start":{"line":132,"column":8},"end":{"line":132,"column":26}},"46":{"start":{"line":133,"column":8},"end":{"line":133,"column":14}},"47":{"start":{"line":135,"column":8},"end":{"line":135,"column":26}},"48":{"start":{"line":136,"column":8},"end":{"line":136,"column":14}},"49":{"start":{"line":138,"column":8},"end":{"line":141,"column":11}},"50":{"start":{"line":142,"column":8},"end":{"line":142,"column":14}},"51":{"start":{"line":144,"column":8},"end":{"line":147,"column":11}},"52":{"start":{"line":148,"column":8},"end":{"line":148,"column":14}},"53":{"start":{"line":150,"column":8},"end":{"line":150,"column":14}},"54":{"start":{"line":159,"column":26},"end":{"line":159,"column":47}},"55":{"start":{"line":161,"column":4},"end":{"line":165,"column":5}},"56":{"start":{"line":162,"column":6},"end":{"line":162,"column":73}},"57":{"start":{"line":164,"column":6},"end":{"line":164,"column":75}},"58":{"start":{"line":173,"column":21},"end":{"line":173,"column":39}},"59":{"start":{"line":174,"column":4},"end":{"line":174,"column":42}},"60":{"start":{"line":183,"column":8},"end":{"line":183,"column":18}},"61":{"start":{"line":185,"column":20},"end":{"line":185,"column":22}},"62":{"start":{"line":186,"column":19},"end":{"line":186,"column":21}},"63":{"start":{"line":194,"column":25},"end":{"line":243,"column":5}},"64":{"start":{"line":195,"column":6},"end":{"line":242,"column":9}},"65":{"start":{"line":204,"column":12},"end":{"line":204,"column":26}},"66":{"start":{"line":206,"column":48},"end":{"line":206,"column":58}},"67":{"start":{"line":208,"column":8},"end":{"line":208,"column":62}},"68":{"start":{"line":208,"column":55},"end":{"line":208,"column":62}},"69":{"start":{"line":210,"column":8},"end":{"line":229,"column":10}},"70":{"start":{"line":219,"column":14},"end":{"line":219,"column":37}},"71":{"start":{"line":220,"column":14},"end":{"line":222,"column":15}},"72":{"start":{"line":221,"column":16},"end":{"line":221,"column":34}},"73":{"start":{"line":231,"column":8},"end":{"line":241,"column":10}},"74":{"start":{"line":245,"column":4},"end":{"line":245,"column":19}},"75":{"start":{"line":247,"column":4},"end":{"line":265,"column":6}},"76":{"start":{"line":269,"column":0},"end":{"line":273,"column":2}},"77":{"start":{"line":275,"column":0},"end":{"line":284,"column":2}}},"fnMap":{"0":{"name":"(anonymous_0)","decl":{"start":{"line":15,"column":2},"end":{"line":15,"column":3}},"loc":{"start":{"line":15,"column":21},"end":{"line":28,"column":3}},"line":15},"1":{"name":"(anonymous_1)","decl":{"start":{"line":26,"column":32},"end":{"line":26,"column":33}},"loc":{"start":{"line":26,"column":38},"end":{"line":26,"column":54}},"line":26},"2":{"name":"(anonymous_2)","decl":{"start":{"line":36,"column":2},"end":{"line":36,"column":3}},"loc":{"start":{"line":36,"column":22},"end":{"line":44,"column":3}},"line":36},"3":{"name":"(anonymous_3)","decl":{"start":{"line":41,"column":38},"end":{"line":41,"column":39}},"loc":{"start":{"line":41,"column":44},"end":{"line":43,"column":5}},"line":41},"4":{"name":"(anonymous_4)","decl":{"start":{"line":51,"column":2},"end":{"line":51,"column":3}},"loc":{"start":{"line":51,"column":24},"end":{"line":67,"column":3}},"line":51},"5":{"name":"(anonymous_5)","decl":{"start":{"line":56,"column":21},"end":{"line":56,"column":22}},"loc":{"start":{"line":56,"column":39},"end":{"line":66,"column":5}},"line":56},"6":{"name":"(anonymous_6)","decl":{"start":{"line":73,"column":2},"end":{"line":73,"column":3}},"loc":{"start":{"line":73,"column":22},"end":{"line":82,"column":3}},"line":73},"7":{"name":"(anonymous_7)","decl":{"start":{"line":76,"column":19},"end":{"line":76,"column":20}},"loc":{"start":{"line":76,"column":34},"end":{"line":80,"column":5}},"line":76},"8":{"name":"(anonymous_8)","decl":{"start":{"line":84,"column":2},"end":{"line":84,"column":3}},"loc":{"start":{"line":84,"column":15},"end":{"line":98,"column":3}},"line":84},"9":{"name":"(anonymous_9)","decl":{"start":{"line":100,"column":2},"end":{"line":100,"column":3}},"loc":{"start":{"line":100,"column":15},"end":{"line":114,"column":3}},"line":100},"10":{"name":"(anonymous_10)","decl":{"start":{"line":121,"column":2},"end":{"line":121,"column":3}},"loc":{"start":{"line":121,"column":25},"end":{"line":152,"column":3}},"line":121},"11":{"name":"(anonymous_11)","decl":{"start":{"line":158,"column":2},"end":{"line":158,"column":3}},"loc":{"start":{"line":158,"column":43},"end":{"line":166,"column":3}},"line":158},"12":{"name":"(anonymous_12)","decl":{"start":{"line":172,"column":2},"end":{"line":172,"column":3}},"loc":{"start":{"line":172,"column":20},"end":{"line":175,"column":3}},"line":172},"13":{"name":"(anonymous_13)","decl":{"start":{"line":177,"column":2},"end":{"line":177,"column":3}},"loc":{"start":{"line":177,"column":11},"end":{"line":266,"column":3}},"line":177},"14":{"name":"(anonymous_14)","decl":{"start":{"line":194,"column":25},"end":{"line":194,"column":26}},"loc":{"start":{"line":194,"column":31},"end":{"line":243,"column":5}},"line":194},"15":{"name":"(anonymous_15)","decl":{"start":{"line":195,"column":23},"end":{"line":195,"column":24}},"loc":{"start":{"line":195,"column":44},"end":{"line":242,"column":7}},"line":195},"16":{"name":"(anonymous_16)","decl":{"start":{"line":218,"column":24},"end":{"line":218,"column":25}},"loc":{"start":{"line":218,"column":31},"end":{"line":223,"column":13}},"line":218}},"branchMap":{"0":{"loc":{"start":{"line":57,"column":6},"end":{"line":61,"column":7}},"type":"if","locations":[{"start":{"line":57,"column":6},"end":{"line":61,"column":7}},{"start":{"line":57,"column":6},"end":{"line":61,"column":7}}],"line":57},"1":{"loc":{"start":{"line":63,"column":6},"end":{"line":65,"column":7}},"type":"if","locations":[{"start":{"line":63,"column":6},"end":{"line":65,"column":7}},{"start":{"line":63,"column":6},"end":{"line":65,"column":7}}],"line":63},"2":{"loc":{"start":{"line":77,"column":6},"end":{"line":79,"column":7}},"type":"if","locations":[{"start":{"line":77,"column":6},"end":{"line":79,"column":7}},{"start":{"line":77,"column":6},"end":{"line":79,"column":7}}],"line":77},"3":{"loc":{"start":{"line":86,"column":4},"end":{"line":97,"column":5}},"type":"if","locations":[{"start":{"line":86,"column":4},"end":{"line":97,"column":5}},{"start":{"line":86,"column":4},"end":{"line":97,"column":5}}],"line":86},"4":{"loc":{"start":{"line":102,"column":4},"end":{"line":113,"column":5}},"type":"if","locations":[{"start":{"line":102,"column":4},"end":{"line":113,"column":5}},{"start":{"line":102,"column":4},"end":{"line":113,"column":5}}],"line":102},"5":{"loc":{"start":{"line":130,"column":4},"end":{"line":151,"column":5}},"type":"switch","locations":[{"start":{"line":131,"column":6},"end":{"line":133,"column":14}},{"start":{"line":134,"column":6},"end":{"line":136,"column":14}},{"start":{"line":137,"column":6},"end":{"line":142,"column":14}},{"start":{"line":143,"column":6},"end":{"line":148,"column":14}},{"start":{"line":149,"column":6},"end":{"line":150,"column":14}}],"line":130},"6":{"loc":{"start":{"line":161,"column":4},"end":{"line":165,"column":5}},"type":"if","locations":[{"start":{"line":161,"column":4},"end":{"line":165,"column":5}},{"start":{"line":161,"column":4},"end":{"line":165,"column":5}}],"line":161},"7":{"loc":{"start":{"line":208,"column":8},"end":{"line":208,"column":62}},"type":"if","locations":[{"start":{"line":208,"column":8},"end":{"line":208,"column":62}},{"start":{"line":208,"column":8},"end":{"line":208,"column":62}}],"line":208},"8":{"loc":{"start":{"line":220,"column":14},"end":{"line":222,"column":15}},"type":"if","locations":[{"start":{"line":220,"column":14},"end":{"line":222,"column":15}},{"start":{"line":220,"column":14},"end":{"line":222,"column":15}}],"line":220}},"s":{"0":21,"1":21,"2":21,"3":21,"4":21,"5":21,"6":21,"7":21,"8":21,"9":21,"10":21,"11":46,"12":21,"13":21,"14":21,"15":21,"16":21,"17":18,"18":21,"19":21,"20":21,"21":21,"22":46,"23":8,"24":38,"25":46,"26":13,"27":11,"28":11,"29":24,"30":11,"31":11,"32":3,"33":3,"34":1,"35":2,"36":2,"37":3,"38":3,"39":2,"40":2,"41":1,"42":10,"43":10,"44":10,"45":1,"46":1,"47":1,"48":1,"49":1,"50":1,"51":1,"52":1,"53":6,"54":39,"55":39,"56":19,"57":20,"58":2,"59":2,"60":52,"61":52,"62":52,"63":52,"64":52,"65":113,"66":113,"67":113,"68":2,"69":111,"70":2,"71":2,"72":1,"73":111,"74":52,"75":52,"76":3,"77":3},"f":{"0":21,"1":46,"2":21,"3":18,"4":21,"5":46,"6":11,"7":24,"8":3,"9":3,"10":10,"11":39,"12":2,"13":52,"14":52,"15":113,"16":2},"b":{"0":[8,38],"1":[13,33],"2":[11,13],"3":[1,2],"4":[2,1],"5":[1,1,1,1,6],"6":[19,20],"7":[2,111],"8":[1,1]},"_coverageSchema":"332fd63041d2c1bcb487cc26dd0d5f7d97098a6c","hash":"6f2fce7cf88fc2760758e3d7a88ca2a3115e297f"}
,"/Users/rcopeland/Development/spark-design-system/src/react/projects/spark-core-react/src/SprkTabs/components/SprkTabsButton/SprkTabsButton.js": {"path":"/Users/rcopeland/Development/spark-design-system/src/react/projects/spark-core-react/src/SprkTabs/components/SprkTabsButton/SprkTabsButton.js","statementMap":{"0":{"start":{"line":7,"column":4},"end":{"line":7,"column":17}},"1":{"start":{"line":8,"column":4},"end":{"line":8,"column":33}},"2":{"start":{"line":12,"column":26},"end":{"line":12,"column":36}},"3":{"start":{"line":13,"column":4},"end":{"line":15,"column":5}},"4":{"start":{"line":14,"column":6},"end":{"line":14,"column":37}},"5":{"start":{"line":29,"column":8},"end":{"line":29,"column":18}},"6":{"start":{"line":30,"column":4},"end":{"line":50,"column":6}},"7":{"start":{"line":54,"column":0},"end":{"line":63,"column":2}},"8":{"start":{"line":65,"column":0},"end":{"line":87,"column":2}}},"fnMap":{"0":{"name":"(anonymous_0)","decl":{"start":{"line":6,"column":2},"end":{"line":6,"column":3}},"loc":{"start":{"line":6,"column":21},"end":{"line":9,"column":3}},"line":6},"1":{"name":"(anonymous_1)","decl":{"start":{"line":11,"column":2},"end":{"line":11,"column":3}},"loc":{"start":{"line":11,"column":23},"end":{"line":16,"column":3}},"line":11},"2":{"name":"(anonymous_2)","decl":{"start":{"line":18,"column":2},"end":{"line":18,"column":3}},"loc":{"start":{"line":18,"column":11},"end":{"line":51,"column":3}},"line":18},"3":{"name":"(anonymous_3)","decl":{"start":{"line":60,"column":14},"end":{"line":60,"column":15}},"loc":{"start":{"line":60,"column":20},"end":{"line":60,"column":22}},"line":60}},"branchMap":{"0":{"loc":{"start":{"line":13,"column":4},"end":{"line":15,"column":5}},"type":"if","locations":[{"start":{"line":13,"column":4},"end":{"line":15,"column":5}},{"start":{"line":13,"column":4},"end":{"line":15,"column":5}}],"line":13},"1":{"loc":{"start":{"line":43,"column":18},"end":{"line":43,"column":45}},"type":"cond-expr","locations":[{"start":{"line":43,"column":29},"end":{"line":43,"column":38}},{"start":{"line":43,"column":41},"end":{"line":43,"column":45}}],"line":43}},"s":{"0":51,"1":51,"2":69,"3":69,"4":10,"5":120,"6":120,"7":3,"8":3},"f":{"0":51,"1":69,"2":120,"3":1},"b":{"0":[10,59],"1":[32,88]},"_coverageSchema":"332fd63041d2c1bcb487cc26dd0d5f7d97098a6c","hash":"cda085a9abec76083e0f6f9da3e0dba924172cf3"}
,"/Users/rcopeland/Development/spark-design-system/src/react/projects/spark-core-react/src/SprkTabs/components/SprkTabsPanel/SprkTabsPanel.js": {"path":"/Users/rcopeland/Development/spark-design-system/src/react/projects/spark-core-react/src/SprkTabs/components/SprkTabsPanel/SprkTabsPanel.js","statementMap":{"0":{"start":{"line":13,"column":8},"end":{"line":13,"column":18}},"1":{"start":{"line":15,"column":4},"end":{"line":32,"column":6}},"2":{"start":{"line":37,"column":0},"end":{"line":48,"column":2}}},"fnMap":{"0":{"name":"(anonymous_0)","decl":{"start":{"line":6,"column":2},"end":{"line":6,"column":3}},"loc":{"start":{"line":6,"column":11},"end":{"line":33,"column":3}},"line":6}},"branchMap":{},"s":{"0":113,"1":113,"2":3},"f":{"0":113},"b":{},"_coverageSchema":"332fd63041d2c1bcb487cc26dd0d5f7d97098a6c","hash":"675a2d8fb3944252ac0ea82564eba919a8739d78"}
,"/Users/rcopeland/Development/spark-design-system/src/react/projects/spark-core-react/src/SprkToggle/SprkToggle.js": {"path":"/Users/rcopeland/Development/spark-design-system/src/react/projects/spark-core-react/src/SprkToggle/SprkToggle.js","statementMap":{"0":{"start":{"line":9,"column":4},"end":{"line":9,"column":17}},"1":{"start":{"line":10,"column":30},"end":{"line":10,"column":40}},"2":{"start":{"line":11,"column":4},"end":{"line":14,"column":6}},"3":{"start":{"line":15,"column":4},"end":{"line":15,"column":49}},"4":{"start":{"line":19,"column":4},"end":{"line":22,"column":8}},"5":{"start":{"line":19,"column":32},"end":{"line":22,"column":5}},"6":{"start":{"line":36,"column":8},"end":{"line":36,"column":18}},"7":{"start":{"line":37,"column":31},"end":{"line":37,"column":41}},"8":{"start":{"line":39,"column":28},"end":{"line":42,"column":5}},"9":{"start":{"line":44,"column":24},"end":{"line":48,"column":5}},"10":{"start":{"line":50,"column":4},"end":{"line":66,"column":6}},"11":{"start":{"line":70,"column":0},"end":{"line":77,"column":2}},"12":{"start":{"line":79,"column":0},"end":{"line":96,"column":2}}},"fnMap":{"0":{"name":"(anonymous_0)","decl":{"start":{"line":8,"column":2},"end":{"line":8,"column":3}},"loc":{"start":{"line":8,"column":21},"end":{"line":16,"column":3}},"line":8},"1":{"name":"(anonymous_1)","decl":{"start":{"line":18,"column":2},"end":{"line":18,"column":3}},"loc":{"start":{"line":18,"column":15},"end":{"line":23,"column":3}},"line":18},"2":{"name":"(anonymous_2)","decl":{"start":{"line":19,"column":18},"end":{"line":19,"column":19}},"loc":{"start":{"line":19,"column":32},"end":{"line":22,"column":5}},"line":19},"3":{"name":"(anonymous_3)","decl":{"start":{"line":25,"column":2},"end":{"line":25,"column":3}},"loc":{"start":{"line":25,"column":11},"end":{"line":67,"column":3}},"line":25}},"branchMap":{"0":{"loc":{"start":{"line":12,"column":14},"end":{"line":12,"column":36}},"type":"binary-expr","locations":[{"start":{"line":12,"column":14},"end":{"line":12,"column":27}},{"start":{"line":12,"column":31},"end":{"line":12,"column":36}}],"line":12},"1":{"loc":{"start":{"line":13,"column":14},"end":{"line":13,"column":40}},"type":"cond-expr","locations":[{"start":{"line":13,"column":30},"end":{"line":13,"column":36}},{"start":{"line":13,"column":39},"end":{"line":13,"column":40}}],"line":13},"2":{"loc":{"start":{"line":21,"column":14},"end":{"line":21,"column":44}},"type":"cond-expr","locations":[{"start":{"line":21,"column":34},"end":{"line":21,"column":40}},{"start":{"line":21,"column":43},"end":{"line":21,"column":44}}],"line":21},"3":{"loc":{"start":{"line":57,"column":25},"end":{"line":57,"column":50}},"type":"cond-expr","locations":[{"start":{"line":57,"column":34},"end":{"line":57,"column":40}},{"start":{"line":57,"column":43},"end":{"line":57,"column":50}}],"line":57}},"s":{"0":10,"1":10,"2":10,"3":10,"4":4,"5":4,"6":14,"7":14,"8":14,"9":14,"10":14,"11":3,"12":3},"f":{"0":10,"1":4,"2":4,"3":14},"b":{"0":[10,9],"1":[1,9],"2":[3,1],"3":[4,10]},"_coverageSchema":"332fd63041d2c1bcb487cc26dd0d5f7d97098a6c","hash":"458a91c1789b759f0aba6f153bf04310e62e3520"}
}
