TN:
SF:/Users/rcopeland/Development/spark-design-system/src/react/projects/spark-react/src/SprkAccordion/SprkAccordion.js
FN:8,(anonymous_0)
FN:11,(anonymous_1)
FN:15,(anonymous_2)
FN:28,(anonymous_3)
FNF:4
FNH:4
FNDA:2,(anonymous_0)
FNDA:7,(anonymous_1)
FNDA:2,(anonymous_2)
FNDA:7,(anonymous_3)
DA:9,2
DA:10,2
DA:11,7
DA:20,2
DA:21,2
DA:22,2
DA:29,7
DA:30,6
DA:43,1
DA:48,1
LF:10
LH:10
BRDA:29,0,0,1
BRDA:29,0,1,6
BRF:2
BRH:2
end_of_record
TN:
SF:/Users/rcopeland/Development/spark-design-system/src/react/projects/spark-react/src/SprkAccordion/components/SprkAccordionItem/SprkAccordionItem.js
FN:8,(anonymous_0)
FN:18,(anonymous_1)
FN:21,(anonymous_2)
FN:28,(anonymous_3)
FNF:4
FNH:4
FNDA:12,(anonymous_0)
FNDA:5,(anonymous_1)
FNDA:5,(anonymous_2)
FNDA:17,(anonymous_3)
DA:9,12
DA:10,12
DA:11,12
DA:15,12
DA:19,5
DA:20,5
DA:21,5
DA:25,5
DA:41,17
DA:42,17
DA:44,17
DA:50,17
DA:56,17
DA:62,17
DA:91,2
DA:102,2
LF:16
LH:16
BRDA:12,0,0,12
BRDA:12,0,1,11
BRDA:13,1,0,1
BRDA:13,1,1,11
BRDA:23,2,0,4
BRDA:23,2,1,1
BRDA:25,3,0,1
BRDA:25,3,1,4
BRDA:70,4,0,5
BRDA:70,4,1,12
BRF:10
BRH:10
end_of_record
TN:
SF:/Users/rcopeland/Development/spark-design-system/src/react/projects/spark-react/src/SprkAlert/SprkAlert.js
FN:6,(anonymous_0)
FN:91,(anonymous_1)
FNF:2
FNH:2
FNDA:8,(anonymous_0)
FNDA:1,(anonymous_1)
DA:6,1
DA:17,8
DA:19,8
DA:23,7
DA:32,7
DA:34,1
DA:35,1
DA:37,1
DA:38,1
DA:40,1
DA:41,1
DA:43,4
DA:46,7
DA:84,1
DA:94,1
LF:15
LH:15
BRDA:19,0,0,1
BRDA:19,0,1,7
BRDA:32,1,0,1
BRDA:32,1,1,1
BRDA:32,1,2,1
BRDA:32,1,3,4
BRDA:49,2,0,7
BRDA:49,2,1,3
BRDA:63,3,0,7
BRDA:63,3,1,6
BRF:10
BRH:10
end_of_record
TN:
SF:/Users/rcopeland/Development/spark-design-system/src/react/projects/spark-react/src/SprkAward/SprkAward.js
FN:8,(anonymous_0)
FN:29,(anonymous_1)
FNF:2
FNH:2
FNDA:4,(anonymous_0)
FNDA:8,(anonymous_1)
DA:8,1
DA:19,4
DA:20,4
DA:22,4
DA:39,8
DA:40,8
DA:41,8
DA:68,1
DA:79,1
LF:9
LH:9
BRDA:40,0,0,8
BRDA:40,0,1,6
BRDA:44,1,0,7
BRDA:44,1,1,1
BRDA:44,2,0,7
BRDA:44,2,1,1
BRF:6
BRH:6
end_of_record
TN:
SF:/Users/rcopeland/Development/spark-design-system/src/react/projects/spark-react/src/SprkButton/SprkButton.js
FN:6,(anonymous_0)
FNF:1
FNH:1
FNDA:15,(anonymous_0)
DA:6,3
DA:17,15
DA:18,15
DA:39,3
DA:58,3
LF:5
LH:5
BRDA:28,0,0,2
BRDA:28,0,1,13
BRDA:34,1,0,15
BRDA:34,1,1,1
BRDA:34,1,2,14
BRF:5
BRH:5
end_of_record
TN:
SF:/Users/rcopeland/Development/spark-design-system/src/react/projects/spark-react/src/SprkDictionary/SprkDictionary.js
FN:6,(anonymous_0)
FN:22,(anonymous_1)
FNF:2
FNH:2
FNDA:2,(anonymous_0)
FNDA:12,(anonymous_1)
DA:6,1
DA:13,2
DA:15,2
DA:22,2
DA:23,12
DA:29,2
DA:38,1
DA:44,1
LF:8
LH:8
BRF:0
BRH:0
end_of_record
TN:
SF:/Users/rcopeland/Development/spark-design-system/src/react/projects/spark-react/src/SprkDivider/SprkDivider.js
FN:5,(anonymous_0)
FNF:1
FNH:1
FNDA:2,(anonymous_0)
DA:5,1
DA:6,2
DA:7,2
DA:8,2
DA:9,2
DA:12,1
DA:17,1
LF:7
LH:7
BRF:0
BRH:0
end_of_record
TN:
SF:/Users/rcopeland/Development/spark-design-system/src/react/projects/spark-react/src/SprkDropdown/SprkDropdown.js
FN:9,(anonymous_0)
FN:15,(anonymous_1)
FN:27,(anonymous_2)
FN:33,(anonymous_3)
FN:39,(anonymous_4)
FN:41,(anonymous_5)
FN:49,(anonymous_6)
FN:56,(anonymous_7)
FN:57,(anonymous_8)
FN:62,(anonymous_9)
FN:68,(anonymous_10)
FN:74,(anonymous_11)
FN:80,(anonymous_12)
FN:140,(anonymous_13)
FN:151,(anonymous_14)
FN:170,(anonymous_15)
FNF:16
FNH:16
FNDA:21,(anonymous_0)
FNDA:15,(anonymous_1)
FNDA:21,(anonymous_2)
FNDA:1,(anonymous_3)
FNDA:4,(anonymous_4)
FNDA:6,(anonymous_5)
FNDA:4,(anonymous_6)
FNDA:13,(anonymous_7)
FNDA:13,(anonymous_8)
FNDA:2,(anonymous_9)
FNDA:2,(anonymous_10)
FNDA:6,(anonymous_11)
FNDA:40,(anonymous_12)
FNDA:15,(anonymous_13)
FNDA:2,(anonymous_14)
FNDA:2,(anonymous_15)
DA:10,21
DA:11,21
DA:15,15
DA:18,21
DA:19,21
DA:20,21
DA:21,21
DA:22,21
DA:23,21
DA:24,21
DA:28,21
DA:29,21
DA:30,21
DA:34,1
DA:35,1
DA:36,1
DA:40,4
DA:41,4
DA:42,6
DA:43,4
DA:45,2
DA:50,4
DA:57,13
DA:63,2
DA:64,1
DA:69,2
DA:70,1
DA:75,6
DA:93,40
DA:94,40
DA:95,40
DA:96,40
DA:143,15
DA:144,15
DA:145,15
DA:152,2
DA:153,2
DA:154,2
DA:155,1
DA:171,2
DA:172,2
DA:173,2
DA:174,1
DA:203,1
DA:244,1
LF:45
LH:45
BRDA:42,0,0,4
BRDA:42,0,1,2
BRDA:63,1,0,1
BRDA:63,1,1,1
BRDA:69,2,0,1
BRDA:69,2,1,1
BRDA:108,3,0,40
BRDA:108,3,1,39
BRDA:109,4,0,40
BRDA:109,4,1,39
BRDA:112,5,0,40
BRDA:112,5,1,8
BRDA:123,6,0,40
BRDA:123,6,1,32
BRDA:132,7,0,40
BRDA:132,7,1,13
BRDA:134,8,0,13
BRDA:134,8,1,1
BRDA:144,9,0,15
BRDA:144,9,1,12
BRDA:147,10,0,15
BRDA:147,10,1,12
BRDA:150,11,0,10
BRDA:150,11,1,2
BRDA:150,12,0,10
BRDA:150,12,1,10
BRDA:154,13,0,1
BRDA:154,13,1,1
BRDA:163,14,0,15
BRDA:163,14,1,3
BRDA:169,15,0,2
BRDA:169,15,1,1
BRDA:169,16,0,2
BRDA:169,16,1,2
BRDA:173,17,0,1
BRDA:173,17,1,1
BRDA:189,18,0,13
BRDA:189,18,1,1
BRF:38
BRH:38
end_of_record
TN:
SF:/Users/rcopeland/Development/spark-design-system/src/react/projects/spark-react/src/SprkFooter/SprkFooter.js
FN:11,(anonymous_0)
FN:15,(anonymous_1)
FN:18,(anonymous_2)
FN:20,(anonymous_3)
FN:24,(anonymous_4)
FN:28,(anonymous_5)
FN:78,(anonymous_6)
FN:93,(anonymous_7)
FN:141,(anonymous_8)
FN:152,(anonymous_9)
FNF:10
FNH:10
FNDA:11,(anonymous_0)
FNDA:3,(anonymous_1)
FNDA:15,(anonymous_2)
FNDA:3,(anonymous_3)
FNDA:1,(anonymous_4)
FNDA:11,(anonymous_5)
FNDA:3,(anonymous_6)
FNDA:15,(anonymous_7)
FNDA:1,(anonymous_8)
FNDA:3,(anonymous_9)
DA:12,11
DA:13,11
DA:14,11
DA:15,3
DA:18,15
DA:20,3
DA:24,1
DA:37,11
DA:43,11
DA:44,11
DA:49,11
DA:79,3
DA:101,15
DA:102,15
DA:103,15
DA:142,1
DA:162,3
DA:163,3
DA:164,3
DA:192,1
DA:203,1
LF:21
LH:21
BRDA:62,0,0,11
BRDA:62,0,1,1
BRDA:77,1,0,11
BRDA:77,1,1,3
BRDA:102,2,0,15
BRDA:102,2,1,13
BRDA:107,3,0,14
BRDA:107,3,1,1
BRDA:107,4,0,14
BRDA:107,4,1,1
BRDA:121,5,0,11
BRDA:121,5,1,1
BRDA:136,6,0,11
BRDA:136,6,1,1
BRDA:140,7,0,11
BRDA:140,7,1,1
BRDA:150,8,0,11
BRDA:150,8,1,3
BRDA:163,9,0,3
BRDA:163,9,1,1
BRDA:168,10,0,2
BRDA:168,10,1,1
BRDA:168,11,0,2
BRDA:168,11,1,1
BRF:24
BRH:24
end_of_record
TN:
SF:/Users/rcopeland/Development/spark-design-system/src/react/projects/spark-react/src/SprkFooter/components/SprkFooterAwards/SprkFooterAwards.js
FN:7,(anonymous_0)
FN:10,(anonymous_1)
FN:14,(anonymous_2)
FN:22,(anonymous_3)
FNF:4
FNH:4
FNDA:5,(anonymous_0)
FNDA:10,(anonymous_1)
FNDA:5,(anonymous_2)
FNDA:10,(anonymous_3)
DA:8,5
DA:9,5
DA:10,10
DA:15,5
DA:16,5
DA:17,5
DA:31,10
DA:32,10
DA:33,10
DA:61,2
LF:10
LH:10
BRDA:32,0,0,10
BRDA:32,0,1,4
BRDA:36,1,0,9
BRDA:36,1,1,1
BRDA:36,2,0,9
BRDA:36,2,1,3
BRF:6
BRH:6
end_of_record
TN:
SF:/Users/rcopeland/Development/spark-design-system/src/react/projects/spark-react/src/SprkFooter/components/SprkFooterConnectIcons/SprkFooterConnectIcons.js
FN:7,(anonymous_0)
FN:11,(anonymous_1)
FN:15,(anonymous_2)
FN:24,(anonymous_3)
FNF:4
FNH:4
FNDA:4,(anonymous_0)
FNDA:13,(anonymous_1)
FNDA:4,(anonymous_2)
FNDA:13,(anonymous_3)
DA:8,4
DA:10,4
DA:11,13
DA:16,4
DA:17,4
DA:18,4
DA:34,13
DA:35,13
DA:36,13
DA:62,2
LF:10
LH:10
BRDA:35,0,0,13
BRDA:35,0,1,11
BRDA:40,1,0,12
BRDA:40,1,1,1
BRDA:40,2,0,12
BRDA:40,2,1,1
BRF:6
BRH:6
end_of_record
TN:
SF:/Users/rcopeland/Development/spark-design-system/src/react/projects/spark-react/src/SprkFooter/components/SprkFooterGlobalSection/SprkFooterGlobalSection.js
FN:7,(anonymous_0)
FN:11,(anonymous_1)
FN:15,(anonymous_2)
FN:23,(anonymous_3)
FNF:4
FNH:4
FNDA:6,(anonymous_0)
FNDA:11,(anonymous_1)
FNDA:6,(anonymous_2)
FNDA:11,(anonymous_3)
DA:8,6
DA:10,6
DA:11,11
DA:16,6
DA:17,6
DA:18,6
DA:37,11
DA:38,11
DA:39,11
DA:70,2
LF:10
LH:10
BRDA:38,0,0,11
BRDA:38,0,1,9
BRDA:44,1,0,10
BRDA:44,1,1,1
BRDA:44,2,0,10
BRDA:44,2,1,10
BRDA:48,3,0,11
BRDA:48,3,1,6
BRDA:51,4,0,11
BRDA:51,4,1,4
BRDA:54,5,0,11
BRDA:54,5,1,1
BRDA:55,6,0,11
BRDA:55,6,1,5
BRF:14
BRH:14
end_of_record
TN:
SF:/Users/rcopeland/Development/spark-design-system/src/react/projects/spark-react/src/SprkHighlightBoard/SprkHighlightBoard.js
FN:7,(anonymous_0)
FNF:1
FNH:1
FNDA:7,(anonymous_0)
DA:7,1
DA:25,7
DA:27,7
DA:32,7
DA:40,7
DA:106,1
LF:6
LH:6
BRDA:28,0,0,7
BRDA:28,0,1,2
BRDA:28,0,2,6
BRDA:28,0,3,5
BRDA:42,1,0,7
BRDA:42,1,1,2
BRDA:51,2,0,7
BRDA:51,2,1,1
BRDA:57,3,0,7
BRDA:57,3,1,6
BRDA:57,3,2,1
BRDA:67,4,0,1
BRDA:67,4,1,1
BRDA:71,5,0,1
BRDA:71,5,1,1
BRDA:85,6,0,1
BRDA:85,6,1,1
BRF:17
BRH:17
end_of_record
TN:
SF:/Users/rcopeland/Development/spark-design-system/src/react/projects/spark-react/src/SprkIcon/SprkIcon.js
FN:5,SprkIcon
FNF:1
FNH:1
FNDA:224,SprkIcon
DA:13,224
DA:25,25
DA:38,25
LF:3
LH:3
BRF:0
BRH:0
end_of_record
TN:
SF:/Users/rcopeland/Development/spark-design-system/src/react/projects/spark-react/src/SprkInput/SprkDatePickerInput/SprkDatePickerInput.js
FN:8,(anonymous_0)
FN:17,(anonymous_1)
FN:23,(anonymous_2)
FN:28,(anonymous_3)
FNF:4
FNH:4
FNDA:5,(anonymous_0)
FNDA:1,(anonymous_1)
FNDA:5,(anonymous_2)
FNDA:5,(anonymous_3)
DA:9,5
DA:10,5
DA:17,1
DA:24,5
DA:25,5
DA:29,5
DA:30,5
DA:34,1
DA:56,1
LF:9
LH:9
BRF:0
BRH:0
end_of_record
TN:
SF:/Users/rcopeland/Development/spark-design-system/src/react/projects/spark-react/src/SprkInput/SprkErrorContainer/SprkErrorContainer.js
FN:6,(anonymous_0)
FNF:1
FNH:1
FNDA:8,(anonymous_0)
DA:6,5
DA:7,8
DA:21,5
DA:29,5
LF:4
LH:4
BRF:0
BRH:0
end_of_record
TN:
SF:/Users/rcopeland/Development/spark-design-system/src/react/projects/spark-react/src/SprkInput/SprkRevealInput/SprkRevealInput.js
FN:7,(anonymous_0)
FN:16,(anonymous_1)
FN:17,(anonymous_2)
FN:22,(anonymous_3)
FN:55,(anonymous_4)
FNF:5
FNH:5
FNDA:5,(anonymous_0)
FNDA:2,(anonymous_1)
FNDA:2,(anonymous_2)
FNDA:7,(anonymous_3)
FNDA:7,(anonymous_4)
DA:8,5
DA:9,5
DA:13,5
DA:17,2
DA:23,7
DA:24,7
DA:25,7
DA:38,1
DA:52,1
DA:55,7
LF:10
LH:10
BRDA:26,0,0,1
BRDA:26,0,1,6
BRF:2
BRH:2
end_of_record
TN:
SF:/Users/rcopeland/Development/spark-design-system/src/react/projects/spark-react/src/SprkInput/SprkSelectionInput/SprkSelectionInput.js
FN:9,(anonymous_0)
FN:13,(anonymous_1)
FN:17,(anonymous_2)
FN:42,(anonymous_3)
FN:66,(anonymous_4)
FN:70,(anonymous_5)
FNF:6
FNH:6
FNDA:8,(anonymous_0)
FNDA:9,(anonymous_1)
FNDA:8,(anonymous_2)
FNDA:6,(anonymous_3)
FNDA:3,(anonymous_4)
FNDA:2,(anonymous_5)
DA:10,8
DA:11,8
DA:13,9
DA:28,8
DA:29,8
DA:30,8
DA:43,6
DA:67,3
DA:68,1
DA:71,2
DA:78,2
DA:99,1
DA:118,1
LF:13
LH:13
BRDA:37,0,0,8
BRDA:37,0,1,5
BRDA:37,0,2,6
BRDA:60,1,0,8
BRDA:60,1,1,2
BRDA:67,2,0,1
BRDA:67,2,1,2
BRDA:91,3,0,8
BRDA:91,3,1,1
BRDA:92,4,0,8
BRDA:92,4,1,2
BRF:11
BRH:11
end_of_record
TN:
SF:/Users/rcopeland/Development/spark-design-system/src/react/projects/spark-react/src/SprkInput/SprkTextInput/SprkTextInput.js
FN:9,(anonymous_0)
FN:17,(anonymous_1)
FN:126,(anonymous_2)
FNF:3
FNH:3
FNDA:22,(anonymous_0)
FNDA:24,(anonymous_1)
FNDA:13,(anonymous_2)
DA:10,22
DA:11,22
DA:35,24
DA:36,24
DA:38,24
DA:105,3
DA:121,3
DA:126,13
LF:8
LH:8
BRDA:43,0,0,24
BRDA:43,0,1,23
BRDA:48,1,0,24
BRDA:48,1,1,1
BRDA:64,2,0,24
BRDA:64,2,1,3
BRDA:73,3,0,1
BRDA:73,3,1,2
BRDA:73,4,0,3
BRDA:73,4,1,2
BRDA:77,5,0,24
BRDA:77,5,1,21
BRDA:92,6,0,1
BRDA:92,6,1,20
BRDA:92,7,0,21
BRDA:92,7,1,20
BRDA:98,8,0,24
BRDA:98,8,1,1
BRDA:99,9,0,24
BRDA:99,9,1,2
BRF:20
BRH:20
end_of_record
TN:
SF:/Users/rcopeland/Development/spark-design-system/src/react/projects/spark-react/src/SprkLink/SprkLink.js
FN:5,(anonymous_0)
FNF:1
FNH:1
FNDA:74,(anonymous_0)
DA:5,2
DA:6,74
DA:7,74
DA:17,74
DA:24,2
LF:5
LH:5
BRF:0
BRH:0
end_of_record
TN:
SF:/Users/rcopeland/Development/spark-design-system/src/react/projects/spark-react/src/SprkList/SprkList.js
FN:5,(anonymous_0)
FNF:1
FNH:1
FNDA:8,(anonymous_0)
DA:5,1
DA:13,8
DA:14,8
DA:18,8
DA:19,8
DA:26,1
DA:33,1
LF:7
LH:7
BRF:0
BRH:0
end_of_record
TN:
SF:/Users/rcopeland/Development/spark-design-system/src/react/projects/spark-react/src/SprkList/components/SprkListItem/SprkListItem.js
FN:4,(anonymous_0)
FNF:1
FNH:1
FNDA:3,(anonymous_0)
DA:4,1
DA:5,3
DA:7,3
DA:14,1
DA:20,1
LF:5
LH:5
BRF:0
BRH:0
end_of_record
TN:
SF:/Users/rcopeland/Development/spark-design-system/src/react/projects/spark-react/src/SprkMasthead/SprkMasthead.js
FN:11,(anonymous_0)
FN:20,(anonymous_1)
FN:21,(anonymous_2)
FN:28,(anonymous_3)
FN:33,(anonymous_4)
FN:37,(anonymous_5)
FN:51,(anonymous_6)
FNF:7
FNH:7
FNDA:17,(anonymous_0)
FNDA:17,(anonymous_1)
FNDA:17,(anonymous_2)
FNDA:10,(anonymous_3)
FNDA:2,(anonymous_4)
FNDA:2,(anonymous_5)
FNDA:46,(anonymous_6)
DA:12,17
DA:13,17
DA:17,17
DA:21,17
DA:22,17
DA:23,8
DA:25,9
DA:28,17
DA:29,10
DA:34,2
DA:35,2
DA:37,2
DA:42,2
DA:43,1
DA:45,2
DA:46,1
DA:64,46
DA:65,46
DA:67,46
DA:114,1
DA:192,1
LF:21
LH:21
BRDA:22,0,0,8
BRDA:22,0,1,9
BRDA:42,1,0,1
BRDA:42,1,1,1
BRDA:45,2,0,1
BRDA:45,2,1,1
BRDA:89,3,0,46
BRDA:89,3,1,42
BRDA:89,3,2,5
BRDA:93,4,0,1
BRDA:93,4,1,4
BRDA:101,5,0,46
BRDA:101,5,1,1
BRDA:102,6,0,46
BRDA:102,6,1,1
BRF:15
BRH:15
end_of_record
TN:
SF:/Users/rcopeland/Development/spark-design-system/src/react/projects/spark-react/src/SprkMasthead/components/SprkMastheadAccordion/SprkMastheadAccordion.js
FN:8,(anonymous_0)
FN:11,(anonymous_1)
FN:15,(anonymous_2)
FN:28,(anonymous_3)
FNF:4
FNH:4
FNDA:7,(anonymous_0)
FNDA:4,(anonymous_1)
FNDA:7,(anonymous_2)
FNDA:4,(anonymous_3)
DA:9,7
DA:10,7
DA:11,4
DA:18,7
DA:21,7
DA:22,7
DA:29,4
DA:39,3
DA:59,3
LF:9
LH:9
BRF:0
BRH:0
end_of_record
TN:
SF:/Users/rcopeland/Development/spark-design-system/src/react/projects/spark-react/src/SprkMasthead/components/SprkMastheadAccordionItem/SprkMastheadAccordionItem.js
FN:9,(anonymous_0)
FN:15,(anonymous_1)
FN:20,(anonymous_2)
FN:21,(anonymous_3)
FN:27,(anonymous_4)
FN:72,(anonymous_5)
FNF:6
FNH:6
FNDA:18,(anonymous_0)
FNDA:5,(anonymous_1)
FNDA:3,(anonymous_2)
FNDA:3,(anonymous_3)
FNDA:21,(anonymous_4)
FNDA:8,(anonymous_5)
DA:10,18
DA:11,18
DA:12,18
DA:15,5
DA:17,18
DA:21,3
DA:41,21
DA:42,21
DA:43,21
DA:44,21
DA:79,8
DA:80,8
DA:81,8
DA:126,4
DA:160,4
LF:15
LH:15
BRDA:13,0,0,18
BRDA:13,0,1,17
BRDA:14,1,0,1
BRDA:14,1,1,17
BRDA:23,2,0,2
BRDA:23,2,1,1
BRDA:56,3,0,21
BRDA:56,3,1,8
BRDA:62,4,0,2
BRDA:62,4,1,6
BRDA:80,5,0,8
BRDA:80,5,1,5
BRDA:84,6,0,7
BRDA:84,6,1,1
BRDA:84,7,0,7
BRDA:84,7,1,6
BRDA:99,8,0,21
BRDA:99,8,1,13
BRDA:107,9,0,11
BRDA:107,9,1,2
BRDA:111,10,0,13
BRDA:111,10,1,1
BRF:22
BRH:22
end_of_record
TN:
SF:/Users/rcopeland/Development/spark-design-system/src/react/projects/spark-react/src/SprkMasthead/components/SprkMastheadBigNav/SprkMastheadBigNav.js
FN:8,(anonymous_0)
FN:11,(anonymous_1)
FN:15,(anonymous_2)
FN:34,(anonymous_3)
FNF:4
FNH:4
FNDA:7,(anonymous_0)
FNDA:9,(anonymous_1)
FNDA:7,(anonymous_2)
FNDA:9,(anonymous_3)
DA:9,7
DA:10,7
DA:11,9
DA:18,7
DA:21,7
DA:22,7
DA:37,9
DA:38,9
DA:39,9
DA:70,2
DA:90,2
LF:11
LH:11
BRDA:38,0,0,9
BRDA:38,0,1,9
BRDA:48,1,0,9
BRDA:48,1,1,7
BRDA:51,2,0,9
BRDA:51,2,1,2
BRF:6
BRH:6
end_of_record
TN:
SF:/Users/rcopeland/Development/spark-design-system/src/react/projects/spark-react/src/SprkMasthead/components/SprkMastheadDropdown/SprkMastheadDropdown.js
FN:9,(anonymous_0)
FN:13,(anonymous_1)
FN:22,(anonymous_2)
FN:28,(anonymous_3)
FN:34,(anonymous_4)
FN:40,(anonymous_5)
FN:46,(anonymous_6)
FN:52,(anonymous_7)
FN:53,(anonymous_8)
FN:58,(anonymous_9)
FN:102,(anonymous_10)
FNF:11
FNH:11
FNDA:16,(anonymous_0)
FNDA:12,(anonymous_1)
FNDA:16,(anonymous_2)
FNDA:1,(anonymous_3)
FNDA:2,(anonymous_4)
FNDA:2,(anonymous_5)
FNDA:2,(anonymous_6)
FNDA:7,(anonymous_7)
FNDA:7,(anonymous_8)
FNDA:25,(anonymous_9)
FNDA:6,(anonymous_10)
DA:10,16
DA:11,16
DA:13,12
DA:15,16
DA:16,16
DA:17,16
DA:18,16
DA:19,16
DA:23,16
DA:24,16
DA:25,16
DA:29,1
DA:30,1
DA:31,1
DA:35,2
DA:36,1
DA:41,2
DA:42,1
DA:47,2
DA:53,7
DA:70,25
DA:71,25
DA:72,25
DA:105,6
DA:106,6
DA:107,6
DA:128,3
DA:165,3
LF:28
LH:28
BRDA:35,0,0,1
BRDA:35,0,1,1
BRDA:41,1,0,1
BRDA:41,1,1,1
BRDA:82,2,0,25
BRDA:82,2,1,24
BRDA:83,3,0,25
BRDA:83,3,1,24
BRDA:91,4,0,25
BRDA:91,4,1,7
BRDA:94,5,0,7
BRDA:94,5,1,1
BRDA:106,6,0,6
BRDA:106,6,1,4
BRDA:110,7,0,4
BRDA:110,7,1,2
BRDA:110,8,0,4
BRDA:110,8,1,4
BRF:18
BRH:18
end_of_record
TN:
SF:/Users/rcopeland/Development/spark-design-system/src/react/projects/spark-react/src/SprkMasthead/components/SprkMastheadLittleNav/SprkMastheadLittleNav.js
FN:8,(anonymous_0)
FN:12,(anonymous_1)
FN:13,(anonymous_2)
FN:17,(anonymous_3)
FN:56,(anonymous_4)
FN:83,(anonymous_5)
FNF:6
FNH:6
FNDA:16,(anonymous_0)
FNDA:2,(anonymous_1)
FNDA:15,(anonymous_2)
FNDA:16,(anonymous_3)
FNDA:15,(anonymous_4)
FNDA:2,(anonymous_5)
DA:9,16
DA:10,16
DA:11,16
DA:12,2
DA:13,15
DA:24,16
DA:28,16
DA:29,16
DA:59,15
DA:60,15
DA:61,15
DA:84,2
DA:94,2
DA:130,2
LF:14
LH:14
BRDA:37,0,0,16
BRDA:37,0,1,1
BRDA:60,1,0,15
BRDA:60,1,1,13
BRDA:65,2,0,14
BRDA:65,2,1,1
BRDA:65,3,0,14
BRDA:65,3,1,13
BRF:8
BRH:8
end_of_record
TN:
SF:/Users/rcopeland/Development/spark-design-system/src/react/projects/spark-react/src/SprkMasthead/components/SprkMastheadMenuIcon/SprkMastheadMenuIcon.js
FN:5,SprkMastheadMenuIcon
FNF:1
FNH:1
FNDA:31,SprkMastheadMenuIcon
DA:8,31
DA:39,2
DA:47,2
LF:3
LH:3
BRDA:14,0,0,4
BRDA:14,0,1,27
BRF:2
BRH:2
end_of_record
TN:
SF:/Users/rcopeland/Development/spark-design-system/src/react/projects/spark-react/src/SprkMasthead/components/SprkMastheadNarrowNav/SprkMastheadNarrowNav.js
FN:6,(anonymous_0)
FNF:1
FNH:1
FNDA:4,(anonymous_0)
DA:6,2
DA:11,4
DA:29,2
DA:55,2
LF:4
LH:4
BRDA:12,0,0,4
BRDA:12,0,1,2
BRDA:20,1,0,2
BRDA:20,1,1,1
BRF:4
BRH:4
end_of_record
TN:
SF:/Users/rcopeland/Development/spark-design-system/src/react/projects/spark-react/src/SprkMasthead/components/SprkMastheadSelector/SprkMastheadSelector.js
FN:9,(anonymous_0)
FN:14,(anonymous_1)
FN:24,(anonymous_2)
FN:30,(anonymous_3)
FN:36,(anonymous_4)
FN:42,(anonymous_5)
FN:48,(anonymous_6)
FN:54,(anonymous_7)
FN:60,(anonymous_8)
FN:66,(anonymous_9)
FN:87,(anonymous_10)
FN:139,(anonymous_11)
FN:149,(anonymous_12)
FNF:13
FNH:13
FNDA:21,(anonymous_0)
FNDA:34,(anonymous_1)
FNDA:21,(anonymous_2)
FNDA:1,(anonymous_3)
FNDA:2,(anonymous_4)
FNDA:2,(anonymous_5)
FNDA:11,(anonymous_6)
FNDA:10,(anonymous_7)
FNDA:4,(anonymous_8)
FNDA:38,(anonymous_9)
FNDA:15,(anonymous_10)
FNDA:16,(anonymous_11)
FNDA:4,(anonymous_12)
DA:10,21
DA:11,21
DA:14,34
DA:16,21
DA:17,21
DA:18,21
DA:19,21
DA:20,21
DA:21,21
DA:25,21
DA:26,21
DA:27,21
DA:31,1
DA:32,1
DA:33,1
DA:37,2
DA:38,1
DA:43,2
DA:44,1
DA:49,11
DA:55,10
DA:61,4
DA:77,38
DA:78,38
DA:79,38
DA:81,38
DA:87,15
DA:142,16
DA:143,16
DA:144,16
DA:150,4
DA:151,4
DA:152,4
DA:153,2
DA:183,4
DA:220,4
LF:36
LH:36
BRDA:37,0,0,1
BRDA:37,0,1,1
BRDA:43,1,0,1
BRDA:43,1,1,1
BRDA:86,2,0,38
BRDA:86,2,1,11
BRDA:87,3,0,4
BRDA:87,3,1,11
BRDA:116,4,0,38
BRDA:116,4,1,11
BRDA:143,5,0,16
BRDA:143,5,1,14
BRDA:148,6,0,14
BRDA:148,6,1,2
BRDA:148,7,0,14
BRDA:148,7,1,14
BRDA:152,8,0,2
BRDA:152,8,1,2
BRDA:168,9,0,11
BRDA:168,9,1,1
BRF:20
BRH:20
end_of_record
TN:
SF:/Users/rcopeland/Development/spark-design-system/src/react/projects/spark-react/src/SprkPagination/SprkPagination.js
FN:8,(anonymous_0)
FN:9,(anonymous_1)
FN:74,(anonymous_2)
FN:88,(anonymous_3)
FN:113,(anonymous_4)
FN:139,(anonymous_5)
FN:159,(anonymous_6)
FN:178,(anonymous_7)
FN:197,(anonymous_8)
FNF:9
FNH:9
FNDA:16,(anonymous_0)
FNDA:9,(anonymous_1)
FNDA:2,(anonymous_2)
FNDA:1,(anonymous_3)
FNDA:1,(anonymous_4)
FNDA:1,(anonymous_5)
FNDA:1,(anonymous_6)
FNDA:1,(anonymous_7)
FNDA:2,(anonymous_8)
DA:8,1
DA:9,16
DA:10,9
DA:12,9
DA:14,9
DA:16,9
DA:17,9
DA:18,9
DA:20,9
DA:37,16
DA:39,16
DA:42,16
DA:44,16
DA:45,16
DA:47,16
DA:48,9
DA:51,16
DA:52,2
DA:55,16
DA:74,2
DA:88,1
DA:113,1
DA:139,1
DA:159,1
DA:178,1
DA:197,2
DA:213,1
DA:240,1
LF:28
LH:28
BRDA:17,0,0,1
BRDA:17,0,1,8
BRDA:18,1,0,1
BRDA:18,1,1,8
BRDA:42,2,0,16
BRDA:42,2,1,16
BRDA:47,3,0,9
BRDA:47,3,1,7
BRDA:51,4,0,2
BRDA:51,4,1,14
BRDA:85,5,0,16
BRDA:85,5,1,16
BRDA:104,6,0,16
BRDA:104,6,1,8
BRDA:104,6,2,6
BRDA:110,7,0,16
BRDA:110,7,1,8
BRDA:110,7,2,6
BRDA:110,7,3,4
BRDA:130,8,0,16
BRDA:130,8,1,8
BRDA:130,8,2,6
BRDA:136,9,0,16
BRDA:136,9,1,8
BRDA:156,10,0,16
BRDA:156,10,1,16
BRDA:156,10,2,8
BRDA:156,10,3,6
BRDA:175,11,0,16
BRDA:175,11,1,16
BRDA:175,11,2,8
BRDA:175,11,3,6
BRF:32
BRH:32
end_of_record
TN:
SF:/Users/rcopeland/Development/spark-design-system/src/react/projects/spark-react/src/SprkPromo/SprkPromo.js
FN:6,(anonymous_0)
FNF:1
FNH:1
FNDA:37,(anonymous_0)
DA:6,1
DA:29,37
DA:31,37
DA:180,1
LF:4
LH:4
BRDA:43,0,0,37
BRDA:43,0,1,16
BRDA:43,0,2,6
BRDA:43,0,3,3
BRDA:65,1,0,37
BRDA:65,1,1,16
BRDA:65,1,2,9
BRDA:65,1,3,6
BRDA:94,2,0,37
BRDA:94,2,1,1
BRDA:100,3,0,37
BRDA:100,3,1,1
BRDA:110,4,0,37
BRDA:110,4,1,2
BRDA:123,5,0,37
BRDA:123,5,1,2
BRDA:137,6,0,37
BRDA:137,6,1,10
BRDA:137,6,2,6
BRDA:137,6,3,3
BRDA:159,7,0,37
BRDA:159,7,1,27
BRDA:159,7,2,10
BRDA:159,7,3,4
BRF:24
BRH:24
end_of_record
TN:
SF:/Users/rcopeland/Development/spark-design-system/src/react/projects/spark-react/src/SprkSpinner/SprkSpinner.js
FN:5,SprkSpinner
FNF:1
FNH:1
FNDA:5,SprkSpinner
DA:6,5
DA:18,4
DA:24,4
LF:3
LH:3
BRF:0
BRH:0
end_of_record
TN:
SF:/Users/rcopeland/Development/spark-design-system/src/react/projects/spark-react/src/SprkStack/SprkStack.js
FN:5,(anonymous_0)
FNF:1
FNH:1
FNDA:24,(anonymous_0)
DA:5,2
DA:13,24
DA:15,24
DA:33,24
DA:40,2
DA:48,2
LF:6
LH:6
BRF:0
BRH:0
end_of_record
TN:
SF:/Users/rcopeland/Development/spark-design-system/src/react/projects/spark-react/src/SprkStack/components/SprkStackItem/SprkStackItem.js
FN:5,(anonymous_0)
FNF:1
FNH:1
FNDA:1,(anonymous_0)
DA:5,1
DA:11,1
DA:13,1
DA:20,1
DA:26,1
LF:5
LH:5
BRF:0
BRH:0
end_of_record
TN:
SF:/Users/rcopeland/Development/spark-design-system/src/react/projects/spark-react/src/SprkTable/SprkTable.js
FN:6,(anonymous_0)
FN:41,(anonymous_1)
FN:43,(anonymous_2)
FN:58,(anonymous_3)
FN:60,(anonymous_4)
FN:79,(anonymous_5)
FN:88,(anonymous_6)
FN:92,(anonymous_7)
FN:109,(anonymous_8)
FN:113,(anonymous_9)
FN:141,(anonymous_10)
FN:150,(anonymous_11)
FN:153,(anonymous_12)
FNF:13
FNH:13
FNDA:27,(anonymous_0)
FNDA:4,(anonymous_1)
FNDA:12,(anonymous_2)
FNDA:4,(anonymous_3)
FNDA:20,(anonymous_4)
FNDA:6,(anonymous_5)
FNDA:4,(anonymous_6)
FNDA:12,(anonymous_7)
FNDA:8,(anonymous_8)
FNDA:16,(anonymous_9)
FNDA:9,(anonymous_10)
FNDA:8,(anonymous_11)
FNDA:12,(anonymous_12)
DA:6,1
DA:16,27
DA:18,27
DA:23,27
DA:35,27
DA:36,4
DA:42,4
DA:44,12
DA:59,4
DA:61,20
DA:71,23
DA:72,4
DA:80,6
DA:89,4
DA:93,12
DA:103,19
DA:104,4
DA:110,8
DA:114,16
DA:126,15
DA:127,1
DA:135,14
DA:142,9
DA:151,8
DA:154,12
DA:165,1
DA:195,1
LF:27
LH:27
BRDA:35,0,0,4
BRDA:35,0,1,23
BRDA:40,1,0,4
BRDA:40,1,1,2
BRDA:56,2,0,4
BRDA:56,2,1,1
BRDA:71,3,0,4
BRDA:71,3,1,19
BRDA:76,4,0,4
BRDA:76,4,1,2
BRDA:86,5,0,4
BRDA:86,5,1,1
BRDA:91,6,0,4
BRDA:91,6,1,4
BRDA:103,7,0,4
BRDA:103,7,1,15
BRDA:107,8,0,4
BRDA:107,8,1,2
BRDA:112,9,0,8
BRDA:112,9,1,8
BRDA:116,10,0,8
BRDA:116,10,1,8
BRDA:126,11,0,1
BRDA:126,11,1,14
BRDA:139,12,0,14
BRDA:139,12,1,3
BRDA:148,13,0,14
BRDA:148,13,1,2
BRDA:152,14,0,8
BRDA:152,14,1,4
BRF:30
BRH:30
end_of_record
TN:
SF:/Users/rcopeland/Development/spark-design-system/src/react/projects/spark-react/src/SprkTabs/SprkTabs.js
FN:15,(anonymous_0)
FN:26,(anonymous_1)
FN:36,(anonymous_2)
FN:41,(anonymous_3)
FN:51,(anonymous_4)
FN:56,(anonymous_5)
FN:73,(anonymous_6)
FN:76,(anonymous_7)
FN:84,(anonymous_8)
FN:100,(anonymous_9)
FN:121,(anonymous_10)
FN:158,(anonymous_11)
FN:172,(anonymous_12)
FN:177,(anonymous_13)
FN:194,(anonymous_14)
FN:195,(anonymous_15)
FN:218,(anonymous_16)
FNF:17
FNH:17
FNDA:21,(anonymous_0)
FNDA:46,(anonymous_1)
FNDA:21,(anonymous_2)
FNDA:18,(anonymous_3)
FNDA:21,(anonymous_4)
FNDA:46,(anonymous_5)
FNDA:11,(anonymous_6)
FNDA:24,(anonymous_7)
FNDA:3,(anonymous_8)
FNDA:3,(anonymous_9)
FNDA:10,(anonymous_10)
FNDA:39,(anonymous_11)
FNDA:2,(anonymous_12)
FNDA:52,(anonymous_13)
FNDA:52,(anonymous_14)
FNDA:113,(anonymous_15)
FNDA:2,(anonymous_16)
DA:16,21
DA:17,21
DA:18,21
DA:19,21
DA:20,21
DA:21,21
DA:22,21
DA:23,21
DA:24,21
DA:25,21
DA:26,46
DA:27,21
DA:37,21
DA:39,21
DA:40,21
DA:41,21
DA:42,18
DA:52,21
DA:53,21
DA:54,21
DA:56,21
DA:57,46
DA:58,8
DA:60,38
DA:63,46
DA:64,13
DA:74,11
DA:76,11
DA:77,24
DA:78,11
DA:81,11
DA:85,3
DA:86,3
DA:87,1
DA:92,2
DA:93,2
DA:101,3
DA:102,3
DA:103,2
DA:104,2
DA:109,1
DA:122,10
DA:123,10
DA:130,10
DA:132,1
DA:133,1
DA:135,1
DA:136,1
DA:138,1
DA:142,1
DA:144,1
DA:148,1
DA:150,6
DA:159,39
DA:161,39
DA:162,19
DA:164,20
DA:173,2
DA:174,2
DA:183,52
DA:185,52
DA:186,52
DA:194,52
DA:195,52
DA:204,113
DA:206,113
DA:208,113
DA:210,111
DA:219,2
DA:220,2
DA:221,1
DA:231,111
DA:245,52
DA:247,52
DA:269,3
DA:275,3
LF:76
LH:76
BRDA:57,0,0,8
BRDA:57,0,1,38
BRDA:63,1,0,13
BRDA:63,1,1,33
BRDA:77,2,0,11
BRDA:77,2,1,13
BRDA:86,3,0,1
BRDA:86,3,1,2
BRDA:102,4,0,2
BRDA:102,4,1,1
BRDA:130,5,0,1
BRDA:130,5,1,1
BRDA:130,5,2,1
BRDA:130,5,3,1
BRDA:130,5,4,6
BRDA:161,6,0,19
BRDA:161,6,1,20
BRDA:208,7,0,2
BRDA:208,7,1,111
BRDA:220,8,0,1
BRDA:220,8,1,1
BRF:21
BRH:21
end_of_record
TN:
SF:/Users/rcopeland/Development/spark-design-system/src/react/projects/spark-react/src/SprkTabs/components/SprkTabsButton/SprkTabsButton.js
FN:6,(anonymous_0)
FN:11,(anonymous_1)
FN:18,(anonymous_2)
FN:60,(anonymous_3)
FNF:4
FNH:4
FNDA:51,(anonymous_0)
FNDA:69,(anonymous_1)
FNDA:120,(anonymous_2)
FNDA:1,(anonymous_3)
DA:7,51
DA:8,51
DA:12,69
DA:13,69
DA:14,10
DA:29,120
DA:30,120
DA:54,3
DA:65,3
LF:9
LH:9
BRDA:13,0,0,10
BRDA:13,0,1,59
BRDA:43,1,0,32
BRDA:43,1,1,88
BRF:4
BRH:4
end_of_record
TN:
SF:/Users/rcopeland/Development/spark-design-system/src/react/projects/spark-react/src/SprkTabs/components/SprkTabsPanel/SprkTabsPanel.js
FN:6,(anonymous_0)
FNF:1
FNH:1
FNDA:113,(anonymous_0)
DA:13,113
DA:15,113
DA:37,3
LF:3
LH:3
BRF:0
BRH:0
end_of_record
TN:
SF:/Users/rcopeland/Development/spark-design-system/src/react/projects/spark-react/src/SprkToggle/SprkToggle.js
FN:8,(anonymous_0)
FN:18,(anonymous_1)
FN:19,(anonymous_2)
FN:25,(anonymous_3)
FNF:4
FNH:4
FNDA:14,(anonymous_0)
FNDA:4,(anonymous_1)
FNDA:4,(anonymous_2)
FNDA:18,(anonymous_3)
DA:9,14
DA:10,14
DA:11,14
DA:15,14
DA:19,4
DA:36,18
DA:37,18
DA:39,18
DA:44,18
DA:50,18
DA:70,4
DA:79,4
LF:12
LH:12
BRDA:12,0,0,14
BRDA:12,0,1,13
BRDA:13,1,0,1
BRDA:13,1,1,13
BRDA:21,2,0,3
BRDA:21,2,1,1
BRDA:57,3,0,4
BRDA:57,3,1,14
BRF:8
BRH:8
end_of_record
