{"numFailedTestSuites":0,"numFailedTests":0,"numPassedTestSuites":52,"numPassedTests":465,"numPendingTestSuites":0,"numPendingTests":0,"numRuntimeErrorTestSuites":0,"numTodoTests":0,"numTotalTestSuites":52,"numTotalTests":465,"openHandles":[],"snapshot":{"added":0,"didUpdate":false,"failure":false,"filesAdded":0,"filesRemoved":0,"filesRemovedList":[],"filesUnmatched":0,"filesUpdated":0,"matched":0,"total":0,"unchecked":0,"uncheckedKeysByFile":[],"unmatched":0,"updated":0},"startTime":1572128901086,"success":true,"testResults":[{"assertionResults":[{"ancestorTitles":[],"failureMessages":[],"fullName":"should display a div element with the correct base class","location":null,"status":"passed","title":"should display a div element with the correct base class"},{"ancestorTitles":[],"failureMessages":[],"fullName":"should display a table element with the correct base class","location":null,"status":"passed","title":"should display a table element with the correct base class"},{"ancestorTitles":[],"failureMessages":[],"fullName":"should display a table element with the correct classes if additionalTableClasses has a value","location":null,"status":"passed","title":"should display a table element with the correct classes if additionalTableClasses has a value"},{"ancestorTitles":[],"failureMessages":[],"fullName":"should display a div element with the correct data-id if idString has a value","location":null,"status":"passed","title":"should display a div element with the correct data-id if idString has a value"},{"ancestorTitles":[],"failureMessages":[],"fullName":"should display a div element with the correct classes if additionalContainerClasses has a value","location":null,"status":"passed","title":"should display a div element with the correct classes if additionalContainerClasses has a value"},{"ancestorTitles":[],"failureMessages":[],"fullName":"should display a table element with the correct classes if the variant issecondary","location":null,"status":"passed","title":"should display a table element with the correct classes if the variant issecondary"},{"ancestorTitles":[],"failureMessages":[],"fullName":"should display a table element with the correct classes if the variant is grouped","location":null,"status":"passed","title":"should display a table element with the correct classes if the variant is grouped"},{"ancestorTitles":[],"failureMessages":[],"fullName":"should display a table element with the correct classes if the variant is rowComparison","location":null,"status":"passed","title":"should display a table element with the correct classes if the variant is rowComparison"},{"ancestorTitles":[],"failureMessages":[],"fullName":"should display a table element with the correct classes if the variant is secondaryRowComparison","location":null,"status":"passed","title":"should display a table element with the correct classes if the variant is secondaryRowComparison"},{"ancestorTitles":[],"failureMessages":[],"fullName":"should display a thead element with the correct class if the variant is default","location":null,"status":"passed","title":"should display a thead element with the correct class if the variant is default"},{"ancestorTitles":[],"failureMessages":[],"fullName":"should display a thead element with the correct class if the variant is secondary","location":null,"status":"passed","title":"should display a thead element with the correct class if the variant is secondary"},{"ancestorTitles":[],"failureMessages":[],"fullName":"should display a thead element with the correct class if the variant is grouped","location":null,"status":"passed","title":"should display a thead element with the correct class if the variant is grouped"},{"ancestorTitles":[],"failureMessages":[],"fullName":"should display a thead element with the correct class if the variant is rowComparison","location":null,"status":"passed","title":"should display a thead element with the correct class if the variant is rowComparison"},{"ancestorTitles":[],"failureMessages":[],"fullName":"should display one tr element in the thead element if columns are present","location":null,"status":"passed","title":"should display one tr element in the thead element if columns are present"},{"ancestorTitles":[],"failureMessages":[],"fullName":"should display multiple tr elements in the thead element if columns are present and the variant is grouped","location":null,"status":"passed","title":"should display multiple tr elements in the thead element if columns are present and the variant is grouped"},{"ancestorTitles":[],"failureMessages":[],"fullName":"should display multiple tr elements in the tbody element if rows is present and the variant is grouped","location":null,"status":"passed","title":"should display multiple tr elements in the tbody element if rows is present and the variant is grouped"},{"ancestorTitles":[],"failureMessages":[],"fullName":"should display a tbody element when rows prop is not undefined","location":null,"status":"passed","title":"should display a tbody element when rows prop is not undefined"},{"ancestorTitles":[],"failureMessages":[],"fullName":"should display a th with the correct class when the variant is rowComparison and columns is not undefined","location":null,"status":"passed","title":"should display a th with the correct class when the variant is rowComparison and columns is not undefined"},{"ancestorTitles":[],"failureMessages":[],"fullName":"should not display a thead element if the variant is secondaryRowComparison","location":null,"status":"passed","title":"should not display a thead element if the variant is secondaryRowComparison"},{"ancestorTitles":[],"failureMessages":[],"fullName":"should render the appropriate number of td elements based on the columns prop","location":null,"status":"passed","title":"should render the appropriate number of td elements based on the columns prop"},{"ancestorTitles":[],"failureMessages":[],"fullName":"should not render a tr element if the columns prop is not provided","location":null,"status":"passed","title":"should not render a tr element if the columns prop is not provided"},{"ancestorTitles":[],"failureMessages":[],"fullName":"should not render a tr element if the rows prop is not provided","location":null,"status":"passed","title":"should not render a tr element if the rows prop is not provided"},{"ancestorTitles":[],"failureMessages":[],"fullName":"should render the appropriate number of td elements based on the rows prop","location":null,"status":"passed","title":"should render the appropriate number of td elements based on the rows prop"},{"ancestorTitles":[],"failureMessages":[],"fullName":"should render the appropriate number of tr elements in the tbody based on the rows prop","location":null,"status":"passed","title":"should render the appropriate number of tr elements in the tbody based on the rows prop"},{"ancestorTitles":[],"failureMessages":[],"fullName":"should render a buttons if the button is passed in the rows prop and is variant secondaryRowComparison","location":null,"status":"passed","title":"should render a buttons if the button is passed in the rows prop and is variant secondaryRowComparison"},{"ancestorTitles":[],"failureMessages":[],"fullName":"should render a appropriate number of th elements when rows is passed and variant is secondaryRowComparison","location":null,"status":"passed","title":"should render a appropriate number of th elements when rows is passed and variant is secondaryRowComparison"},{"ancestorTitles":[],"failureMessages":[],"fullName":"should render div and table elements and children if variant is html","location":null,"status":"passed","title":"should render div and table elements and children if variant is html"}],"endTime":1572128905500,"message":"","name":"/Users/afebbraro/websites/spark-design-system/react/src/base/tables/SprkTable.test.js","startTime":1572128902975,"status":"passed","summary":""},{"assertionResults":[{"ancestorTitles":[],"failureMessages":[],"fullName":"should render an element with the correct class","location":null,"status":"passed","title":"should render an element with the correct class"},{"ancestorTitles":[],"failureMessages":[],"fullName":"should add huge input class to container if variant is hugeSelect","location":null,"status":"passed","title":"should add huge input class to container if variant is hugeSelect"},{"ancestorTitles":[],"failureMessages":[],"fullName":"should add floating label to huge select if it has a default value","location":null,"status":"passed","title":"should add floating label to huge select if it has a default value"},{"ancestorTitles":[],"failureMessages":[],"fullName":"should add floating label to huge select if it has a value on change","location":null,"status":"passed","title":"should add floating label to huge select if it has a value on change"},{"ancestorTitles":[],"failureMessages":[],"fullName":"should not add floating label to regular select if it has a value on change","location":null,"status":"passed","title":"should not add floating label to regular select if it has a value on change"},{"ancestorTitles":[],"failureMessages":[],"fullName":"should not add floating label to huge select if has no value on load","location":null,"status":"passed","title":"should not add floating label to huge select if has no value on load"},{"ancestorTitles":[],"failureMessages":[],"fullName":"should run the supplied onChange function for checkboxes","location":null,"status":"passed","title":"should run the supplied onChange function for checkboxes"},{"ancestorTitles":[],"failureMessages":[],"fullName":"should run the supplied onChange function for selects","location":null,"status":"passed","title":"should run the supplied onChange function for selects"},{"ancestorTitles":[],"failureMessages":[],"fullName":"should run the supplied onChange function for huge selects","location":null,"status":"passed","title":"should run the supplied onChange function for huge selects"},{"ancestorTitles":[],"failureMessages":[],"fullName":"should update state if huge select has a value","location":null,"status":"passed","title":"should update state if huge select has a value"},{"ancestorTitles":[],"failureMessages":[],"fullName":"should not update state if huge select does not have a value","location":null,"status":"passed","title":"should not update state if huge select does not have a value"},{"ancestorTitles":[],"failureMessages":[],"fullName":"should add classes when additionalClasses has a value to radios","location":null,"status":"passed","title":"should add classes when additionalClasses has a value to radios"},{"ancestorTitles":[],"failureMessages":[],"fullName":"should add classes when additionalClasses has a value to selects","location":null,"status":"passed","title":"should add classes when additionalClasses has a value to selects"},{"ancestorTitles":[],"failureMessages":[],"fullName":"should assign data-analytics when analyticsString has a value","location":null,"status":"passed","title":"should assign data-analytics when analyticsString has a value"},{"ancestorTitles":[],"failureMessages":[],"fullName":"should assign data-id when idString has a value to checkboxes","location":null,"status":"passed","title":"should assign data-id when idString has a value to checkboxes"},{"ancestorTitles":[],"failureMessages":[],"fullName":"should assign data-id when idString has a value to selects","location":null,"status":"passed","title":"should assign data-id when idString has a value to selects"},{"ancestorTitles":[],"failureMessages":[],"fullName":"should render helper text when supplied","location":null,"status":"passed","title":"should render helper text when supplied"},{"ancestorTitles":[],"failureMessages":[],"fullName":"should not render helper text when not supplied","location":null,"status":"passed","title":"should not render helper text when not supplied"},{"ancestorTitles":[],"failureMessages":[],"fullName":"should render the input in an error state when valid is false","location":null,"status":"passed","title":"should render the input in an error state when valid is false"},{"ancestorTitles":[],"failureMessages":[],"fullName":"should render the select in an error state when valid is false","location":null,"status":"passed","title":"should render the select in an error state when valid is false"},{"ancestorTitles":[],"failureMessages":[],"fullName":"should make select disabled when disabled is set","location":null,"status":"passed","title":"should make select disabled when disabled is set"},{"ancestorTitles":[],"failureMessages":[],"fullName":"should render grouped options if supplied","location":null,"status":"passed","title":"should render grouped options if supplied"}],"endTime":1572128905599,"message":"","name":"/Users/afebbraro/websites/spark-design-system/react/src/base/inputs/SprkSelectionInput/SprkSelectionInput.test.js","startTime":1572128902943,"status":"passed","summary":""},{"assertionResults":[{"ancestorTitles":[],"failureMessages":[],"fullName":"should display a stepper element with the correct base class","location":null,"status":"passed","title":"should display a stepper element with the correct base class"},{"ancestorTitles":[],"failureMessages":[],"fullName":"should correctly apply additional classes","location":null,"status":"passed","title":"should correctly apply additional classes"},{"ancestorTitles":[],"failureMessages":[],"fullName":"should correctly apply bookend classes","location":null,"status":"passed","title":"should correctly apply bookend classes"},{"ancestorTitles":[],"failureMessages":[],"fullName":"should ignore non-step children","location":null,"status":"passed","title":"should ignore non-step children"},{"ancestorTitles":[],"failureMessages":[],"fullName":"should call step callback function","location":null,"status":"passed","title":"should call step callback function"},{"ancestorTitles":[],"failureMessages":[],"fullName":"should have the correct structure with a dark background","location":null,"status":"passed","title":"should have the correct structure with a dark background"},{"ancestorTitles":[],"failureMessages":[],"fullName":"should correctly advance the tab when a key is pressed","location":null,"status":"passed","title":"should correctly advance the tab when a key is pressed"},{"ancestorTitles":[],"failureMessages":[],"fullName":"should correctly retreat the tab when a key is pressed","location":null,"status":"passed","title":"should correctly retreat the tab when a key is pressed"},{"ancestorTitles":[],"failureMessages":[],"fullName":"should correctly jump to first step when Home is pressed","location":null,"status":"passed","title":"should correctly jump to first step when Home is pressed"},{"ancestorTitles":[],"failureMessages":[],"fullName":"should correctly jump to last step when End is pressed","location":null,"status":"passed","title":"should correctly jump to last step when End is pressed"},{"ancestorTitles":[],"failureMessages":[],"fullName":"should correctly advance and overflow the selected item with keyboard","location":null,"status":"passed","title":"should correctly advance and overflow the selected item with keyboard"},{"ancestorTitles":[],"failureMessages":[],"fullName":"should correctly retreat and underflow the selected item with keyboard","location":null,"status":"passed","title":"should correctly retreat and underflow the selected item with keyboard"},{"ancestorTitles":[],"failureMessages":[],"fullName":"should not change state for unexpected keypresses","location":null,"status":"passed","title":"should not change state for unexpected keypresses"}],"endTime":1572128905615,"message":"","name":"/Users/afebbraro/websites/spark-design-system/react/src/components/stepper/SprkStepper.test.js","startTime":1572128902974,"status":"passed","summary":""},{"assertionResults":[{"ancestorTitles":[],"failureMessages":[],"fullName":"should display a promo element with the correct base class","location":null,"status":"passed","title":"should display a promo element with the correct base class"},{"ancestorTitles":[],"failureMessages":[],"fullName":"should render with the border class when hasBorder is provided","location":null,"status":"passed","title":"should render with the border class when hasBorder is provided"},{"ancestorTitles":[],"failureMessages":[],"fullName":"should render with additional classes when provided","location":null,"status":"passed","title":"should render with additional classes when provided"},{"ancestorTitles":[],"failureMessages":[],"fullName":"should render with data-id when provided","location":null,"status":"passed","title":"should render with data-id when provided"},{"ancestorTitles":[],"failureMessages":[],"fullName":"should render with additional attributes when provided","location":null,"status":"passed","title":"should render with additional attributes when provided"},{"ancestorTitles":[],"failureMessages":[],"fullName":"should render with the flag class when isFlag is provided","location":null,"status":"passed","title":"should render with the flag class when isFlag is provided"},{"ancestorTitles":[],"failureMessages":[],"fullName":"should render a flag image with passed in properties","location":null,"status":"passed","title":"should render a flag image with passed in properties"},{"ancestorTitles":[],"failureMessages":[],"fullName":"should not render an image in the flag variant if no src is provided","location":null,"status":"passed","title":"should not render an image in the flag variant if no src is provided"},{"ancestorTitles":[],"failureMessages":[],"fullName":"should render a link with the correct properties when isFlag is provided","location":null,"status":"passed","title":"should render a link with the correct properties when isFlag is provided"},{"ancestorTitles":[],"failureMessages":[],"fullName":"should render a link with the correct classes when isFlag and additionalClassesImgLink are provided","location":null,"status":"passed","title":"should render a link with the correct classes when isFlag and additionalClassesImgLink are provided"},{"ancestorTitles":[],"failureMessages":[],"fullName":"should render an image with passed in properties","location":null,"status":"passed","title":"should render an image with passed in properties"},{"ancestorTitles":[],"failureMessages":[],"fullName":"should not render an image if no src is provided","location":null,"status":"passed","title":"should not render an image if no src is provided"},{"ancestorTitles":[],"failureMessages":[],"fullName":"should render an image link with the correct properties","location":null,"status":"passed","title":"should render an image link with the correct properties"},{"ancestorTitles":[],"failureMessages":[],"fullName":"should render a link with the correct classes when imgSrc and additionalClassesImgLink are provided","location":null,"status":"passed","title":"should render a link with the correct classes when imgSrc and additionalClassesImgLink are provided"},{"ancestorTitles":[],"failureMessages":[],"fullName":"should render a link with the correct classes when additionalClassesImgLink are provided","location":null,"status":"passed","title":"should render a link with the correct classes when additionalClassesImgLink are provided"},{"ancestorTitles":[],"failureMessages":[],"fullName":"should render a content div with the correct classes","location":null,"status":"passed","title":"should render a content div with the correct classes"},{"ancestorTitles":[],"failureMessages":[],"fullName":"should render a content div with the correct classes in the flag variant","location":null,"status":"passed","title":"should render a content div with the correct classes in the flag variant"},{"ancestorTitles":[],"failureMessages":[],"fullName":"should render a content div with the correct classes when an image is supplied","location":null,"status":"passed","title":"should render a content div with the correct classes when an image is supplied"},{"ancestorTitles":[],"failureMessages":[],"fullName":"should render a title when provided","location":null,"status":"passed","title":"should render a title when provided"},{"ancestorTitles":[],"failureMessages":[],"fullName":"should render a subtitle when provided","location":null,"status":"passed","title":"should render a subtitle when provided"},{"ancestorTitles":[],"failureMessages":[],"fullName":"should render children content when provided","location":null,"status":"passed","title":"should render children content when provided"},{"ancestorTitles":[],"failureMessages":[],"fullName":"should render a button when cta is set to button","location":null,"status":"passed","title":"should render a button when cta is set to button"},{"ancestorTitles":[],"failureMessages":[],"fullName":"should not render a button if cta is not set","location":null,"status":"passed","title":"should not render a button if cta is not set"},{"ancestorTitles":[],"failureMessages":[],"fullName":"should render a button cta with the correct properties","location":null,"status":"passed","title":"should render a button cta with the correct properties"},{"ancestorTitles":[],"failureMessages":[],"fullName":"should render a link when cta is set to link","location":null,"status":"passed","title":"should render a link when cta is set to link"},{"ancestorTitles":[],"failureMessages":[],"fullName":"should not render a link if cta is not set","location":null,"status":"passed","title":"should not render a link if cta is not set"},{"ancestorTitles":[],"failureMessages":[],"fullName":"should render a link cta with the correct properties","location":null,"status":"passed","title":"should render a link cta with the correct properties"},{"ancestorTitles":[],"failureMessages":[],"fullName":"should render a flag image with passed in properties in the reversed variant","location":null,"status":"passed","title":"should render a flag image with passed in properties in the reversed variant"},{"ancestorTitles":[],"failureMessages":[],"fullName":"should not render an image in the reversed flag variant if no src is provided","location":null,"status":"passed","title":"should not render an image in the reversed flag variant if no src is provided"},{"ancestorTitles":[],"failureMessages":[],"fullName":"should render a link with the correct properties in the reversed flag variant","location":null,"status":"passed","title":"should render a link with the correct properties in the reversed flag variant"},{"ancestorTitles":[],"failureMessages":[],"fullName":"should render a link with the correct classes when isFlag and additionalClassesImgLink are provided","location":null,"status":"passed","title":"should render a link with the correct classes when isFlag and additionalClassesImgLink are provided"},{"ancestorTitles":[],"failureMessages":[],"fullName":"should render an image with passed in properties in the reversed variant","location":null,"status":"passed","title":"should render an image with passed in properties in the reversed variant"},{"ancestorTitles":[],"failureMessages":[],"fullName":"should not render an image in the reversed variant if no src is provided","location":null,"status":"passed","title":"should not render an image in the reversed variant if no src is provided"},{"ancestorTitles":[],"failureMessages":[],"fullName":"should render an image link with the correct properties in the reversed variant","location":null,"status":"passed","title":"should render an image link with the correct properties in the reversed variant"},{"ancestorTitles":[],"failureMessages":[],"fullName":"should render a link with the correct classes when imgSrc and additionalClassesImgLink are provided in the reversed variant","location":null,"status":"passed","title":"should render a link with the correct classes when imgSrc and additionalClassesImgLink are provided in the reversed variant"},{"ancestorTitles":[],"failureMessages":[],"fullName":"should render with the image on the left if mediaRev is not provided","location":null,"status":"passed","title":"should render with the image on the left if mediaRev is not provided"},{"ancestorTitles":[],"failureMessages":[],"fullName":"should render with the image on the right if mediaRev is provided","location":null,"status":"passed","title":"should render with the image on the right if mediaRev is provided"}],"endTime":1572128905630,"message":"","name":"/Users/afebbraro/websites/spark-design-system/react/src/components/promo/SprkPromo.test.js","startTime":1572128902963,"status":"passed","summary":""},{"assertionResults":[{"ancestorTitles":[],"failureMessages":[],"fullName":"should render a trigger with the correct classes","location":null,"status":"passed","title":"should render a trigger with the correct classes"},{"ancestorTitles":[],"failureMessages":[],"fullName":"should render a footer if supplied with the choices","location":null,"status":"passed","title":"should render a footer if supplied with the choices"},{"ancestorTitles":[],"failureMessages":[],"fullName":"should render the correct text if defaultTriggerText is defined","location":null,"status":"passed","title":"should render the correct text if defaultTriggerText is defined"},{"ancestorTitles":[],"failureMessages":[],"fullName":"should add classes to the selector when additionalClasses has a value","location":null,"status":"passed","title":"should add classes to the selector when additionalClasses has a value"},{"ancestorTitles":[],"failureMessages":[],"fullName":"should add classes to the icon when additionalIconClasses has a value","location":null,"status":"passed","title":"should add classes to the icon when additionalIconClasses has a value"},{"ancestorTitles":[],"failureMessages":[],"fullName":"should add classes to the trigger when additionalTriggerClasses has a value","location":null,"status":"passed","title":"should add classes to the trigger when additionalTriggerClasses has a value"},{"ancestorTitles":[],"failureMessages":[],"fullName":"should add classes to the trigger text when additionalTriggerTextClasses has a value","location":null,"status":"passed","title":"should add classes to the trigger text when additionalTriggerTextClasses has a value"},{"ancestorTitles":[],"failureMessages":[],"fullName":"should assign data-analytics when analyticsString has a value","location":null,"status":"passed","title":"should assign data-analytics when analyticsString has a value"},{"ancestorTitles":[],"failureMessages":[],"fullName":"should assign data-id when idString has a value","location":null,"status":"passed","title":"should assign data-id when idString has a value"},{"ancestorTitles":[],"failureMessages":[],"fullName":"should build the correct number of choices from a choices object","location":null,"status":"passed","title":"should build the correct number of choices from a choices object"},{"ancestorTitles":[],"failureMessages":[],"fullName":"should run the choiceFunction supplied with the list of choices (base)","location":null,"status":"passed","title":"should run the choiceFunction supplied with the list of choices (base)"},{"ancestorTitles":[],"failureMessages":[],"fullName":"should run the choiceFunction supplied with the list of choices (informational)","location":null,"status":"passed","title":"should run the choiceFunction supplied with the list of choices (informational)"},{"ancestorTitles":[],"failureMessages":[],"fullName":"should not error if the choiceFunction is supplied, but undefined with the list of choices (base)","location":null,"status":"passed","title":"should not error if the choiceFunction is supplied, but undefined with the list of choices (base)"},{"ancestorTitles":[],"failureMessages":[],"fullName":"should not error if the choiceFunction is supplied, but undefined with the list of choices (informational)","location":null,"status":"passed","title":"should not error if the choiceFunction is supplied, but undefined with the list of choices (informational)"},{"ancestorTitles":[],"failureMessages":[],"fullName":"should close the dropdown on click outside","location":null,"status":"passed","title":"should close the dropdown on click outside"},{"ancestorTitles":[],"failureMessages":[],"fullName":"should close the dropdown on keydown (Escape)","location":null,"status":"passed","title":"should close the dropdown on keydown (Escape)"},{"ancestorTitles":[],"failureMessages":[],"fullName":"should unmount without error","location":null,"status":"passed","title":"should unmount without error"},{"ancestorTitles":[],"failureMessages":[],"fullName":"should render the choices with the element specified","location":null,"status":"passed","title":"should render the choices with the element specified"},{"ancestorTitles":[],"failureMessages":[],"fullName":"should pass unused keys on choice items through to the dom","location":null,"status":"passed","title":"should pass unused keys on choice items through to the dom"}],"endTime":1572128905652,"message":"","name":"/Users/afebbraro/websites/spark-design-system/react/src/components/masthead/components/SprkMastheadSelector/SprkMastheadSelector.test.js","startTime":1572128902947,"status":"passed","summary":""},{"assertionResults":[{"ancestorTitles":[],"failureMessages":[],"fullName":"should display a pagination element with the correct base class","location":null,"status":"passed","title":"should display a pagination element with the correct base class"},{"ancestorTitles":[],"failureMessages":[],"fullName":"should render with exactly two chevrons in any variant","location":null,"status":"passed","title":"should render with exactly two chevrons in any variant"},{"ancestorTitles":[],"failureMessages":[],"fullName":"should calculate the correct number of pages in the default variant","location":null,"status":"passed","title":"should calculate the correct number of pages in the default variant"},{"ancestorTitles":[],"failureMessages":[],"fullName":"applies current page correctly in the default variant","location":null,"status":"passed","title":"applies current page correctly in the default variant"},{"ancestorTitles":[],"failureMessages":[],"fullName":"renders three numbered pages and no ellipses with 3 or fewer pages","location":null,"status":"passed","title":"renders three numbered pages and no ellipses with 3 or fewer pages"},{"ancestorTitles":[],"failureMessages":[],"fullName":"renders ellipses with more than 3 pages","location":null,"status":"passed","title":"renders ellipses with more than 3 pages"},{"ancestorTitles":[],"failureMessages":[],"fullName":"navigates back one page when you click the first chevron","location":null,"status":"passed","title":"navigates back one page when you click the first chevron"},{"ancestorTitles":[],"failureMessages":[],"fullName":"navigates forward one page when you click the last chevron","location":null,"status":"passed","title":"navigates forward one page when you click the last chevron"},{"ancestorTitles":[],"failureMessages":[],"fullName":"goes to hard-coded page 1 when you click 1","location":null,"status":"passed","title":"goes to hard-coded page 1 when you click 1"},{"ancestorTitles":[],"failureMessages":[],"fullName":"goes to hard-coded page 2 when you click 2","location":null,"status":"passed","title":"goes to hard-coded page 2 when you click 2"},{"ancestorTitles":[],"failureMessages":[],"fullName":"goes to hard-coded page 3 when you click 3","location":null,"status":"passed","title":"goes to hard-coded page 3 when you click 3"},{"ancestorTitles":[],"failureMessages":[],"fullName":"goes to last page when you click last page","location":null,"status":"passed","title":"goes to last page when you click last page"},{"ancestorTitles":[],"failureMessages":[],"fullName":"goes to page X when you click X","location":null,"status":"passed","title":"goes to page X when you click X"},{"ancestorTitles":[],"failureMessages":[],"fullName":"should navigate to the last page when you click next on the last page","location":null,"status":"passed","title":"should navigate to the last page when you click next on the last page"},{"ancestorTitles":[],"failureMessages":[],"fullName":"should navigate to the first page when you click prev on the first page","location":null,"status":"passed","title":"should navigate to the first page when you click prev on the first page"},{"ancestorTitles":[],"failureMessages":[],"fullName":"should add analytics strings to page links","location":null,"status":"passed","title":"should add analytics strings to page links"},{"ancestorTitles":[],"failureMessages":[],"fullName":"should render the correct prevIcon name if one is passed","location":null,"status":"passed","title":"should render the correct prevIcon name if one is passed"},{"ancestorTitles":[],"failureMessages":[],"fullName":"should render the correct prevIcon name if one is not passed","location":null,"status":"passed","title":"should render the correct prevIcon name if one is not passed"},{"ancestorTitles":[],"failureMessages":[],"fullName":"should render the correct nextIcon name if one is passed","location":null,"status":"passed","title":"should render the correct nextIcon name if one is passed"},{"ancestorTitles":[],"failureMessages":[],"fullName":"should render the correct nextIcon name if one is not passed","location":null,"status":"passed","title":"should render the correct nextIcon name if one is not passed"}],"endTime":1572128905707,"message":"","name":"/Users/afebbraro/websites/spark-design-system/react/src/components/pagination/SprkPagination.test.js","startTime":1572128902943,"status":"passed","summary":""},{"assertionResults":[{"ancestorTitles":["SprkTabs Component"],"failureMessages":[],"fullName":"SprkTabs Component should display a Tab element with the correct base class","location":null,"status":"passed","title":"should display a Tab element with the correct base class"},{"ancestorTitles":["SprkTabs Component"],"failureMessages":[],"fullName":"SprkTabs Component should display a Tab panel element with the correct base class","location":null,"status":"passed","title":"should display a Tab panel element with the correct base class"},{"ancestorTitles":["SprkTabs Component"],"failureMessages":[],"fullName":"SprkTabs Component should display a Tab Button for each Tab Panel found in Tabs component","location":null,"status":"passed","title":"should display a Tab Button for each Tab Panel found in Tabs component"},{"ancestorTitles":["SprkTabs Component"],"failureMessages":[],"fullName":"SprkTabs Component should give each Tab Panel a unique ID","location":null,"status":"passed","title":"should give each Tab Panel a unique ID"},{"ancestorTitles":["SprkTabs Component"],"failureMessages":[],"fullName":"SprkTabs Component should give each Tab Button a unique ID","location":null,"status":"passed","title":"should give each Tab Button a unique ID"},{"ancestorTitles":["SprkTabs Component"],"failureMessages":[],"fullName":"SprkTabs Component should show the Tab Panel content for the tab button that was clicked","location":null,"status":"passed","title":"should show the Tab Panel content for the tab button that was clicked"},{"ancestorTitles":["SprkTabs Component"],"failureMessages":[],"fullName":"SprkTabs Component should hide the Tab Panel if that tab is not active","location":null,"status":"passed","title":"should hide the Tab Panel if that tab is not active"},{"ancestorTitles":["SprkTabs Component"],"failureMessages":[],"fullName":"SprkTabs Component should show the Tab panel with isDefaultActive","location":null,"status":"passed","title":"should show the Tab panel with isDefaultActive"},{"ancestorTitles":["SprkTabs Component"],"failureMessages":[],"fullName":"SprkTabs Component should focus the first tab when the left key is pressed while on the last tab","location":null,"status":"passed","title":"should focus the first tab when the left key is pressed while on the last tab"},{"ancestorTitles":["SprkTabs Component"],"failureMessages":[],"fullName":"SprkTabs Component should focus the last Tab Button when the end key is pressed","location":null,"status":"passed","title":"should focus the last Tab Button when the end key is pressed"},{"ancestorTitles":["SprkTabs Component"],"failureMessages":[],"fullName":"SprkTabs Component should focus the first Tab Button when the home key is pressed","location":null,"status":"passed","title":"should focus the first Tab Button when the home key is pressed"},{"ancestorTitles":["SprkTabs Component"],"failureMessages":[],"fullName":"SprkTabs Component should add the aria-orientation attribute when page loads","location":null,"status":"passed","title":"should add the aria-orientation attribute when page loads"},{"ancestorTitles":["SprkTabs Component"],"failureMessages":[],"fullName":"SprkTabs Component should move back to the previous tab at the end of the tablist if the first tab is selected","location":null,"status":"passed","title":"should move back to the previous tab at the end of the tablist if the first tab is selected"},{"ancestorTitles":["SprkTabs Component"],"failureMessages":[],"fullName":"SprkTabs Component should move back to the previous tab","location":null,"status":"passed","title":"should move back to the previous tab"},{"ancestorTitles":["SprkTabs Component"],"failureMessages":[],"fullName":"SprkTabs Component should move to the next tab","location":null,"status":"passed","title":"should move to the next tab"},{"ancestorTitles":["SprkTabs Component"],"failureMessages":[],"fullName":"SprkTabs Component should move to the first tab when the right key is pressed on the last tab","location":null,"status":"passed","title":"should move to the first tab when the right key is pressed on the last tab"},{"ancestorTitles":["SprkTabs Component"],"failureMessages":[],"fullName":"SprkTabs Component should get the active tab index","location":null,"status":"passed","title":"should get the active tab index"},{"ancestorTitles":["SprkTabs Component"],"failureMessages":[],"fullName":"SprkTabs Component should set the aria-orientation to vertical when the window size is less than the breakpoint","location":null,"status":"passed","title":"should set the aria-orientation to vertical when the window size is less than the breakpoint"},{"ancestorTitles":["SprkTabs Component"],"failureMessages":[],"fullName":"SprkTabs Component should not create a tab button for an element inside Tabs that is not a SprkTabsPanel","location":null,"status":"passed","title":"should not create a tab button for an element inside Tabs that is not a SprkTabsPanel"}],"endTime":1572128905780,"message":"","name":"/Users/afebbraro/websites/spark-design-system/react/src/components/tabs/SprkTabs.test.js","startTime":1572128902960,"status":"passed","summary":""},{"assertionResults":[{"ancestorTitles":[],"failureMessages":[],"fullName":"should render an element with the correct class","location":null,"status":"passed","title":"should render an element with the correct class"},{"ancestorTitles":[],"failureMessages":[],"fullName":"should render a huge text input with the correct class","location":null,"status":"passed","title":"should render a huge text input with the correct class"},{"ancestorTitles":[],"failureMessages":[],"fullName":"should add floating label class to huge input when a value is present and blurred out","location":null,"status":"passed","title":"should add floating label class to huge input when a value is present and blurred out"},{"ancestorTitles":[],"failureMessages":[],"fullName":"should remove/not have floating label class to huge input when a value is not present and blurred out","location":null,"status":"passed","title":"should remove/not have floating label class to huge input when a value is not present and blurred out"},{"ancestorTitles":[],"failureMessages":[],"fullName":"should add floating label class to huge text when there is value","location":null,"status":"passed","title":"should add floating label class to huge text when there is value"},{"ancestorTitles":[],"failureMessages":[],"fullName":"should add classes when additionalClasses has a value","location":null,"status":"passed","title":"should add classes when additionalClasses has a value"},{"ancestorTitles":[],"failureMessages":[],"fullName":"should assign data-analytics when analyticsString has a value","location":null,"status":"passed","title":"should assign data-analytics when analyticsString has a value"},{"ancestorTitles":[],"failureMessages":[],"fullName":"should assign data-id when idString has a value","location":null,"status":"passed","title":"should assign data-id when idString has a value"},{"ancestorTitles":[],"failureMessages":[],"fullName":"should render an icon if leadingIcon is supplied","location":null,"status":"passed","title":"should render an icon if leadingIcon is supplied"},{"ancestorTitles":[],"failureMessages":[],"fullName":"should render a textarea is type is set to textarea","location":null,"status":"passed","title":"should render a textarea is type is set to textarea"},{"ancestorTitles":[],"failureMessages":[],"fullName":"should run the supplied formatter","location":null,"status":"passed","title":"should run the supplied formatter"},{"ancestorTitles":[],"failureMessages":[],"fullName":"should not run the formatter if the field is invalid","location":null,"status":"passed","title":"should not run the formatter if the field is invalid"},{"ancestorTitles":[],"failureMessages":[],"fullName":"should run the supplied formatter (textarea)","location":null,"status":"passed","title":"should run the supplied formatter (textarea)"},{"ancestorTitles":[],"failureMessages":[],"fullName":"should not run the formatter if the field is invalid (textarea)","location":null,"status":"passed","title":"should not run the formatter if the field is invalid (textarea)"},{"ancestorTitles":[],"failureMessages":[],"fullName":"should render helper text if supplied","location":null,"status":"passed","title":"should render helper text if supplied"},{"ancestorTitles":[],"failureMessages":[],"fullName":"should not render helper text if not supplied","location":null,"status":"passed","title":"should not render helper text if not supplied"}],"endTime":1572128906393,"message":"","name":"/Users/afebbraro/websites/spark-design-system/react/src/base/inputs/SprkTextInput/SprkTextInput.test.js","startTime":1572128905678,"status":"passed","summary":""},{"assertionResults":[{"ancestorTitles":[],"failureMessages":[],"fullName":"should render media as image","location":null,"status":"passed","title":"should render media as image"},{"ancestorTitles":[],"failureMessages":[],"fullName":"should render media as icon","location":null,"status":"passed","title":"should render media as icon"},{"ancestorTitles":[],"failureMessages":[],"fullName":"should render bodyText","location":null,"status":"passed","title":"should render bodyText"},{"ancestorTitles":[],"failureMessages":[],"fullName":"should render title with correct classes (!titleFirst)","location":null,"status":"passed","title":"should render title with correct classes (!titleFirst)"},{"ancestorTitles":[],"failureMessages":[],"fullName":"should render title with correct classes when titleFirst","location":null,"status":"passed","title":"should render title with correct classes when titleFirst"},{"ancestorTitles":[],"failureMessages":[],"fullName":"should render cta as a button","location":null,"status":"passed","title":"should render cta as a button"},{"ancestorTitles":[],"failureMessages":[],"fullName":"should render cta as a link","location":null,"status":"passed","title":"should render cta as a link"},{"ancestorTitles":[],"failureMessages":[],"fullName":"should render icon next to link","location":null,"status":"passed","title":"should render icon next to link"},{"ancestorTitles":[],"failureMessages":[],"fullName":"should render media img inside react router link","location":null,"status":"passed","title":"should render media img inside react router link"},{"ancestorTitles":[],"failureMessages":[],"fullName":"should render media icon inside TagName link","location":null,"status":"passed","title":"should render media icon inside TagName link"},{"ancestorTitles":[],"failureMessages":[],"fullName":"should render CTA link as TagName link","location":null,"status":"passed","title":"should render CTA link as TagName link"},{"ancestorTitles":[],"failureMessages":[],"fullName":"should render CTA link with icon as TagName link","location":null,"status":"passed","title":"should render CTA link with icon as TagName link"},{"ancestorTitles":[],"failureMessages":[],"fullName":"should render CTA button router link","location":null,"status":"passed","title":"should render CTA button router link"},{"ancestorTitles":[],"failureMessages":[],"fullName":"should render CTA button as anchor link with button style","location":null,"status":"passed","title":"should render CTA button as anchor link with button style"},{"ancestorTitles":[],"failureMessages":[],"fullName":"should render CTA link as anchor","location":null,"status":"passed","title":"should render CTA link as anchor"},{"ancestorTitles":[],"failureMessages":[],"fullName":"should render correct order when title is first","location":null,"status":"passed","title":"should render correct order when title is first"},{"ancestorTitles":[],"failureMessages":[],"fullName":"should render correct order of elements when media is icon","location":null,"status":"passed","title":"should render correct order of elements when media is icon"},{"ancestorTitles":[],"failureMessages":[],"fullName":"should render correct order of elements when media is img","location":null,"status":"passed","title":"should render correct order of elements when media is img"}],"endTime":1572128906422,"message":"","name":"/Users/afebbraro/websites/spark-design-system/react/src/components/card/components/SprkCardTeaser/SprkCardTeaser.test.js","startTime":1572128905648,"status":"passed","summary":""},{"assertionResults":[{"ancestorTitles":[],"failureMessages":[],"fullName":"should render a trigger with the correct classes","location":null,"status":"passed","title":"should render a trigger with the correct classes"},{"ancestorTitles":[],"failureMessages":[],"fullName":"should add classes to the dropdown when additionalClasses has a value","location":null,"status":"passed","title":"should add classes to the dropdown when additionalClasses has a value"},{"ancestorTitles":[],"failureMessages":[],"fullName":"should add classes to the icon when additionalIconClasses has a value","location":null,"status":"passed","title":"should add classes to the icon when additionalIconClasses has a value"},{"ancestorTitles":[],"failureMessages":[],"fullName":"should add classes to the trigger when additionalTriggerClasses has a value","location":null,"status":"passed","title":"should add classes to the trigger when additionalTriggerClasses has a value"},{"ancestorTitles":[],"failureMessages":[],"fullName":"should add classes to the trigger text when additionalTriggerTextClasses has a value","location":null,"status":"passed","title":"should add classes to the trigger text when additionalTriggerTextClasses has a value"},{"ancestorTitles":[],"failureMessages":[],"fullName":"should assign data-analytics when analyticsString has a value","location":null,"status":"passed","title":"should assign data-analytics when analyticsString has a value"},{"ancestorTitles":[],"failureMessages":[],"fullName":"should assign data-id when idString has a value","location":null,"status":"passed","title":"should assign data-id when idString has a value"},{"ancestorTitles":[],"failureMessages":[],"fullName":"should assign the choices header when title has a value","location":null,"status":"passed","title":"should assign the choices header when title has a value"},{"ancestorTitles":[],"failureMessages":[],"fullName":"should build the correct number of choices from a choices object","location":null,"status":"passed","title":"should build the correct number of choices from a choices object"},{"ancestorTitles":[],"failureMessages":[],"fullName":"should close the dropdown on click outside","location":null,"status":"passed","title":"should close the dropdown on click outside"},{"ancestorTitles":[],"failureMessages":[],"fullName":"should close the dropdown on keydown (Escape)","location":null,"status":"passed","title":"should close the dropdown on keydown (Escape)"},{"ancestorTitles":[],"failureMessages":[],"fullName":"should unmount without error","location":null,"status":"passed","title":"should unmount without error"},{"ancestorTitles":[],"failureMessages":[],"fullName":"should render the choices with the element specified","location":null,"status":"passed","title":"should render the choices with the element specified"},{"ancestorTitles":[],"failureMessages":[],"fullName":"should pass unused keys on choice items through to the dom","location":null,"status":"passed","title":"should pass unused keys on choice items through to the dom"}],"endTime":1572128906506,"message":"","name":"/Users/afebbraro/websites/spark-design-system/react/src/components/masthead/components/SprkMastheadDropdown/SprkMastheadDropdown.test.js","startTime":1572128905738,"status":"passed","summary":""},{"assertionResults":[{"ancestorTitles":[],"failureMessages":[],"fullName":"should render a trigger with the correct classes","location":null,"status":"passed","title":"should render a trigger with the correct classes"},{"ancestorTitles":[],"failureMessages":[],"fullName":"should render a footer if supplied with the choices","location":null,"status":"passed","title":"should render a footer if supplied with the choices"},{"ancestorTitles":[],"failureMessages":[],"fullName":"should add classes to the dropdown when additionalClasses has a value","location":null,"status":"passed","title":"should add classes to the dropdown when additionalClasses has a value"},{"ancestorTitles":[],"failureMessages":[],"fullName":"should add classes to the icon when additionalIconClasses has a value","location":null,"status":"passed","title":"should add classes to the icon when additionalIconClasses has a value"},{"ancestorTitles":[],"failureMessages":[],"fullName":"should add classes to the trigger when additionalTriggerClasses has a value","location":null,"status":"passed","title":"should add classes to the trigger when additionalTriggerClasses has a value"},{"ancestorTitles":[],"failureMessages":[],"fullName":"should add classes to the trigger text when additionalTriggerTextClasses has a value","location":null,"status":"passed","title":"should add classes to the trigger text when additionalTriggerTextClasses has a value"},{"ancestorTitles":[],"failureMessages":[],"fullName":"should assign data-analytics when analyticsString has a value","location":null,"status":"passed","title":"should assign data-analytics when analyticsString has a value"},{"ancestorTitles":[],"failureMessages":[],"fullName":"should assign data-id when idString has a value","location":null,"status":"passed","title":"should assign data-id when idString has a value"},{"ancestorTitles":[],"failureMessages":[],"fullName":"should assign screen reader text to the trigger for base dropdowns","location":null,"status":"passed","title":"should assign screen reader text to the trigger for base dropdowns"},{"ancestorTitles":[],"failureMessages":[],"fullName":"should assign the choices header when title has a value","location":null,"status":"passed","title":"should assign the choices header when title has a value"},{"ancestorTitles":[],"failureMessages":[],"fullName":"should build the correct number of choices from a choices object","location":null,"status":"passed","title":"should build the correct number of choices from a choices object"},{"ancestorTitles":[],"failureMessages":[],"fullName":"should run the choiceFunction supplied with the list of choices (base)","location":null,"status":"passed","title":"should run the choiceFunction supplied with the list of choices (base)"},{"ancestorTitles":[],"failureMessages":[],"fullName":"should not error if choiceFunction is supplied but undefined (base)","location":null,"status":"passed","title":"should not error if choiceFunction is supplied but undefined (base)"},{"ancestorTitles":[],"failureMessages":[],"fullName":"should run the choiceFunction supplied with the list of choices (informational)","location":null,"status":"passed","title":"should run the choiceFunction supplied with the list of choices (informational)"},{"ancestorTitles":[],"failureMessages":[],"fullName":"should not error if choiceFunction is supplied but undefined (informational)","location":null,"status":"passed","title":"should not error if choiceFunction is supplied but undefined (informational)"},{"ancestorTitles":[],"failureMessages":[],"fullName":"should close the dropdown on click outside","location":null,"status":"passed","title":"should close the dropdown on click outside"},{"ancestorTitles":[],"failureMessages":[],"fullName":"should close the dropdown on keydown (Escape)","location":null,"status":"passed","title":"should close the dropdown on keydown (Escape)"},{"ancestorTitles":[],"failureMessages":[],"fullName":"should unmount without error","location":null,"status":"passed","title":"should unmount without error"},{"ancestorTitles":[],"failureMessages":[],"fullName":"should render the choices with the element specified","location":null,"status":"passed","title":"should render the choices with the element specified"},{"ancestorTitles":[],"failureMessages":[],"fullName":"should pass unused keys on choice items through to the dom","location":null,"status":"passed","title":"should pass unused keys on choice items through to the dom"},{"ancestorTitles":[],"failureMessages":[],"fullName":"should not set href if the supplied tagname is not a","location":null,"status":"passed","title":"should not set href if the supplied tagname is not a"}],"endTime":1572128906514,"message":"","name":"/Users/afebbraro/websites/spark-design-system/react/src/components/dropdown/SprkDropdown.test.js","startTime":1572128905636,"status":"passed","summary":""},{"assertionResults":[{"ancestorTitles":["SprkFooter Component"],"failureMessages":[],"fullName":"SprkFooter Component should display a Footer element with the correct base class","location":null,"status":"passed","title":"should display a Footer element with the correct base class"},{"ancestorTitles":["SprkFooter Component"],"failureMessages":[],"fullName":"SprkFooter Component should display a Footer element with the global section","location":null,"status":"passed","title":"should display a Footer element with the global section"},{"ancestorTitles":["SprkFooter Component"],"failureMessages":[],"fullName":"SprkFooter Component should display a Footer element with the column links section","location":null,"status":"passed","title":"should display a Footer element with the column links section"},{"ancestorTitles":["SprkFooter Component"],"failureMessages":[],"fullName":"SprkFooter Component should display a Footer element with the connect icons section","location":null,"status":"passed","title":"should display a Footer element with the connect icons section"},{"ancestorTitles":["SprkFooter Component"],"failureMessages":[],"fullName":"SprkFooter Component should display a Footer element with the awards section","location":null,"status":"passed","title":"should display a Footer element with the awards section"},{"ancestorTitles":["SprkFooter Component"],"failureMessages":[],"fullName":"SprkFooter Component should display a Footer element with the additional icons section","location":null,"status":"passed","title":"should display a Footer element with the additional icons section"},{"ancestorTitles":["SprkFooter Component"],"failureMessages":[],"fullName":"SprkFooter Component should display a Footer element with the paragraphs section","location":null,"status":"passed","title":"should display a Footer element with the paragraphs section"},{"ancestorTitles":["SprkFooter Component"],"failureMessages":[],"fullName":"SprkFooter Component should render the href as nogo if not defined for additionalIcons","location":null,"status":"passed","title":"should render the href as nogo if not defined for additionalIcons"},{"ancestorTitles":["SprkFooter Component"],"failureMessages":[],"fullName":"SprkFooter Component should not render the href if element is not an a for additionalIcons","location":null,"status":"passed","title":"should not render the href if element is not an a for additionalIcons"},{"ancestorTitles":["SprkFooter Component"],"failureMessages":[],"fullName":"SprkFooter Component should render the href as nogo if not defined for column links","location":null,"status":"passed","title":"should render the href as nogo if not defined for column links"},{"ancestorTitles":["SprkFooter Component"],"failureMessages":[],"fullName":"SprkFooter Component should not render the href if element is not an a for column links","location":null,"status":"passed","title":"should not render the href if element is not an a for column links"}],"endTime":1572128906529,"message":"","name":"/Users/afebbraro/websites/spark-design-system/react/src/components/footer/SprkFooter.test.js","startTime":1572128905659,"status":"passed","summary":""},{"assertionResults":[{"ancestorTitles":[],"failureMessages":[],"fullName":"should display one element with the correct base class","location":null,"status":"passed","title":"should display one element with the correct base class"},{"ancestorTitles":[],"failureMessages":[],"fullName":"should default to open if defaultOpen is true","location":null,"status":"passed","title":"should default to open if defaultOpen is true"},{"ancestorTitles":[],"failureMessages":[],"fullName":"should toggle the accordion open on click","location":null,"status":"passed","title":"should toggle the accordion open on click"},{"ancestorTitles":[],"failureMessages":[],"fullName":"should render the supplied element","location":null,"status":"passed","title":"should render the supplied element"},{"ancestorTitles":[],"failureMessages":[],"fullName":"should render the supplied href","location":null,"status":"passed","title":"should render the supplied href"},{"ancestorTitles":[],"failureMessages":[],"fullName":"should render the supplied href as #nogo if not supplied","location":null,"status":"passed","title":"should render the supplied href as #nogo if not supplied"},{"ancestorTitles":[],"failureMessages":[],"fullName":"should not render href if element supplied is not a (subnav)","location":null,"status":"passed","title":"should not render href if element supplied is not a (subnav)"},{"ancestorTitles":[],"failureMessages":[],"fullName":"should not render href if element supplied is not a","location":null,"status":"passed","title":"should not render href if element supplied is not a"},{"ancestorTitles":[],"failureMessages":[],"fullName":"should render href as #nogo if element supplied is a and href is not supplied","location":null,"status":"passed","title":"should render href as #nogo if element supplied is a and href is not supplied"},{"ancestorTitles":[],"failureMessages":[],"fullName":"should render href as supplied value","location":null,"status":"passed","title":"should render href as supplied value"},{"ancestorTitles":[],"failureMessages":[],"fullName":"should add a class if isActive is true","location":null,"status":"passed","title":"should add a class if isActive is true"},{"ancestorTitles":[],"failureMessages":[],"fullName":"should render as add classes if isButton is true","location":null,"status":"passed","title":"should render as add classes if isButton is true"},{"ancestorTitles":[],"failureMessages":[],"fullName":"should render the right icon if leadingIcon has value","location":null,"status":"passed","title":"should render the right icon if leadingIcon has value"},{"ancestorTitles":[],"failureMessages":[],"fullName":"should add aria-expanded=\"true\" when the item is open","location":null,"status":"passed","title":"should add aria-expanded=\"true\" when the item is open"}],"endTime":1572128906539,"message":"","name":"/Users/afebbraro/websites/spark-design-system/react/src/components/masthead/components/SprkMastheadAccordionItem/SprkMastheadAccordionItem.test.js","startTime":1572128905813,"status":"passed","summary":""},{"assertionResults":[{"ancestorTitles":[],"failureMessages":[],"fullName":"should render an element with the correct class","location":null,"status":"passed","title":"should render an element with the correct class"},{"ancestorTitles":[],"failureMessages":[],"fullName":"should add classes when additionalClasses has a value","location":null,"status":"passed","title":"should add classes when additionalClasses has a value"},{"ancestorTitles":[],"failureMessages":[],"fullName":"should assign data-analytics when analyticsString has a value","location":null,"status":"passed","title":"should assign data-analytics when analyticsString has a value"},{"ancestorTitles":[],"failureMessages":[],"fullName":"should assign data-id when idString has a value","location":null,"status":"passed","title":"should assign data-id when idString has a value"},{"ancestorTitles":[],"failureMessages":[],"fullName":"format function should format the date to 2 day month and year by default","location":null,"status":"passed","title":"format function should format the date to 2 day month and year by default"}],"endTime":1572128907008,"message":"","name":"/Users/afebbraro/websites/spark-design-system/react/src/base/inputs/SprkDatePickerInput/SprkDatePickerInput.test.js","startTime":1572128906405,"status":"passed","summary":""},{"assertionResults":[{"ancestorTitles":["SprkTabs Component"],"failureMessages":[],"fullName":"SprkTabs Component should display a Tab Button element with the correct base class","location":null,"status":"passed","title":"should display a Tab Button element with the correct base class"},{"ancestorTitles":["SprkTabs Component"],"failureMessages":[],"fullName":"SprkTabs Component should have the active class if isActive is true","location":null,"status":"passed","title":"should have the active class if isActive is true"},{"ancestorTitles":["SprkTabs Component"],"failureMessages":[],"fullName":"SprkTabs Component should focus if isFocused is updated to true","location":null,"status":"passed","title":"should focus if isFocused is updated to true"},{"ancestorTitles":["SprkTabs Component"],"failureMessages":[],"fullName":"SprkTabs Component should not focus if isFocused is updated to false","location":null,"status":"passed","title":"should not focus if isFocused is updated to false"},{"ancestorTitles":["SprkTabs Component"],"failureMessages":[],"fullName":"SprkTabs Component should add classes when tabBtnAddClasses has a value","location":null,"status":"passed","title":"should add classes when tabBtnAddClasses has a value"},{"ancestorTitles":["SprkTabs Component"],"failureMessages":[],"fullName":"SprkTabs Component should focus the next Tab Button when the right arrow key is pressed","location":null,"status":"passed","title":"should focus the next Tab Button when the right arrow key is pressed"}],"endTime":1572128907086,"message":"","name":"/Users/afebbraro/websites/spark-design-system/react/src/components/tabs/components/SprkTabsButton/SprkTabsButton.test.js","startTime":1572128906527,"status":"passed","summary":""},{"assertionResults":[{"ancestorTitles":[],"failureMessages":[],"fullName":"should render an element with the correct class","location":null,"status":"passed","title":"should render an element with the correct class"},{"ancestorTitles":[],"failureMessages":[],"fullName":"should add classes when additionalClasses has a value","location":null,"status":"passed","title":"should add classes when additionalClasses has a value"},{"ancestorTitles":[],"failureMessages":[],"fullName":"should assign data-analytics when analyticsString has a value","location":null,"status":"passed","title":"should assign data-analytics when analyticsString has a value"},{"ancestorTitles":[],"failureMessages":[],"fullName":"should assign data-id when idString has a value","location":null,"status":"passed","title":"should assign data-id when idString has a value"},{"ancestorTitles":[],"failureMessages":[],"fullName":"should render the selector if selector.items is defined","location":null,"status":"passed","title":"should render the selector if selector.items is defined"},{"ancestorTitles":[],"failureMessages":[],"fullName":"should not render the selector if selector.items is not defined","location":null,"status":"passed","title":"should not render the selector if selector.items is not defined"},{"ancestorTitles":[],"failureMessages":[],"fullName":"should render href on the link if supplied","location":null,"status":"passed","title":"should render href on the link if supplied"},{"ancestorTitles":[],"failureMessages":[],"fullName":"should not render href on the link if the element is not a","location":null,"status":"passed","title":"should not render href on the link if the element is not a"},{"ancestorTitles":[],"failureMessages":[],"fullName":"should not render href as #nogo on the link if the href is not defined","location":null,"status":"passed","title":"should not render href as #nogo on the link if the href is not defined"},{"ancestorTitles":[],"failureMessages":[],"fullName":"should render the correct number of links","location":null,"status":"passed","title":"should render the correct number of links"},{"ancestorTitles":[],"failureMessages":[],"fullName":"should render utilityContents if supplied","location":null,"status":"passed","title":"should render utilityContents if supplied"}],"endTime":1572128907090,"message":"","name":"/Users/afebbraro/websites/spark-design-system/react/src/components/masthead/components/SprkMastheadLittleNav/SprkMastheadLittleNav.test.js","startTime":1572128906439,"status":"passed","summary":""},{"assertionResults":[{"ancestorTitles":[],"failureMessages":[],"fullName":"should display an element with the correct base class","location":null,"status":"passed","title":"should display an element with the correct base class"},{"ancestorTitles":[],"failureMessages":[],"fullName":"should default to open if defaultOpen is true","location":null,"status":"passed","title":"should default to open if defaultOpen is true"},{"ancestorTitles":[],"failureMessages":[],"fullName":"should toggle open on click","location":null,"status":"passed","title":"should toggle open on click"},{"ancestorTitles":[],"failureMessages":[],"fullName":"should add a class to icon when opened","location":null,"status":"passed","title":"should add a class to icon when opened"},{"ancestorTitles":[],"failureMessages":[],"fullName":"should add aria-expanded=\"true\" when the toggle is open","location":null,"status":"passed","title":"should add aria-expanded=\"true\" when the toggle is open"},{"ancestorTitles":[],"failureMessages":[],"fullName":"should run callback when passed as prop to onToggle","location":null,"status":"passed","title":"should run callback when passed as prop to onToggle"}],"endTime":1572128907117,"message":"","name":"/Users/afebbraro/websites/spark-design-system/react/src/components/accordions/components/SprkAccordionItem/SprkAccordionItem.test.js","startTime":1572128906536,"status":"passed","summary":""},{"assertionResults":[{"ancestorTitles":[],"failureMessages":[],"fullName":"should render an element with the correct class","location":null,"status":"passed","title":"should render an element with the correct class"},{"ancestorTitles":[],"failureMessages":[],"fullName":"should add classes when additionalClasses has a value","location":null,"status":"passed","title":"should add classes when additionalClasses has a value"},{"ancestorTitles":[],"failureMessages":[],"fullName":"should assign data-analytics when analyticsString has a value","location":null,"status":"passed","title":"should assign data-analytics when analyticsString has a value"},{"ancestorTitles":[],"failureMessages":[],"fullName":"should assign data-id when idString has a value","location":null,"status":"passed","title":"should assign data-id when idString has a value"},{"ancestorTitles":[],"failureMessages":[],"fullName":"should toggle the input type between \"text\" and \"password\" on click of the checkbox","location":null,"status":"passed","title":"should toggle the input type between \"text\" and \"password\" on click of the checkbox"}],"endTime":1572128907134,"message":"","name":"/Users/afebbraro/websites/spark-design-system/react/src/base/inputs/SprkRevealInput/SprkRevealInput.test.js","startTime":1572128906552,"status":"passed","summary":""},{"assertionResults":[{"ancestorTitles":["SprkAward Component"],"failureMessages":[],"fullName":"SprkAward Component should display a SprkAward with the correct base class","location":null,"status":"passed","title":"should display a SprkAward with the correct base class"},{"ancestorTitles":["SprkAward Component"],"failureMessages":[],"fullName":"SprkAward Component should display the award component with the images section","location":null,"status":"passed","title":"should display the award component with the images section"},{"ancestorTitles":["SprkAward Component"],"failureMessages":[],"fullName":"SprkAward Component should add the correct split class","location":null,"status":"passed","title":"should add the correct split class"},{"ancestorTitles":["SprkAward Component"],"failureMessages":[],"fullName":"SprkAward Component should add the correct item spacing class","location":null,"status":"passed","title":"should add the correct item spacing class"}],"endTime":1572128907157,"message":"","name":"/Users/afebbraro/websites/spark-design-system/react/src/components/awards/SprkAward.test.js","startTime":1572128906556,"status":"passed","summary":""},{"assertionResults":[{"ancestorTitles":[],"failureMessages":[],"fullName":"should display a stepperitem element with the correct base class","location":null,"status":"passed","title":"should display a stepperitem element with the correct base class"},{"ancestorTitles":[],"failureMessages":[],"fullName":"should correctly apply the title property","location":null,"status":"passed","title":"should correctly apply the title property"},{"ancestorTitles":[],"failureMessages":[],"fullName":"should correctly apply additional classes","location":null,"status":"passed","title":"should correctly apply additional classes"},{"ancestorTitles":[],"failureMessages":[],"fullName":"should correctly apply idString","location":null,"status":"passed","title":"should correctly apply idString"},{"ancestorTitles":[],"failureMessages":[],"fullName":"should correctly apply analyticsString","location":null,"status":"passed","title":"should correctly apply analyticsString"},{"ancestorTitles":[],"failureMessages":[],"fullName":"should have the correct structure for hasDescription","location":null,"status":"passed","title":"should have the correct structure for hasDescription"},{"ancestorTitles":[],"failureMessages":[],"fullName":"should correctly hide selected description (covered by slider)","location":null,"status":"passed","title":"should correctly hide selected description (covered by slider)"}],"endTime":1572128907543,"message":"","name":"/Users/afebbraro/websites/spark-design-system/react/src/components/stepper/components/SprkStepperStep/SprkStepperStep.test.js","startTime":1572128907020,"status":"passed","summary":""},{"assertionResults":[{"ancestorTitles":[],"failureMessages":[],"fullName":"should display a Card div with the correct base classes","location":null,"status":"passed","title":"should display a Card div with the correct base classes"},{"ancestorTitles":[],"failureMessages":[],"fullName":"should display children inside of Card","location":null,"status":"passed","title":"should display children inside of Card"},{"ancestorTitles":[],"failureMessages":[],"fullName":"should display a Card div with the correct standout classes","location":null,"status":"passed","title":"should display a Card div with the correct standout classes"},{"ancestorTitles":[],"failureMessages":[],"fullName":"should load teaser if there is teaserConfig","location":null,"status":"passed","title":"should load teaser if there is teaserConfig"},{"ancestorTitles":[],"failureMessages":[],"fullName":"should load highlighted header if there is highlightedHeaderConfig","location":null,"status":"passed","title":"should load highlighted header if there is highlightedHeaderConfig"}],"endTime":1572128907608,"message":"","name":"/Users/afebbraro/websites/spark-design-system/react/src/components/card/SprkCard.test.js","startTime":1572128907115,"status":"passed","summary":""},{"assertionResults":[{"ancestorTitles":[],"failureMessages":[],"fullName":"should load the module","location":null,"status":"passed","title":"should load the module"},{"ancestorTitles":[],"failureMessages":[],"fullName":"should not render an invisible component","location":null,"status":"passed","title":"should not render an invisible component"},{"ancestorTitles":[],"failureMessages":[],"fullName":"should have 3 buttons in the Choice variant","location":null,"status":"passed","title":"should have 3 buttons in the Choice variant"},{"ancestorTitles":[],"failureMessages":[],"fullName":"should have 1 button in the Info variant","location":null,"status":"passed","title":"should have 1 button in the Info variant"},{"ancestorTitles":[],"failureMessages":[],"fullName":"should have 0 buttons in the Wait variant","location":null,"status":"passed","title":"should have 0 buttons in the Wait variant"},{"ancestorTitles":[],"failureMessages":[],"fullName":"should correctly apply the title property","location":null,"status":"passed","title":"should correctly apply the title property"},{"ancestorTitles":[],"failureMessages":[],"fullName":"should correctly apply additional classes","location":null,"status":"passed","title":"should correctly apply additional classes"}],"endTime":1572128907624,"message":"","name":"/Users/afebbraro/websites/spark-design-system/react/src/components/modals/SprkModal.test.js","startTime":1572128907103,"status":"passed","summary":""},{"assertionResults":[{"ancestorTitles":[],"failureMessages":[],"fullName":"should display one element with the correct additional classes","location":null,"status":"passed","title":"should display one element with the correct additional classes"},{"ancestorTitles":[],"failureMessages":[],"fullName":"should default to open if defaultOpen is true","location":null,"status":"passed","title":"should default to open if defaultOpen is true"},{"ancestorTitles":[],"failureMessages":[],"fullName":"should toggle open on click","location":null,"status":"passed","title":"should toggle open on click"},{"ancestorTitles":[],"failureMessages":[],"fullName":"should add a class to icon when opened","location":null,"status":"passed","title":"should add a class to icon when opened"},{"ancestorTitles":[],"failureMessages":[],"fullName":"should add aria-expanded=\"true\" when the toggle is open","location":null,"status":"passed","title":"should add aria-expanded=\"true\" when the toggle is open"}],"endTime":1572128907640,"message":"","name":"/Users/afebbraro/websites/spark-design-system/react/src/components/toggle/SprkToggle.test.js","startTime":1572128907131,"status":"passed","summary":""},{"assertionResults":[{"ancestorTitles":[],"failureMessages":[],"fullName":"should render a trigger with the correct classes","location":null,"status":"passed","title":"should render a trigger with the correct classes"},{"ancestorTitles":[],"failureMessages":[],"fullName":"should add classes when additionalClasses has a value","location":null,"status":"passed","title":"should add classes when additionalClasses has a value"},{"ancestorTitles":[],"failureMessages":[],"fullName":"should assign data-analytics when analyticsString has a value","location":null,"status":"passed","title":"should assign data-analytics when analyticsString has a value"},{"ancestorTitles":[],"failureMessages":[],"fullName":"should assign data-id when idString has a value","location":null,"status":"passed","title":"should assign data-id when idString has a value"},{"ancestorTitles":[],"failureMessages":[],"fullName":"should render the correct number of links","location":null,"status":"passed","title":"should render the correct number of links"}],"endTime":1572128907678,"message":"","name":"/Users/afebbraro/websites/spark-design-system/react/src/components/masthead/components/SprkMastheadAccordion/SprkMastheadAccordion.test.js","startTime":1572128907178,"status":"passed","summary":""},{"assertionResults":[{"ancestorTitles":[],"failureMessages":[],"fullName":"should display a div element with the correct base class","location":null,"status":"passed","title":"should display a div element with the correct base class"},{"ancestorTitles":[],"failureMessages":[],"fullName":"should display a div element with correct classes when variant is info","location":null,"status":"passed","title":"should display a div element with correct classes when variant is info"},{"ancestorTitles":[],"failureMessages":[],"fullName":"should display a div element with correct classes when variant is success","location":null,"status":"passed","title":"should display a div element with correct classes when variant is success"},{"ancestorTitles":[],"failureMessages":[],"fullName":"should display a div element with correct classes when variant is fail","location":null,"status":"passed","title":"should display a div element with correct classes when variant is fail"},{"ancestorTitles":[],"failureMessages":[],"fullName":"should hide the dismiss button when isDismissible is set to false","location":null,"status":"passed","title":"should hide the dismiss button when isDismissible is set to false"},{"ancestorTitles":[],"failureMessages":[],"fullName":"should run onDismiss when the dismiss button is clicked","location":null,"status":"passed","title":"should run onDismiss when the dismiss button is clicked"},{"ancestorTitles":[],"failureMessages":[],"fullName":"should not run onDismiss when the dismiss button is clicked and onDismiss is empty","location":null,"status":"passed","title":"should not run onDismiss when the dismiss button is clicked and onDismiss is empty"},{"ancestorTitles":[],"failureMessages":[],"fullName":"should not render the alert is isVisible is false","location":null,"status":"passed","title":"should not render the alert is isVisible is false"},{"ancestorTitles":[],"failureMessages":[],"fullName":"should display custom success icon when iconNameSuccess has value","location":null,"status":"passed","title":"should display custom success icon when iconNameSuccess has value"},{"ancestorTitles":[],"failureMessages":[],"fullName":"should display custom dismiss icon when iconNameDismiss has value","location":null,"status":"passed","title":"should display custom dismiss icon when iconNameDismiss has value"},{"ancestorTitles":[],"failureMessages":[],"fullName":"should display custom alert icon when iconNameInfo has value","location":null,"status":"passed","title":"should display custom alert icon when iconNameInfo has value"},{"ancestorTitles":[],"failureMessages":[],"fullName":"should display custom alert icon when iconNameFail has value","location":null,"status":"passed","title":"should display custom alert icon when iconNameFail has value"}],"endTime":1572128907710,"message":"","name":"/Users/afebbraro/websites/spark-design-system/react/src/components/alerts/SprkAlert.test.js","startTime":1572128907150,"status":"passed","summary":""},{"assertionResults":[{"ancestorTitles":[],"failureMessages":[],"fullName":"should display a div element with the correct base class","location":null,"status":"passed","title":"should display a div element with the correct base class"},{"ancestorTitles":[],"failureMessages":[],"fullName":"should add classes if additionalClasses has a value","location":null,"status":"passed","title":"should add classes if addition
[...]
 the spinner","location":null,"status":"passed","title":"if loading is set, should render the spinner"},{"ancestorTitles":[],"failureMessages":[],"fullName":"should add role=button if an anchor is rendered","location":null,"status":"passed","title":"should add role=button if an anchor is rendered"},{"ancestorTitles":[],"failureMessages":[],"fullName":"should add data-id if idString is supplied","location":null,"status":"passed","title":"should add data-id if idString is supplied"},{"ancestorTitles":[],"failureMessages":[],"fullName":"should add data-analytics if analyticsString is supplied","location":null,"status":"passed","title":"should add data-analytics if analyticsString is supplied"},{"ancestorTitles":[],"failureMessages":[],"fullName":"should apply any unknown props as attributes on the element","location":null,"status":"passed","title":"should apply any unknown props as attributes on the element"},{"ancestorTitles":[],"failureMessages":[],"fullName":"should render an anchor tag if an href is provided and no element is","location":null,"status":"passed","title":"should render an anchor tag if an href is provided and no element is"},{"ancestorTitles":[],"failureMessages":[],"fullName":"should not render an href if one is provided and element is set to \"button\"","location":null,"status":"passed","title":"should not render an href if one is provided and element is set to \"button\""}],"endTime":1572128908241,"message":"","name":"/Users/afebbraro/websites/spark-design-system/react/src/components/buttons/SprkButton.test.js","startTime":1572128907692,"status":"passed","summary":""},{"assertionResults":[{"ancestorTitles":[],"failureMessages":[],"fullName":"shouldnt render anything by default","location":null,"status":"passed","title":"shouldnt render anything by default"},{"ancestorTitles":[],"failureMessages":[],"fullName":"should render the nav if isOpen is true","location":null,"status":"passed","title":"should render the nav if isOpen is true"},{"ancestorTitles":[],"failureMessages":[],"fullName":"should render the selector if selector (and items) are defined","location":null,"status":"passed","title":"should render the selector if selector (and items) are defined"}],"endTime":1572128908358,"message":"","name":"/Users/afebbraro/websites/spark-design-system/react/src/components/masthead/components/SprkMastheadNarrowNav/SprkMastheadNarrowNav.test.js","startTime":1572128907808,"status":"passed","summary":""},{"assertionResults":[{"ancestorTitles":[],"failureMessages":[],"fullName":"should display a div element with the correct base class","location":null,"status":"passed","title":"should display a div element with the correct base class"},{"ancestorTitles":[],"failureMessages":[],"fullName":"should not render an image if imgSrc is not provided","location":null,"status":"passed","title":"should not render an image if imgSrc is not provided"},{"ancestorTitles":[],"failureMessages":[],"fullName":"should render an image if an imgSrc is provided","location":null,"status":"passed","title":"should render an image if an imgSrc is provided"},{"ancestorTitles":[],"failureMessages":[],"fullName":"should render a header when provided","location":null,"status":"passed","title":"should render a header when provided"},{"ancestorTitles":[],"failureMessages":[],"fullName":"should render both ctas when provided text for both","location":null,"status":"passed","title":"should render both ctas when provided text for both"},{"ancestorTitles":[],"failureMessages":[],"fullName":"should error if imgSrc is provided without imgAlt","location":null,"status":"passed","title":"should error if imgSrc is provided without imgAlt"},{"ancestorTitles":[],"failureMessages":[],"fullName":"should error if imgAlt is provided without imgSrc","location":null,"status":"passed","title":"should error if imgAlt is provided without imgSrc"}],"endTime":1572128908563,"message":"","name":"/Users/afebbraro/websites/spark-design-system/react/src/components/highlight-board/SprkHighlightBoard.test.js","startTime":1572128908149,"status":"passed","summary":""},{"assertionResults":[{"ancestorTitles":[],"failureMessages":[],"fullName":"should render base class","location":null,"status":"passed","title":"should render base class"},{"ancestorTitles":[],"failureMessages":[],"fullName":"should render as narrow","location":null,"status":"passed","title":"should render as narrow"},{"ancestorTitles":[],"failureMessages":[],"fullName":"should render with icon right class","location":null,"status":"passed","title":"should render with icon right class"}],"endTime":1572128908622,"message":"","name":"/Users/afebbraro/websites/spark-design-system/react/src/base/inputs/components/SprkInputIconCheck/SprkInputIconCheck.test.js","startTime":1572128908193,"status":"passed","summary":""},{"assertionResults":[{"ancestorTitles":["SprkFooterConnectIcons Component"],"failureMessages":[],"fullName":"SprkFooterConnectIcons Component should display the connect icons","location":null,"status":"passed","title":"should display the connect icons"},{"ancestorTitles":["SprkFooterConnectIcons Component"],"failureMessages":[],"fullName":"SprkFooterConnectIcons Component should render the href as nogo if not defined","location":null,"status":"passed","title":"should render the href as nogo if not defined"},{"ancestorTitles":["SprkFooterConnectIcons Component"],"failureMessages":[],"fullName":"SprkFooterConnectIcons Component should not render the href if element is not an a","location":null,"status":"passed","title":"should not render the href if element is not an a"}],"endTime":1572128908653,"message":"","name":"/Users/afebbraro/websites/spark-design-system/react/src/components/footer/components/SprkFooterConnectIcons/SprkFooterConnectIcons.test.js","startTime":1572128908201,"status":"passed","summary":""},{"assertionResults":[{"ancestorTitles":[],"failureMessages":[],"fullName":"should load the component","location":null,"status":"passed","title":"should load the component"}],"endTime":1572128908657,"message":"","name":"/Users/afebbraro/websites/spark-design-system/react/src/components/modals/Mask.test.js","startTime":1572128908256,"status":"passed","summary":""},{"assertionResults":[{"ancestorTitles":["SprkTabs Component"],"failureMessages":[],"fullName":"SprkTabs Component should display a Tab Panel element with the correct base class","location":null,"status":"passed","title":"should display a Tab Panel element with the correct base class"},{"ancestorTitles":["SprkTabs Component"],"failureMessages":[],"fullName":"SprkTabs Component should add classes when tabPanelAddClasses has a value","location":null,"status":"passed","title":"should add classes when tabPanelAddClasses has a value"},{"ancestorTitles":["SprkTabs Component"],"failureMessages":[],"fullName":"SprkTabs Component should focus the corresponding Tab Panel when the tab key is pressed","location":null,"status":"passed","title":"should focus the corresponding Tab Panel when the tab key is pressed"}],"endTime":1572128908684,"message":"","name":"/Users/afebbraro/websites/spark-design-system/react/src/components/tabs/components/SprkTabsPanel/SprkTabsPanel.test.js","startTime":1572128908199,"status":"passed","summary":""},{"assertionResults":[{"ancestorTitles":[],"failureMessages":[],"fullName":"should display a link element with the correct base class if the variant is not unstyled","location":null,"status":"passed","title":"should display a link element with the correct base class if the variant is not unstyled"},{"ancestorTitles":[],"failureMessages":[],"fullName":"should display a link element without the sprk-b-Link class if the variant is unstyled","location":null,"status":"passed","title":"should display a link element without the sprk-b-Link class if the variant is unstyled"},{"ancestorTitles":[],"failureMessages":[],"fullName":"should display a link element with correct classes when variant is simple","location":null,"status":"passed","title":"should display a link element with correct classes when variant is simple"},{"ancestorTitles":[],"failureMessages":[],"fullName":"should display a link element with correct classes when variant is has-icon","location":null,"status":"passed","title":"should display a link element with correct classes when variant is has-icon"},{"ancestorTitles":[],"failureMessages":[],"fullName":"should display a link element with correct classes when variant is plain","location":null,"status":"passed","title":"should display a link element with correct classes when variant is plain"},{"ancestorTitles":[],"failureMessages":[],"fullName":"should display a link element with correct classes when variant is disabled","location":null,"status":"passed","title":"should display a link element with correct classes when variant is disabled"},{"ancestorTitles":[],"failureMessages":[],"fullName":"href should equal # if not provided","location":null,"status":"passed","title":"href should equal # if not provided"},{"ancestorTitles":[],"failureMessages":[],"fullName":"should prevent default when no href is provided","location":null,"status":"passed","title":"should prevent default when no href is provided"},{"ancestorTitles":[],"failureMessages":[],"fullName":"should not render an href if none is provided and element passed is a router link","location":null,"status":"passed","title":"should not render an href if none is provided and element passed is a router link"}],"endTime":1572128908686,"message":"","name":"/Users/afebbraro/websites/spark-design-system/react/src/base/links/SprkLink.test.js","startTime":1572128908251,"status":"passed","summary":""},{"assertionResults":[{"ancestorTitles":[],"failureMessages":[],"fullName":"should render an element with the correct class","location":null,"status":"passed","title":"should render an element with the correct class"},{"ancestorTitles":[],"failureMessages":[],"fullName":"should add classes when additionalClasses has a value","location":null,"status":"passed","title":"should add classes when additionalClasses has a value"},{"ancestorTitles":[],"failureMessages":[],"fullName":"should assign data-analytics when analyticsString has a value","location":null,"status":"passed","title":"should assign data-analytics when analyticsString has a value"},{"ancestorTitles":[],"failureMessages":[],"fullName":"should assign data-id when idString has a value","location":null,"status":"passed","title":"should assign data-id when idString has a value"}],"endTime":1572128908878,"message":"","name":"/Users/afebbraro/websites/spark-design-system/react/src/base/inputs/SprkErrorContainer/SprkErrorContainer.test.js","startTime":1572128908370,"status":"passed","summary":""},{"assertionResults":[{"ancestorTitles":[],"failureMessages":[],"fullName":"should display an svg element with the correct base class","location":null,"status":"passed","title":"should display an svg element with the correct base class"},{"ancestorTitles":[],"failureMessages":[],"fullName":"should add classes when additionalClasses has a value","location":null,"status":"passed","title":"should add classes when additionalClasses has a value"},{"ancestorTitles":[],"failureMessages":[],"fullName":"should set data-id when idString has a value","location":null,"status":"passed","title":"should set data-id when idString has a value"},{"ancestorTitles":[],"failureMessages":[],"fullName":"should override viewBox when viewBox has a value","location":null,"status":"passed","title":"should override viewBox when viewBox has a value"}],"endTime":1572128908990,"message":"","name":"/Users/afebbraro/websites/spark-design-system/react/src/components/icons/SprkIcon.test.js","startTime":1572128908575,"status":"passed","summary":""},{"assertionResults":[{"ancestorTitles":[],"failureMessages":[],"fullName":"should display a div with the correct base class","location":null,"status":"passed","title":"should display a div with the correct base class"},{"ancestorTitles":[],"failureMessages":[],"fullName":"should display the correct class if the size prop is set to large","location":null,"status":"passed","title":"should display the correct class if the size prop is set to large"},{"ancestorTitles":[],"failureMessages":[],"fullName":"should display the correct class if the lightness prop is set to dark","location":null,"status":"passed","title":"should display the correct class if the lightness prop is set to dark"},{"ancestorTitles":[],"failureMessages":[],"fullName":"should apply any unknown props as attributes on the element","location":null,"status":"passed","title":"should apply any unknown props as attributes on the element"}],"endTime":1572128909016,"message":"","name":"/Users/afebbraro/websites/spark-design-system/react/src/components/spinners/SprkSpinner.test.js","startTime":1572128908637,"status":"passed","summary":""},{"assertionResults":[{"ancestorTitles":[],"failureMessages":[],"fullName":"should load the component","location":null,"status":"passed","title":"should load the component"}],"endTime":1572128909042,"message":"","name":"/Users/afebbraro/websites/spark-design-system/react/src/components/modals/ModalFooter.test.js","startTime":1572128908669,"status":"passed","summary":""},{"assertionResults":[{"ancestorTitles":[],"failureMessages":[],"fullName":"should display a div element with the correct base class","location":null,"status":"passed","title":"should display a div element with the correct base class"}],"endTime":1572128909045,"message":"","name":"/Users/afebbraro/websites/spark-design-system/react/src/objects/stack/components/SprkStackItem/SprkStackItem.test.js","startTime":1572128908671,"status":"passed","summary":""},{"assertionResults":[{"ancestorTitles":[],"failureMessages":[],"fullName":"should display a li element","location":null,"status":"passed","title":"should display a li element"},{"ancestorTitles":[],"failureMessages":[],"fullName":"should add classes to li element if additionalClasses has a value","location":null,"status":"passed","title":"should add classes to li element if additionalClasses has a value"},{"ancestorTitles":[],"failureMessages":[],"fullName":"should add data-id to li element if idString has a value","location":null,"status":"passed","title":"should add data-id to li element if idString has a value"}],"endTime":1572128909070,"message":"","name":"/Users/afebbraro/websites/spark-design-system/react/src/base/lists/SprkListItem.test.js","startTime":1572128908701,"status":"passed","summary":""},{"assertionResults":[{"ancestorTitles":[],"failureMessages":[],"fullName":"should display a ol element with the correct base class","location":null,"status":"passed","title":"should display a ol element with the correct base class"},{"ancestorTitles":[],"failureMessages":[],"fullName":"should display a ul element with the correct base class","location":null,"status":"passed","title":"should display a ul element with the correct base class"},{"ancestorTitles":[],"failureMessages":[],"fullName":"should render ol with correct classes when variant is indented","location":null,"status":"passed","title":"should render ol with correct classes when variant is indented"},{"ancestorTitles":[],"failureMessages":[],"fullName":"should render ul with correct classes when variant is indented","location":null,"status":"passed","title":"should render ul with correct classes when variant is indented"},{"ancestorTitles":[],"failureMessages":[],"fullName":"should add classes to ol element if additionalClasses has a value","location":null,"status":"passed","title":"should add classes to ol element if additionalClasses has a value"},{"ancestorTitles":[],"failureMessages":[],"fullName":"should add classes to ul element if additionalClasses has a value","location":null,"status":"passed","title":"should add classes to ul element if additionalClasses has a value"},{"ancestorTitles":[],"failureMessages":[],"fullName":"should add data-id to ol element if idString has a value","location":null,"status":"passed","title":"should add data-id to ol element if idString has a value"},{"ancestorTitles":[],"failureMessages":[],"fullName":"should add data-id to ul element if idString has a value","location":null,"status":"passed","title":"should add data-id to ul element if idString has a value"}],"endTime":1572128909116,"message":"","name":"/Users/afebbraro/websites/spark-design-system/react/src/base/lists/SprkList.test.js","startTime":1572128908700,"status":"passed","summary":""},{"assertionResults":[{"ancestorTitles":[],"failureMessages":[],"fullName":"should display a div with the correct base class","location":null,"status":"passed","title":"should display a div with the correct base class"},{"ancestorTitles":[],"failureMessages":[],"fullName":"should display a striped dictionary with correct classes when variant is striped","location":null,"status":"passed","title":"should display a striped dictionary with correct classes when variant is striped"}],"endTime":1572128909277,"message":"","name":"/Users/afebbraro/websites/spark-design-system/react/src/components/dictionary/SprkDictionary.test.js","startTime":1572128908890,"status":"passed","summary":""},{"assertionResults":[{"ancestorTitles":[],"failureMessages":[],"fullName":"should display an svg element with the correct base class","location":null,"status":"passed","title":"should display an svg element with the correct base class"}],"endTime":1572128909350,"message":"","name":"/Users/afebbraro/websites/spark-design-system/react/src/components/masthead/components/SprkMastheadMenuIcon/SprkMastheadMenuIcon.test.js","startTime":1572128909055,"status":"passed","summary":""},{"assertionResults":[{"ancestorTitles":[],"failureMessages":[],"fullName":"should render span with correct base class when element is span","location":null,"status":"passed","title":"should render span with correct base class when element is span"},{"ancestorTitles":[],"failureMessages":[],"fullName":"should render hr with correct base class when element is hr","location":null,"status":"passed","title":"should render hr with correct base class when element is hr"}],"endTime":1572128909353,"message":"","name":"/Users/afebbraro/websites/spark-design-system/react/src/components/dividers/SprkDivider.test.js","startTime":1572128909016,"status":"passed","summary":""},{"assertionResults":[{"ancestorTitles":[],"failureMessages":[],"fullName":"should display a slider element with the correct base class","location":null,"status":"passed","title":"should display a slider element with the correct base class"}],"endTime":1572128909358,"message":"","name":"/Users/afebbraro/websites/spark-design-system/react/src/components/stepper/components/SprkStepperSlider/SprkStepperSlider.test.js","startTime":1572128909058,"status":"passed","summary":""},{"assertionResults":[{"ancestorTitles":[],"failureMessages":[],"fullName":"should load the component","location":null,"status":"passed","title":"should load the component"}],"endTime":1572128909360,"message":"","name":"/Users/afebbraro/websites/spark-design-system/react/src/components/modals/CloseButton.test.js","startTime":1572128909029,"status":"passed","summary":""},{"assertionResults":[{"ancestorTitles":[],"failureMessages":[],"fullName":"should display highlighted header's body text","location":null,"status":"passed","title":"should display highlighted header's body text"},{"ancestorTitles":[],"failureMessages":[],"fullName":"should display highlighted header's title","location":null,"status":"passed","title":"should display highlighted header's title"},{"ancestorTitles":[],"failureMessages":[],"fullName":"should display highlighted header's description","location":null,"status":"passed","title":"should display highlighted header's description"}],"endTime":1572128909372,"message":"","name":"/Users/afebbraro/websites/spark-design-system/react/src/components/card/components/SprkCardHighlightedHeader/SprkCardHighlightedHeader.test.js","startTime":1572128909090,"status":"passed","summary":""}],"wasInterrupted":false}